#
# There is insufficient memory for the Java Runtime Environment to continue.
# Native memory allocation (malloc) failed to allocate 1478944 bytes. Error detail: Chunk::new
# Possible reasons:
#   The system is out of physical RAM or swap space
#   This process is running with CompressedOops enabled, and the Java Heap may be blocking the growth of the native heap
# Possible solutions:
#   Reduce memory load on the system
#   Increase physical memory or swap space
#   Check if swap backing store is full
#   Decrease Java heap size (-Xmx/-Xms)
#   Decrease number of Java threads
#   Decrease Java thread stack sizes (-Xss)
#   Set larger code cache with -XX:ReservedCodeCacheSize=
#   JVM is running with Unscaled Compressed Oops mode in which the Java heap is
#     placed in the first 4GB address space. The Java Heap base address is the
#     maximum limit for the native heap growth. Please use -XX:HeapBaseMinAddress
#     to set the Java Heap base and to place the Java Heap above 4GB virtual address.
# This output file may be truncated or incomplete.
#
#  Out of Memory Error (arena.cpp:168), pid=26380, tid=2484
#
# JRE version: OpenJDK Runtime Environment (21.0.4) (build 21.0.4+-12508038-b607.1)
# Java VM: OpenJDK 64-Bit Server VM (21.0.4+-12508038-b607.1, mixed mode, tiered, compressed oops, compressed class ptrs, g1 gc, windows-amd64)
# No core dump will be written. Minidumps are not enabled by default on client versions of Windows
#

---------------  S U M M A R Y ------------

Command Line: --add-opens=java.base/java.util=ALL-UNNAMED --add-opens=java.base/java.lang=ALL-UNNAMED --add-opens=java.base/java.lang.invoke=ALL-UNNAMED --add-opens=java.prefs/java.util.prefs=ALL-UNNAMED --add-exports=jdk.compiler/com.sun.tools.javac.api=ALL-UNNAMED --add-exports=jdk.compiler/com.sun.tools.javac.util=ALL-UNNAMED --add-opens=java.base/java.nio.charset=ALL-UNNAMED --add-opens=java.base/java.net=ALL-UNNAMED --add-opens=java.base/java.util.concurrent.atomic=ALL-UNNAMED -Xmx2048m -Dfile.encoding=UTF-8 -Duser.country=BR -Duser.language=pt -Duser.variant -javaagent:C:\Users\rosae\.gradle\wrapper\dists\gradle-8.10.2-bin\a04bxjujx95o3nb99gddekhwo\gradle-8.10.2\lib\agents\gradle-instrumentation-agent-8.10.2.jar org.gradle.launcher.daemon.bootstrap.GradleDaemon 8.10.2

Host: 13th Gen Intel(R) Core(TM) i5-13450HX, 16 cores, 15G,  Windows 11 , 64 bit Build 26100 (10.0.26100.3624)
Time: Mon Apr  7 11:55:22 2025 Hora oficial do Brasil elapsed time: 6.480673 seconds (0d 0h 0m 6s)

---------------  T H R E A D  ---------------

Current thread (0x000001b27af74490):  JavaThread "C2 CompilerThread3" daemon [_thread_in_native, id=2484, stack(0x0000000890000000,0x0000000890100000) (1024K)]


Current CompileTask:
C2:   6480 6995   !   4       java.net.URLClassLoader$1::run (81 bytes)

Stack: [0x0000000890000000,0x0000000890100000]
Native frames: (J=compiled Java code, j=interpreted, Vv=VM code, C=native code)
V  [jvm.dll+0x6ce539]
V  [jvm.dll+0x85bf03]
V  [jvm.dll+0x85e45e]
V  [jvm.dll+0x85eb43]
V  [jvm.dll+0x27dd06]
V  [jvm.dll+0xbf9cd]
V  [jvm.dll+0xbff03]
V  [jvm.dll+0x3b4deb]
V  [jvm.dll+0x380f07]
V  [jvm.dll+0x38037a]
V  [jvm.dll+0x2473f2]
V  [jvm.dll+0x2469c1]
V  [jvm.dll+0x1c58a4]
V  [jvm.dll+0x255fec]
V  [jvm.dll+0x254536]
V  [jvm.dll+0x3efab6]
V  [jvm.dll+0x804418]
V  [jvm.dll+0x6cce0d]
C  [ucrtbase.dll+0x37b0]
C  [KERNEL32.DLL+0x2e8d7]
C  [ntdll.dll+0xb14fc]


---------------  P R O C E S S  ---------------

Threads class SMR info:
_java_thread_list=0x000001b27c532b30, length=76, elements={
0x000001b25b828e40, 0x000001b2742f68d0, 0x000001b2742f9340, 0x000001b27431bd60,
0x000001b27431c7c0, 0x000001b27431d220, 0x000001b27431dc80, 0x000001b2743125b0,
0x000001b274313180, 0x000001b274412c60, 0x000001b2745cdf80, 0x000001b27a884c60,
0x000001b27a7a87c0, 0x000001b27a8d7f70, 0x000001b27a445e00, 0x000001b27a447090,
0x000001b27a858d90, 0x000001b27a859ab0, 0x000001b27a859420, 0x000001b27a858700,
0x000001b27a821450, 0x000001b27a81fa10, 0x000001b27a81f380, 0x000001b27a823520,
0x000001b27a822e90, 0x000001b27a8200a0, 0x000001b27a823bb0, 0x000001b27a821ae0,
0x000001b2790bb8a0, 0x000001b27d44caf0, 0x000001b27a820730, 0x000001b27a824240,
0x000001b27a820dc0, 0x000001b27a8248d0, 0x000001b27a824f60, 0x000001b27a8255f0,
0x000001b27a822170, 0x000001b27a825c80, 0x000001b27a826310, 0x000001b27a8269a0,
0x000001b27e3d0b60, 0x000001b27e3d11f0, 0x000001b27e3d1880, 0x000001b27e3d1f10,
0x000001b27e3cea90, 0x000001b27e3d25a0, 0x000001b27bdbe4e0, 0x000001b27e3d8a80,
0x000001b279ece7f0, 0x000001b27af74490, 0x000001b27a44d460, 0x000001b27e3cf120,
0x000001b27e3cf7b0, 0x000001b27e3d2c30, 0x000001b27e3d04d0, 0x000001b27e3d5390,
0x000001b27e3d60b0, 0x000001b2745225d0, 0x000001b2745232f0, 0x000001b274523980,
0x000001b274520b90, 0x000001b274524010, 0x000001b274521220, 0x000001b274521f40,
0x000001b2745218b0, 0x000001b274522c60, 0x000001b27c520840, 0x000001b27c5201b0,
0x000001b27c51ee00, 0x000001b27c51f490, 0x000001b27c51d3c0, 0x000001b27c51fb20,
0x000001b27c520ed0, 0x000001b27c51da50, 0x000001b27c521560, 0x000001b27c51e0e0
}

Java Threads: ( => current thread )
  0x000001b25b828e40 JavaThread "main"                              [_thread_blocked, id=24244, stack(0x000000088ba00000,0x000000088bb00000) (1024K)]
  0x000001b2742f68d0 JavaThread "Reference Handler"          daemon [_thread_blocked, id=17840, stack(0x000000088c200000,0x000000088c300000) (1024K)]
  0x000001b2742f9340 JavaThread "Finalizer"                  daemon [_thread_blocked, id=27820, stack(0x000000088c300000,0x000000088c400000) (1024K)]
  0x000001b27431bd60 JavaThread "Signal Dispatcher"          daemon [_thread_blocked, id=27076, stack(0x000000088c400000,0x000000088c500000) (1024K)]
  0x000001b27431c7c0 JavaThread "Attach Listener"            daemon [_thread_blocked, id=22384, stack(0x000000088c500000,0x000000088c600000) (1024K)]
  0x000001b27431d220 JavaThread "Service Thread"             daemon [_thread_blocked, id=28140, stack(0x000000088c600000,0x000000088c700000) (1024K)]
  0x000001b27431dc80 JavaThread "Monitor Deflation Thread"   daemon [_thread_blocked, id=21584, stack(0x000000088c700000,0x000000088c800000) (1024K)]
  0x000001b2743125b0 JavaThread "C2 CompilerThread0"         daemon [_thread_in_native, id=8336, stack(0x000000088c800000,0x000000088c900000) (1024K)]
  0x000001b274313180 JavaThread "C1 CompilerThread0"         daemon [_thread_blocked, id=7996, stack(0x000000088c900000,0x000000088ca00000) (1024K)]
  0x000001b274412c60 JavaThread "Common-Cleaner"             daemon [_thread_blocked, id=5944, stack(0x000000088ca00000,0x000000088cb00000) (1024K)]
  0x000001b2745cdf80 JavaThread "Notification Thread"        daemon [_thread_blocked, id=25136, stack(0x000000088ce00000,0x000000088cf00000) (1024K)]
  0x000001b27a884c60 JavaThread "Daemon health stats"               [_thread_blocked, id=12916, stack(0x000000088d800000,0x000000088d900000) (1024K)]
  0x000001b27a7a87c0 JavaThread "Incoming local TCP Connector on port 58198"        [_thread_in_native, id=11780, stack(0x000000088d900000,0x000000088da00000) (1024K)]
  0x000001b27a8d7f70 JavaThread "Daemon periodic checks"            [_thread_blocked, id=28124, stack(0x000000088da00000,0x000000088db00000) (1024K)]
  0x000001b27a445e00 JavaThread "Daemon"                            [_thread_blocked, id=27844, stack(0x000000088db00000,0x000000088dc00000) (1024K)]
  0x000001b27a447090 JavaThread "Handler for socket connection from /127.0.0.1:58198 to /127.0.0.1:58199"        [_thread_in_native, id=25764, stack(0x000000088dc00000,0x000000088dd00000) (1024K)]
  0x000001b27a858d90 JavaThread "Cancel handler"                    [_thread_blocked, id=28256, stack(0x000000088dd00000,0x000000088de00000) (1024K)]
  0x000001b27a859ab0 JavaThread "Daemon worker"                     [_thread_in_vm, id=1652, stack(0x000000088de00000,0x000000088df00000) (1024K)]
  0x000001b27a859420 JavaThread "Asynchronous log dispatcher for DefaultDaemonConnection: socket connection from /127.0.0.1:58198 to /127.0.0.1:58199"        [_thread_blocked, id=26228, stack(0x000000088df00000,0x000000088e000000) (1024K)]
  0x000001b27a858700 JavaThread "Stdin handler"                     [_thread_blocked, id=15004, stack(0x000000088e700000,0x000000088e800000) (1024K)]
  0x000001b27a821450 JavaThread "Daemon client event forwarder"        [_thread_blocked, id=15476, stack(0x000000088e800000,0x000000088e900000) (1024K)]
  0x000001b27a81fa10 JavaThread "Cache worker for journal cache (C:\Users\rosae\.gradle\caches\journal-1)"        [_thread_blocked, id=16364, stack(0x000000088e900000,0x000000088ea00000) (1024K)]
  0x000001b27a81f380 JavaThread "File lock request listener"        [_thread_in_native, id=23484, stack(0x000000088ea00000,0x000000088eb00000) (1024K)]
  0x000001b27a823520 JavaThread "Cache worker for file hash cache (C:\Users\rosae\.gradle\caches\8.10.2\fileHashes)"        [_thread_blocked, id=25748, stack(0x000000088eb00000,0x000000088ec00000) (1024K)]
  0x000001b27a822e90 JavaThread "Cache worker for file hash cache (C:\Users\rosae\OneDrive\Documentos\Sptech\PI\origami_flow_repositorys\origami.flow.app\.gradle\8.10.2\fileHashes)"        [_thread_blocked, id=23460, stack(0x000000088ed00000,0x000000088ee00000) (1024K)]
  0x000001b27a8200a0 JavaThread "Cache worker for Build Output Cleanup Cache (C:\Users\rosae\OneDrive\Documentos\Sptech\PI\origami_flow_repositorys\origami.flow.app\.gradle\buildOutputCleanup)"        [_thread_blocked, id=9196, stack(0x000000088ee00000,0x000000088ef00000) (1024K)]
  0x000001b27a823bb0 JavaThread "File watcher server"        daemon [_thread_in_native, id=17612, stack(0x000000088cb00000,0x000000088cc00000) (1024K)]
  0x000001b27a821ae0 JavaThread "File watcher consumer"      daemon [_thread_blocked, id=25504, stack(0x000000088cc00000,0x000000088cd00000) (1024K)]
  0x000001b2790bb8a0 JavaThread "C1 CompilerThread1"         daemon [_thread_blocked, id=23688, stack(0x000000088cd00000,0x000000088ce00000) (1024K)]
  0x000001b27d44caf0 JavaThread "C2 CompilerThread1"         daemon [_thread_in_native, id=25516, stack(0x000000088cf00000,0x000000088d000000) (1024K)]
  0x000001b27a820730 JavaThread "jar transforms"                    [_thread_blocked, id=20520, stack(0x000000088d000000,0x000000088d100000) (1024K)]
  0x000001b27a824240 JavaThread "jar transforms Thread 2"           [_thread_blocked, id=19980, stack(0x000000088ec00000,0x000000088ed00000) (1024K)]
  0x000001b27a820dc0 JavaThread "jar transforms Thread 3"           [_thread_blocked, id=27220, stack(0x000000088ef00000,0x000000088f000000) (1024K)]
  0x000001b27a8248d0 JavaThread "jar transforms Thread 4"           [_thread_blocked, id=8804, stack(0x000000088f000000,0x000000088f100000) (1024K)]
  0x000001b27a824f60 JavaThread "jar transforms Thread 5"           [_thread_blocked, id=27132, stack(0x000000088f100000,0x000000088f200000) (1024K)]
  0x000001b27a8255f0 JavaThread "jar transforms Thread 6"           [_thread_blocked, id=22604, stack(0x000000088f200000,0x000000088f300000) (1024K)]
  0x000001b27a822170 JavaThread "jar transforms Thread 7"           [_thread_blocked, id=25696, stack(0x000000088f300000,0x000000088f400000) (1024K)]
  0x000001b27a825c80 JavaThread "jar transforms Thread 8"           [_thread_blocked, id=11968, stack(0x000000088f400000,0x000000088f500000) (1024K)]
  0x000001b27a826310 JavaThread "jar transforms Thread 9"           [_thread_blocked, id=21532, stack(0x000000088f500000,0x000000088f600000) (1024K)]
  0x000001b27a8269a0 JavaThread "jar transforms Thread 10"          [_thread_blocked, id=26848, stack(0x000000088f600000,0x000000088f700000) (1024K)]
  0x000001b27e3d0b60 JavaThread "jar transforms Thread 11"          [_thread_blocked, id=24580, stack(0x000000088f700000,0x000000088f800000) (1024K)]
  0x000001b27e3d11f0 JavaThread "jar transforms Thread 12"          [_thread_blocked, id=11524, stack(0x000000088f800000,0x000000088f900000) (1024K)]
  0x000001b27e3d1880 JavaThread "jar transforms Thread 13"          [_thread_blocked, id=24500, stack(0x000000088f900000,0x000000088fa00000) (1024K)]
  0x000001b27e3d1f10 JavaThread "jar transforms Thread 14"          [_thread_blocked, id=11332, stack(0x000000088fa00000,0x000000088fb00000) (1024K)]
  0x000001b27e3cea90 JavaThread "jar transforms Thread 15"          [_thread_blocked, id=5892, stack(0x000000088fb00000,0x000000088fc00000) (1024K)]
  0x000001b27e3d25a0 JavaThread "jar transforms Thread 16"          [_thread_blocked, id=22496, stack(0x000000088fc00000,0x000000088fd00000) (1024K)]
  0x000001b27bdbe4e0 JavaThread "C1 CompilerThread2"         daemon [_thread_blocked, id=12888, stack(0x000000088fd00000,0x000000088fe00000) (1024K)]
  0x000001b27e3d8a80 JavaThread "C1 CompilerThread3"         daemon [_thread_blocked, id=4344, stack(0x000000088fe00000,0x000000088ff00000) (1024K)]
  0x000001b279ece7f0 JavaThread "C2 CompilerThread2"         daemon [_thread_in_native, id=4584, stack(0x000000088ff00000,0x0000000890000000) (1024K)]
=>0x000001b27af74490 JavaThread "C2 CompilerThread3"         daemon [_thread_in_native, id=2484, stack(0x0000000890000000,0x0000000890100000) (1024K)]
  0x000001b27a44d460 JavaThread "C2 CompilerThread4"         daemon [_thread_in_native, id=27448, stack(0x0000000890100000,0x0000000890200000) (1024K)]
  0x000001b27e3cf120 JavaThread "Cache worker for checksums cache (C:\Users\rosae\OneDrive\Documentos\Sptech\PI\origami_flow_repositorys\origami.flow.app\.gradle\8.10.2\checksums)"        [_thread_blocked, id=5236, stack(0x0000000890200000,0x0000000890300000) (1024K)]
  0x000001b27e3cf7b0 JavaThread "Cache worker for file content cache (C:\Users\rosae\.gradle\caches\8.10.2\fileContent)"        [_thread_blocked, id=26860, stack(0x0000000890300000,0x0000000890400000) (1024K)]
  0x000001b27e3d2c30 JavaThread "Cache worker for cache directory md-rule (C:\Users\rosae\.gradle\caches\8.10.2\md-rule)"        [_thread_blocked, id=14172, stack(0x0000000890400000,0x0000000890500000) (1024K)]
  0x000001b27e3d04d0 JavaThread "Cache worker for cache directory md-supplier (C:\Users\rosae\.gradle\caches\8.10.2\md-supplier)"        [_thread_blocked, id=18160, stack(0x0000000890500000,0x0000000890600000) (1024K)]
  0x000001b27e3d5390 JavaThread "Unconstrained build operations"        [_thread_blocked, id=1188, stack(0x0000000890600000,0x0000000890700000) (1024K)]
  0x000001b27e3d60b0 JavaThread "Unconstrained build operations Thread 2"        [_thread_blocked, id=23020, stack(0x0000000890700000,0x0000000890800000) (1024K)]
  0x000001b2745225d0 JavaThread "Unconstrained build operations Thread 3"        [_thread_blocked, id=21720, stack(0x0000000890800000,0x0000000890900000) (1024K)]
  0x000001b2745232f0 JavaThread "Unconstrained build operations Thread 4"        [_thread_blocked, id=8032, stack(0x0000000890900000,0x0000000890a00000) (1024K)]
  0x000001b274523980 JavaThread "Unconstrained build operations Thread 5"        [_thread_blocked, id=6748, stack(0x0000000890a00000,0x0000000890b00000) (1024K)]
  0x000001b274520b90 JavaThread "Unconstrained build operations Thread 6"        [_thread_blocked, id=10288, stack(0x0000000890b00000,0x0000000890c00000) (1024K)]
  0x000001b274524010 JavaThread "Unconstrained build operations Thread 7"        [_thread_blocked, id=24788, stack(0x0000000890c00000,0x0000000890d00000) (1024K)]
  0x000001b274521220 JavaThread "Unconstrained build operations Thread 8"        [_thread_blocked, id=2836, stack(0x0000000890d00000,0x0000000890e00000) (1024K)]
  0x000001b274521f40 JavaThread "Unconstrained build operations Thread 9"        [_thread_blocked, id=21240, stack(0x0000000890e00000,0x0000000890f00000) (1024K)]
  0x000001b2745218b0 JavaThread "Unconstrained build operations Thread 10"        [_thread_blocked, id=19780, stack(0x0000000890f00000,0x0000000891000000) (1024K)]
  0x000001b274522c60 JavaThread "Unconstrained build operations Thread 11"        [_thread_blocked, id=26968, stack(0x0000000891000000,0x0000000891100000) (1024K)]
  0x000001b27c520840 JavaThread "Unconstrained build operations Thread 12"        [_thread_blocked, id=13876, stack(0x0000000891100000,0x0000000891200000) (1024K)]
  0x000001b27c5201b0 JavaThread "Unconstrained build operations Thread 13"        [_thread_blocked, id=15472, stack(0x0000000891200000,0x0000000891300000) (1024K)]
  0x000001b27c51ee00 JavaThread "Unconstrained build operations Thread 14"        [_thread_blocked, id=18536, stack(0x0000000891300000,0x0000000891400000) (1024K)]
  0x000001b27c51f490 JavaThread "Unconstrained build operations Thread 15"        [_thread_blocked, id=27788, stack(0x0000000891400000,0x0000000891500000) (1024K)]
  0x000001b27c51d3c0 JavaThread "Unconstrained build operations Thread 16"        [_thread_blocked, id=27328, stack(0x0000000891500000,0x0000000891600000) (1024K)]
  0x000001b27c51fb20 JavaThread "Unconstrained build operations Thread 17"        [_thread_blocked, id=10028, stack(0x0000000891600000,0x0000000891700000) (1024K)]
  0x000001b27c520ed0 JavaThread "Unconstrained build operations Thread 18"        [_thread_blocked, id=27112, stack(0x0000000891700000,0x0000000891800000) (1024K)]
  0x000001b27c51da50 JavaThread "Unconstrained build operations Thread 19"        [_thread_blocked, id=3804, stack(0x0000000891800000,0x0000000891900000) (1024K)]
  0x000001b27c521560 JavaThread "Unconstrained build operations Thread 20"        [_thread_blocked, id=25132, stack(0x0000000891900000,0x0000000891a00000) (1024K)]
  0x000001b27c51e0e0 JavaThread "Unconstrained build operations Thread 21"        [_thread_blocked, id=17268, stack(0x0000000891a00000,0x0000000891b00000) (1024K)]
Total: 76

Other Threads:
  0x000001b27425b4e0 VMThread "VM Thread"                           [id=7752, stack(0x000000088c100000,0x000000088c200000) (1024K)]
  0x000001b2742519e0 WatcherThread "VM Periodic Task Thread"        [id=1672, stack(0x000000088c000000,0x000000088c100000) (1024K)]
  0x000001b25b884b80 WorkerThread "GC Thread#0"                     [id=22232, stack(0x000000088bb00000,0x000000088bc00000) (1024K)]
  0x000001b27959ac40 WorkerThread "GC Thread#1"                     [id=26308, stack(0x000000088d100000,0x000000088d200000) (1024K)]
  0x000001b2798d0600 WorkerThread "GC Thread#2"                     [id=23424, stack(0x000000088d200000,0x000000088d300000) (1024K)]
  0x000001b2798d09a0 WorkerThread "GC Thread#3"                     [id=6676, stack(0x000000088d300000,0x000000088d400000) (1024K)]
  0x000001b2797940b0 WorkerThread "GC Thread#4"                     [id=22060, stack(0x000000088d400000,0x000000088d500000) (1024K)]
  0x000001b279794450 WorkerThread "GC Thread#5"                     [id=22020, stack(0x000000088d500000,0x000000088d600000) (1024K)]
  0x000001b27b047970 WorkerThread "GC Thread#6"                     [id=9088, stack(0x000000088d600000,0x000000088d700000) (1024K)]
  0x000001b27b047d10 WorkerThread "GC Thread#7"                     [id=23728, stack(0x000000088d700000,0x000000088d800000) (1024K)]
  0x000001b27a86fbf0 WorkerThread "GC Thread#8"                     [id=20660, stack(0x000000088e000000,0x000000088e100000) (1024K)]
  0x000001b27a86e290 WorkerThread "GC Thread#9"                     [id=28412, stack(0x000000088e100000,0x000000088e200000) (1024K)]
  0x000001b27a86e9d0 WorkerThread "GC Thread#10"                    [id=2792, stack(0x000000088e200000,0x000000088e300000) (1024K)]
  0x000001b27a86e630 WorkerThread "GC Thread#11"                    [id=1920, stack(0x000000088e300000,0x000000088e400000) (1024K)]
  0x000001b27a86ed70 WorkerThread "GC Thread#12"                    [id=25256, stack(0x000000088e400000,0x000000088e500000) (1024K)]
  0x000001b25b896930 ConcurrentGCThread "G1 Main Marker"            [id=11716, stack(0x000000088bc00000,0x000000088bd00000) (1024K)]
  0x000001b25b897ae0 WorkerThread "G1 Conc#0"                       [id=8684, stack(0x000000088bd00000,0x000000088be00000) (1024K)]
  0x000001b27a86f110 WorkerThread "G1 Conc#1"                       [id=20504, stack(0x000000088e500000,0x000000088e600000) (1024K)]
  0x000001b27a86f4b0 WorkerThread "G1 Conc#2"                       [id=3104, stack(0x000000088e600000,0x000000088e700000) (1024K)]
  0x000001b2740c6250 ConcurrentGCThread "G1 Refine#0"               [id=22520, stack(0x000000088be00000,0x000000088bf00000) (1024K)]
  0x000001b2740c7b80 ConcurrentGCThread "G1 Service"                [id=13744, stack(0x000000088bf00000,0x000000088c000000) (1024K)]
Total: 21

Threads with active compile tasks:
C2 CompilerThread0     6492 6994   !   4       java.net.URLClassLoader::findClass (47 bytes)
C2 CompilerThread1     6492 7047       4       org.objectweb.asm.ClassReader::readUtf (44 bytes)
C2 CompilerThread2     6492 6993       4       java.net.URLClassLoader$1::run (5 bytes)
C2 CompilerThread3     6492 6995   !   4       java.net.URLClassLoader$1::run (81 bytes)
C2 CompilerThread4     6492 7051       4       org.objectweb.asm.Frame::accept (264 bytes)
Total: 5

VM state: not at safepoint (normal execution)

VM Mutex/Monitor currently owned by a thread:  ([mutex/lock_event])
[0x00007ffc2ee35d78] MethodCompileQueue_lock - owner thread: 0x000001b27d44caf0
[0x00007ffc2ee371f8] CodeCache_lock - owner thread: 0x000001b27d44caf0
[0x00007ffc2ee37278] CompiledMethod_lock - owner thread: 0x0000000000000000

Heap address: 0x0000000080000000, size: 2048 MB, Compressed Oops mode: 32-bit

CDS archive(s) not mapped
Compressed class space mapped at: 0x0000000100000000-0x0000000140000000, reserved size: 1073741824
Narrow klass base: 0x0000000000000000, Narrow klass shift: 3, Narrow klass range: 0x140000000

GC Precious Log:
 CardTable entry size: 512
 Card Set container configuration: InlinePtr #cards 5 size 8 Array Of Cards #cards 12 size 40 Howl #buckets 4 coarsen threshold 1843 Howl Bitmap #cards 512 size 80 coarsen threshold 460 Card regions per heap region 1 cards per card region 2048
 CPUs: 16 total, 16 available
 Memory: 16068M
 Large Page Support: Disabled
 NUMA Support: Disabled
 Compressed Oops: Enabled (32-bit)
 Heap Region Size: 1M
 Heap Min Capacity: 8M
 Heap Initial Capacity: 252M
 Heap Max Capacity: 2G
 Pre-touch: Disabled
 Parallel Workers: 13
 Concurrent Workers: 3
 Concurrent Refinement Workers: 13
 Periodic GC: Disabled

Heap:
 garbage-first heap   total 149504K, used 93225K [0x0000000080000000, 0x0000000100000000)
  region size 1024K, 18 young (18432K), 6 survivors (6144K)
 Metaspace       used 70750K, committed 72576K, reserved 1114112K
  class space    used 9665K, committed 10560K, reserved 1048576K

Heap Regions: E=young(eden), S=young(survivor), O=old, HS=humongous(starts), HC=humongous(continues), CS=collection set, F=free, TAMS=top-at-mark-start, PB=parsable bottom
|   0|0x0000000080000000, 0x0000000080100000, 0x0000000080100000|100%| O|Cm|TAMS 0x0000000080000000| PB 0x0000000080000000| Complete 
|   1|0x0000000080100000, 0x0000000080200000, 0x0000000080200000|100%| O|  |TAMS 0x0000000080100000| PB 0x0000000080100000| Untracked 
|   2|0x0000000080200000, 0x0000000080300000, 0x0000000080300000|100%|HS|  |TAMS 0x0000000080200000| PB 0x0000000080200000| Complete 
|   3|0x0000000080300000, 0x0000000080400000, 0x0000000080400000|100%|HC|  |TAMS 0x0000000080300000| PB 0x0000000080300000| Complete 
|   4|0x0000000080400000, 0x0000000080500000, 0x0000000080500000|100%|HC|  |TAMS 0x0000000080400000| PB 0x0000000080400000| Complete 
|   5|0x0000000080500000, 0x0000000080600000, 0x0000000080600000|100%|HC|  |TAMS 0x0000000080500000| PB 0x0000000080500000| Complete 
|   6|0x0000000080600000, 0x0000000080700000, 0x0000000080700000|100%| O|  |TAMS 0x0000000080600000| PB 0x0000000080600000| Untracked 
|   7|0x0000000080700000, 0x0000000080800000, 0x0000000080800000|100%| O|  |TAMS 0x0000000080700000| PB 0x0000000080700000| Untracked 
|   8|0x0000000080800000, 0x0000000080900000, 0x0000000080900000|100%| O|  |TAMS 0x0000000080800000| PB 0x0000000080800000| Untracked 
|   9|0x0000000080900000, 0x0000000080a00000, 0x0000000080a00000|100%|HS|  |TAMS 0x0000000080900000| PB 0x0000000080900000| Complete 
|  10|0x0000000080a00000, 0x0000000080b00000, 0x0000000080b00000|100%| O|  |TAMS 0x0000000080a00000| PB 0x0000000080a00000| Untracked 
|  11|0x0000000080b00000, 0x0000000080c00000, 0x0000000080c00000|100%| O|  |TAMS 0x0000000080b00000| PB 0x0000000080b00000| Untracked 
|  12|0x0000000080c00000, 0x0000000080d00000, 0x0000000080d00000|100%| O|  |TAMS 0x0000000080c00000| PB 0x0000000080c00000| Untracked 
|  13|0x0000000080d00000, 0x0000000080e00000, 0x0000000080e00000|100%| O|  |TAMS 0x0000000080d00000| PB 0x0000000080d00000| Untracked 
|  14|0x0000000080e00000, 0x0000000080f00000, 0x0000000080f00000|100%| O|  |TAMS 0x0000000080e00000| PB 0x0000000080e00000| Untracked 
|  15|0x0000000080f00000, 0x0000000081000000, 0x0000000081000000|100%| O|  |TAMS 0x0000000080f00000| PB 0x0000000080f00000| Untracked 
|  16|0x0000000081000000, 0x0000000081100000, 0x0000000081100000|100%| O|  |TAMS 0x0000000081000000| PB 0x0000000081000000| Untracked 
|  17|0x0000000081100000, 0x0000000081200000, 0x0000000081200000|100%| O|  |TAMS 0x0000000081100000| PB 0x0000000081100000| Untracked 
|  18|0x0000000081200000, 0x0000000081300000, 0x0000000081300000|100%| O|  |TAMS 0x0000000081200000| PB 0x0000000081200000| Untracked 
|  19|0x0000000081300000, 0x0000000081400000, 0x0000000081400000|100%| O|  |TAMS 0x0000000081300000| PB 0x0000000081300000| Untracked 
|  20|0x0000000081400000, 0x0000000081500000, 0x0000000081500000|100%| O|  |TAMS 0x0000000081400000| PB 0x0000000081400000| Untracked 
|  21|0x0000000081500000, 0x0000000081600000, 0x0000000081600000|100%| O|  |TAMS 0x0000000081500000| PB 0x0000000081500000| Untracked 
|  22|0x0000000081600000, 0x0000000081700000, 0x0000000081700000|100%|HS|  |TAMS 0x0000000081600000| PB 0x0000000081600000| Complete 
|  23|0x0000000081700000, 0x0000000081800000, 0x0000000081800000|100%|HC|  |TAMS 0x0000000081700000| PB 0x0000000081700000| Complete 
|  24|0x0000000081800000, 0x0000000081900000, 0x0000000081900000|100%|HC|  |TAMS 0x0000000081800000| PB 0x0000000081800000| Complete 
|  25|0x0000000081900000, 0x0000000081a00000, 0x0000000081a00000|100%|HC|  |TAMS 0x0000000081900000| PB 0x0000000081900000| Complete 
|  26|0x0000000081a00000, 0x0000000081b00000, 0x0000000081b00000|100%|HC|  |TAMS 0x0000000081a00000| PB 0x0000000081a00000| Complete 
|  27|0x0000000081b00000, 0x0000000081c00000, 0x0000000081c00000|100%|HC|  |TAMS 0x0000000081b00000| PB 0x0000000081b00000| Complete 
|  28|0x0000000081c00000, 0x0000000081d00000, 0x0000000081d00000|100%|HS|  |TAMS 0x0000000081c00000| PB 0x0000000081c00000| Complete 
|  29|0x0000000081d00000, 0x0000000081e00000, 0x0000000081e00000|100%|HC|  |TAMS 0x0000000081d00000| PB 0x0000000081d00000| Complete 
|  30|0x0000000081e00000, 0x0000000081f00000, 0x0000000081f00000|100%|HC|  |TAMS 0x0000000081e00000| PB 0x0000000081e00000| Complete 
|  31|0x0000000081f00000, 0x0000000082000000, 0x0000000082000000|100%|HS|  |TAMS 0x0000000081f00000| PB 0x0000000081f00000| Complete 
|  32|0x0000000082000000, 0x0000000082100000, 0x0000000082100000|100%|HC|  |TAMS 0x0000000082000000| PB 0x0000000082000000| Complete 
|  33|0x0000000082100000, 0x0000000082200000, 0x0000000082200000|100%|HS|  |TAMS 0x0000000082100000| PB 0x0000000082100000| Complete 
|  34|0x0000000082200000, 0x0000000082300000, 0x0000000082300000|100%| O|  |TAMS 0x0000000082200000| PB 0x0000000082200000| Untracked 
|  35|0x0000000082300000, 0x0000000082400000, 0x0000000082400000|100%| O|  |TAMS 0x0000000082300000| PB 0x0000000082300000| Untracked 
|  36|0x0000000082400000, 0x0000000082500000, 0x0000000082500000|100%| O|  |TAMS 0x0000000082400000| PB 0x0000000082400000| Untracked 
|  37|0x0000000082500000, 0x0000000082600000, 0x0000000082600000|100%| O|  |TAMS 0x0000000082500000| PB 0x0000000082500000| Untracked 
|  38|0x0000000082600000, 0x0000000082700000, 0x0000000082700000|100%| O|Cm|TAMS 0x0000000082600000| PB 0x0000000082600000| Complete 
|  39|0x0000000082700000, 0x0000000082800000, 0x0000000082800000|100%|HS|  |TAMS 0x0000000082700000| PB 0x0000000082700000| Complete 
|  40|0x0000000082800000, 0x0000000082900000, 0x0000000082900000|100%|HC|  |TAMS 0x0000000082800000| PB 0x0000000082800000| Complete 
|  41|0x0000000082900000, 0x0000000082a00000, 0x0000000082a00000|100%| O|  |TAMS 0x0000000082900000| PB 0x0000000082900000| Untracked 
|  42|0x0000000082a00000, 0x0000000082b00000, 0x0000000082b00000|100%| O|  |TAMS 0x0000000082a00000| PB 0x0000000082a00000| Untracked 
|  43|0x0000000082b00000, 0x0000000082c00000, 0x0000000082c00000|100%| O|  |TAMS 0x0000000082b00000| PB 0x0000000082b00000| Untracked 
|  44|0x0000000082c00000, 0x0000000082d00000, 0x0000000082d00000|100%| O|  |TAMS 0x0000000082c00000| PB 0x0000000082c00000| Untracked 
|  45|0x0000000082d00000, 0x0000000082e00000, 0x0000000082e00000|100%| O|  |TAMS 0x0000000082d00000| PB 0x0000000082d00000| Untracked 
|  46|0x0000000082e00000, 0x0000000082f00000, 0x0000000082f00000|100%| O|  |TAMS 0x0000000082e00000| PB 0x0000000082e00000| Untracked 
|  47|0x0000000082f00000, 0x0000000083000000, 0x0000000083000000|100%| O|  |TAMS 0x0000000082f00000| PB 0x0000000082f00000| Untracked 
|  48|0x0000000083000000, 0x0000000083100000, 0x0000000083100000|100%| O|  |TAMS 0x0000000083000000| PB 0x0000000083000000| Untracked 
|  49|0x0000000083100000, 0x0000000083100000, 0x0000000083200000|  0%| F|  |TAMS 0x0000000083100000| PB 0x0000000083100000| Untracked 
|  50|0x0000000083200000, 0x0000000083200000, 0x0000000083300000|  0%| F|  |TAMS 0x0000000083200000| PB 0x0000000083200000| Untracked 
|  51|0x0000000083300000, 0x0000000083300000, 0x0000000083400000|  0%| F|  |TAMS 0x0000000083300000| PB 0x0000000083300000| Untracked 
|  52|0x0000000083400000, 0x0000000083400000, 0x0000000083500000|  0%| F|  |TAMS 0x0000000083400000| PB 0x0000000083400000| Untracked 
|  53|0x0000000083500000, 0x0000000083600000, 0x0000000083600000|100%| O|  |TAMS 0x0000000083500000| PB 0x0000000083500000| Untracked 
|  54|0x0000000083600000, 0x0000000083600000, 0x0000000083700000|  0%| F|  |TAMS 0x0000000083600000| PB 0x0000000083600000| Untracked 
|  55|0x0000000083700000, 0x0000000083800000, 0x0000000083800000|100%| O|  |TAMS 0x0000000083700000| PB 0x0000000083700000| Untracked 
|  56|0x0000000083800000, 0x0000000083900000, 0x0000000083900000|100%| O|  |TAMS 0x0000000083800000| PB 0x0000000083800000| Untracked 
|  57|0x0000000083900000, 0x0000000083a00000, 0x0000000083a00000|100%| O|  |TAMS 0x0000000083900000| PB 0x0000000083900000| Untracked 
|  58|0x0000000083a00000, 0x0000000083b00000, 0x0000000083b00000|100%| O|  |TAMS 0x0000000083a00000| PB 0x0000000083a00000| Untracked 
|  59|0x0000000083b00000, 0x0000000083c00000, 0x0000000083c00000|100%|HS|  |TAMS 0x0000000083b00000| PB 0x0000000083b00000| Complete 
|  60|0x0000000083c00000, 0x0000000083d00000, 0x0000000083d00000|100%|HC|  |TAMS 0x0000000083c00000| PB 0x0000000083c00000| Complete 
|  61|0x0000000083d00000, 0x0000000083e00000, 0x0000000083e00000|100%|HC|  |TAMS 0x0000000083d00000| PB 0x0000000083d00000| Complete 
|  62|0x0000000083e00000, 0x0000000083f00000, 0x0000000083f00000|100%|HC|  |TAMS 0x0000000083e00000| PB 0x0000000083e00000| Complete 
|  63|0x0000000083f00000, 0x0000000084000000, 0x0000000084000000|100%|HC|  |TAMS 0x0000000083f00000| PB 0x0000000083f00000| Complete 
|  64|0x0000000084000000, 0x0000000084100000, 0x0000000084100000|100%|HC|  |TAMS 0x0000000084000000| PB 0x0000000084000000| Complete 
|  65|0x0000000084100000, 0x0000000084200000, 0x0000000084200000|100%|HS|  |TAMS 0x0000000084100000| PB 0x0000000084100000| Complete 
|  66|0x0000000084200000, 0x0000000084300000, 0x0000000084300000|100%|HC|  |TAMS 0x0000000084200000| PB 0x0000000084200000| Complete 
|  67|0x0000000084300000, 0x0000000084400000, 0x0000000084400000|100%|HC|  |TAMS 0x0000000084300000| PB 0x0000000084300000| Complete 
|  68|0x0000000084400000, 0x0000000084500000, 0x0000000084500000|100%|HC|  |TAMS 0x0000000084400000| PB 0x0000000084400000| Complete 
|  69|0x0000000084500000, 0x0000000084600000, 0x0000000084600000|100%|HC|  |TAMS 0x0000000084500000| PB 0x0000000084500000| Complete 
|  70|0x0000000084600000, 0x0000000084700000, 0x0000000084700000|100%|HC|  |TAMS 0x0000000084600000| PB 0x0000000084600000| Complete 
|  71|0x0000000084700000, 0x0000000084700000, 0x0000000084800000|  0%| F|  |TAMS 0x0000000084700000| PB 0x0000000084700000| Untracked 
|  72|0x0000000084800000, 0x0000000084900000, 0x0000000084900000|100%| O|  |TAMS 0x0000000084800000| PB 0x0000000084800000| Untracked 
|  73|0x0000000084900000, 0x0000000084a00000, 0x0000000084a00000|100%| O|  |TAMS 0x0000000084900000| PB 0x0000000084900000| Untracked 
|  74|0x0000000084a00000, 0x0000000084b00000, 0x0000000084b00000|100%| O|  |TAMS 0x0000000084a00000| PB 0x0000000084a00000| Untracked 
|  75|0x0000000084b00000, 0x0000000084c00000, 0x0000000084c00000|100%| O|  |TAMS 0x0000000084b00000| PB 0x0000000084b00000| Untracked 
|  76|0x0000000084c00000, 0x0000000084c00000, 0x0000000084d00000|  0%| F|  |TAMS 0x0000000084c00000| PB 0x0000000084c00000| Untracked 
|  77|0x0000000084d00000, 0x0000000084d00000, 0x0000000084e00000|  0%| F|  |TAMS 0x0000000084d00000| PB 0x0000000084d00000| Untracked 
|  78|0x0000000084e00000, 0x0000000084e00000, 0x0000000084f00000|  0%| F|  |TAMS 0x0000000084e00000| PB 0x0000000084e00000| Untracked 
|  79|0x0000000084f00000, 0x0000000084f00000, 0x0000000085000000|  0%| F|  |TAMS 0x0000000084f00000| PB 0x0000000084f00000| Untracked 
|  80|0x0000000085000000, 0x000000008500a6c0, 0x0000000085100000|  4%| S|CS|TAMS 0x0000000085000000| PB 0x0000000085000000| Complete 
|  81|0x0000000085100000, 0x0000000085200000, 0x0000000085200000|100%| S|CS|TAMS 0x0000000085100000| PB 0x0000000085100000| Complete 
|  82|0x0000000085200000, 0x0000000085300000, 0x0000000085300000|100%| S|CS|TAMS 0x0000000085200000| PB 0x0000000085200000| Complete 
|  83|0x0000000085300000, 0x0000000085300000, 0x0000000085400000|  0%| F|  |TAMS 0x0000000085300000| PB 0x0000000085300000| Untracked 
|  84|0x0000000085400000, 0x0000000085400000, 0x0000000085500000|  0%| F|  |TAMS 0x0000000085400000| PB 0x0000000085400000| Untracked 
|  85|0x0000000085500000, 0x0000000085500000, 0x0000000085600000|  0%| F|  |TAMS 0x0000000085500000| PB 0x0000000085500000| Untracked 
|  86|0x0000000085600000, 0x0000000085700000, 0x0000000085700000|100%| S|CS|TAMS 0x0000000085600000| PB 0x0000000085600000| Complete 
|  87|0x0000000085700000, 0x0000000085800000, 0x0000000085800000|100%| S|CS|TAMS 0x0000000085700000| PB 0x0000000085700000| Complete 
|  88|0x0000000085800000, 0x0000000085900000, 0x0000000085900000|100%| S|CS|TAMS 0x0000000085800000| PB 0x0000000085800000| Complete 
|  89|0x0000000085900000, 0x0000000085900000, 0x0000000085a00000|  0%| F|  |TAMS 0x0000000085900000| PB 0x0000000085900000| Untracked 
|  90|0x0000000085a00000, 0x0000000085a00000, 0x0000000085b00000|  0%| F|  |TAMS 0x0000000085a00000| PB 0x0000000085a00000| Untracked 
|  91|0x0000000085b00000, 0x0000000085b00000, 0x0000000085c00000|  0%| F|  |TAMS 0x0000000085b00000| PB 0x0000000085b00000| Untracked 
|  92|0x0000000085c00000, 0x0000000085c00000, 0x0000000085d00000|  0%| F|  |TAMS 0x0000000085c00000| PB 0x0000000085c00000| Untracked 
|  93|0x0000000085d00000, 0x0000000085d00000, 0x0000000085e00000|  0%| F|  |TAMS 0x0000000085d00000| PB 0x0000000085d00000| Untracked 
|  94|0x0000000085e00000, 0x0000000085e00000, 0x0000000085f00000|  0%| F|  |TAMS 0x0000000085e00000| PB 0x0000000085e00000| Untracked 
|  95|0x0000000085f00000, 0x0000000085f00000, 0x0000000086000000|  0%| F|  |TAMS 0x0000000085f00000| PB 0x0000000085f00000| Untracked 
|  96|0x0000000086000000, 0x0000000086000000, 0x0000000086100000|  0%| F|  |TAMS 0x0000000086000000| PB 0x0000000086000000| Untracked 
|  97|0x0000000086100000, 0x0000000086100000, 0x0000000086200000|  0%| F|  |TAMS 0x0000000086100000| PB 0x0000000086100000| Untracked 
|  98|0x0000000086200000, 0x0000000086200000, 0x0000000086300000|  0%| F|  |TAMS 0x0000000086200000| PB 0x0000000086200000| Untracked 
|  99|0x0000000086300000, 0x0000000086300000, 0x0000000086400000|  0%| F|  |TAMS 0x0000000086300000| PB 0x0000000086300000| Untracked 
| 100|0x0000000086400000, 0x0000000086400000, 0x0000000086500000|  0%| F|  |TAMS 0x0000000086400000| PB 0x0000000086400000| Untracked 
| 101|0x0000000086500000, 0x0000000086500000, 0x0000000086600000|  0%| F|  |TAMS 0x0000000086500000| PB 0x0000000086500000| Untracked 
| 102|0x0000000086600000, 0x0000000086600000, 0x0000000086700000|  0%| F|  |TAMS 0x0000000086600000| PB 0x0000000086600000| Untracked 
| 103|0x0000000086700000, 0x0000000086700000, 0x0000000086800000|  0%| F|  |TAMS 0x0000000086700000| PB 0x0000000086700000| Untracked 
| 104|0x0000000086800000, 0x0000000086800000, 0x0000000086900000|  0%| F|  |TAMS 0x0000000086800000| PB 0x0000000086800000| Untracked 
| 105|0x0000000086900000, 0x0000000086900000, 0x0000000086a00000|  0%| F|  |TAMS 0x0000000086900000| PB 0x0000000086900000| Untracked 
| 106|0x0000000086a00000, 0x0000000086a00000, 0x0000000086b00000|  0%| F|  |TAMS 0x0000000086a00000| PB 0x0000000086a00000| Untracked 
| 107|0x0000000086b00000, 0x0000000086b00000, 0x0000000086c00000|  0%| F|  |TAMS 0x0000000086b00000| PB 0x0000000086b00000| Untracked 
| 108|0x0000000086c00000, 0x0000000086c00000, 0x0000000086d00000|  0%| F|  |TAMS 0x0000000086c00000| PB 0x0000000086c00000| Untracked 
| 109|0x0000000086d00000, 0x0000000086d00000, 0x0000000086e00000|  0%| F|  |TAMS 0x0000000086d00000| PB 0x0000000086d00000| Untracked 
| 110|0x0000000086e00000, 0x0000000086e00000, 0x0000000086f00000|  0%| F|  |TAMS 0x0000000086e00000| PB 0x0000000086e00000| Untracked 
| 111|0x0000000086f00000, 0x0000000086f00000, 0x0000000087000000|  0%| F|  |TAMS 0x0000000086f00000| PB 0x0000000086f00000| Untracked 
| 112|0x0000000087000000, 0x0000000087000000, 0x0000000087100000|  0%| F|  |TAMS 0x0000000087000000| PB 0x0000000087000000| Untracked 
| 113|0x0000000087100000, 0x0000000087100000, 0x0000000087200000|  0%| F|  |TAMS 0x0000000087100000| PB 0x0000000087100000| Untracked 
| 114|0x0000000087200000, 0x0000000087200000, 0x0000000087300000|  0%| F|  |TAMS 0x0000000087200000| PB 0x0000000087200000| Untracked 
| 115|0x0000000087300000, 0x0000000087300000, 0x0000000087400000|  0%| F|  |TAMS 0x0000000087300000| PB 0x0000000087300000| Untracked 
| 116|0x0000000087400000, 0x0000000087400000, 0x0000000087500000|  0%| F|  |TAMS 0x0000000087400000| PB 0x0000000087400000| Untracked 
| 117|0x0000000087500000, 0x0000000087500000, 0x0000000087600000|  0%| F|  |TAMS 0x0000000087500000| PB 0x0000000087500000| Untracked 
| 118|0x0000000087600000, 0x0000000087600000, 0x0000000087700000|  0%| F|  |TAMS 0x0000000087600000| PB 0x0000000087600000| Untracked 
| 119|0x0000000087700000, 0x0000000087700000, 0x0000000087800000|  0%| F|  |TAMS 0x0000000087700000| PB 0x0000000087700000| Untracked 
| 120|0x0000000087800000, 0x0000000087800000, 0x0000000087900000|  0%| F|  |TAMS 0x0000000087800000| PB 0x0000000087800000| Untracked 
| 121|0x0000000087900000, 0x0000000087900000, 0x0000000087a00000|  0%| F|  |TAMS 0x0000000087900000| PB 0x0000000087900000| Untracked 
| 122|0x0000000087a00000, 0x0000000087a00000, 0x0000000087b00000|  0%| F|  |TAMS 0x0000000087a00000| PB 0x0000000087a00000| Untracked 
| 123|0x0000000087b00000, 0x0000000087b00000, 0x0000000087c00000|  0%| F|  |TAMS 0x0000000087b00000| PB 0x0000000087b00000| Untracked 
| 124|0x0000000087c00000, 0x0000000087c00000, 0x0000000087d00000|  0%| F|  |TAMS 0x0000000087c00000| PB 0x0000000087c00000| Untracked 
| 125|0x0000000087d00000, 0x0000000087d00000, 0x0000000087e00000|  0%| F|  |TAMS 0x0000000087d00000| PB 0x0000000087d00000| Untracked 
| 126|0x0000000087e00000, 0x0000000087e00000, 0x0000000087f00000|  0%| F|  |TAMS 0x0000000087e00000| PB 0x0000000087e00000| Untracked 
| 127|0x0000000087f00000, 0x0000000087f00000, 0x0000000088000000|  0%| F|  |TAMS 0x0000000087f00000| PB 0x0000000087f00000| Untracked 
| 128|0x0000000088000000, 0x0000000088000000, 0x0000000088100000|  0%| F|  |TAMS 0x0000000088000000| PB 0x0000000088000000| Untracked 
| 129|0x0000000088100000, 0x0000000088180800, 0x0000000088200000| 50%| E|  |TAMS 0x0000000088100000| PB 0x0000000088100000| Complete 
| 223|0x000000008df00000, 0x000000008e000000, 0x000000008e000000|100%| E|CS|TAMS 0x000000008df00000| PB 0x000000008df00000| Complete 
| 224|0x000000008e000000, 0x000000008e100000, 0x000000008e100000|100%| E|CS|TAMS 0x000000008e000000| PB 0x000000008e000000| Complete 
| 225|0x000000008e100000, 0x000000008e200000, 0x000000008e200000|100%| E|CS|TAMS 0x000000008e100000| PB 0x000000008e100000| Complete 
| 226|0x000000008e200000, 0x000000008e300000, 0x000000008e300000|100%| E|CS|TAMS 0x000000008e200000| PB 0x000000008e200000| Complete 
| 227|0x000000008e300000, 0x000000008e400000, 0x000000008e400000|100%| E|CS|TAMS 0x000000008e300000| PB 0x000000008e300000| Complete 
| 228|0x000000008e400000, 0x000000008e500000, 0x000000008e500000|100%| E|CS|TAMS 0x000000008e400000| PB 0x000000008e400000| Complete 
| 229|0x000000008e500000, 0x000000008e600000, 0x000000008e600000|100%| E|CS|TAMS 0x000000008e500000| PB 0x000000008e500000| Complete 
| 230|0x000000008e600000, 0x000000008e700000, 0x000000008e700000|100%| E|CS|TAMS 0x000000008e600000| PB 0x000000008e600000| Complete 
| 231|0x000000008e700000, 0x000000008e800000, 0x000000008e800000|100%| E|CS|TAMS 0x000000008e700000| PB 0x000000008e700000| Complete 
| 232|0x000000008e800000, 0x000000008e900000, 0x000000008e900000|100%| E|CS|TAMS 0x000000008e800000| PB 0x000000008e800000| Complete 
| 251|0x000000008fb00000, 0x000000008fc00000, 0x000000008fc00000|100%| E|CS|TAMS 0x000000008fb00000| PB 0x000000008fb00000| Complete 
|2043|0x00000000ffb00000, 0x00000000ffc00000, 0x00000000ffc00000|100%| O|  |TAMS 0x00000000ffb00000| PB 0x00000000ffb00000| Untracked 
|2044|0x00000000ffc00000, 0x00000000ffd00000, 0x00000000ffd00000|100%| O|  |TAMS 0x00000000ffc00000| PB 0x00000000ffc00000| Untracked 
|2045|0x00000000ffd00000, 0x00000000ffe00000, 0x00000000ffe00000|100%| O|  |TAMS 0x00000000ffd00000| PB 0x00000000ffd00000| Untracked 
|2046|0x00000000ffe00000, 0x00000000fff00000, 0x00000000fff00000|100%| O|  |TAMS 0x00000000ffe00000| PB 0x00000000ffe00000| Untracked 
|2047|0x00000000fff00000, 0x0000000100000000, 0x0000000100000000|100%| O|  |TAMS 0x00000000fff00000| PB 0x00000000fff00000| Untracked 

Card table byte_map: [0x000001b26ee00000,0x000001b26f200000] _byte_map_base: 0x000001b26ea00000

Marking Bits: (CMBitMap*) 0x000001b25b885190
 Bits: [0x000001b26f200000, 0x000001b271200000)

Polling page: 0x000001b25a010000

Metaspace:

Usage:
  Non-class:     59.67 MB used.
      Class:      9.45 MB used.
       Both:     69.12 MB used.

Virtual space:
  Non-class space:       64.00 MB reserved,      60.62 MB ( 95%) committed,  1 nodes.
      Class space:        1.00 GB reserved,      10.31 MB (  1%) committed,  1 nodes.
             Both:        1.06 GB reserved,      70.94 MB (  7%) committed. 

Chunk freelists:
   Non-Class:  2.80 MB
       Class:  5.52 MB
        Both:  8.31 MB

MaxMetaspaceSize: unlimited
CompressedClassSpaceSize: 1.00 GB
Initial GC threshold: 21.00 MB
Current GC threshold: 105.88 MB
CDS: off
 - commit_granule_bytes: 65536.
 - commit_granule_words: 8192.
 - virtual_space_node_default_size: 8388608.
 - enlarge_chunks_in_place: 1.
 - use_allocation_guard: 0.


Internal statistics:

num_allocs_failed_limit: 6.
num_arena_births: 3312.
num_arena_deaths: 0.
num_vsnodes_births: 2.
num_vsnodes_deaths: 0.
num_space_committed: 1135.
num_space_uncommitted: 0.
num_chunks_returned_to_freelist: 6.
num_chunks_taken_from_freelist: 6236.
num_chunk_merges: 3.
num_chunk_splits: 4062.
num_chunks_enlarged: 2523.
num_inconsistent_stats: 0.

CodeHeap 'non-profiled nmethods': size=119168Kb used=3462Kb max_used=3561Kb free=115705Kb
 bounds [0x000001b2665f0000, 0x000001b266970000, 0x000001b26da50000]
CodeHeap 'profiled nmethods': size=119104Kb used=12257Kb max_used=12257Kb free=106846Kb
 bounds [0x000001b25ea50000, 0x000001b25f650000, 0x000001b265ea0000]
CodeHeap 'non-nmethods': size=7488Kb used=4428Kb max_used=4511Kb free=3059Kb
 bounds [0x000001b265ea0000, 0x000001b266320000, 0x000001b2665f0000]
 total_blobs=7128 nmethods=6243 adapters=786
 compilation: enabled
              stopped_count=0, restarted_count=0
 full_count=0

Compilation events (20 events):
Event: 6.470 Thread 0x000001b27bdbe4e0 7035 %     3       org.gradle.internal.instantiation.generator.AbstractClassGenerator::inspectType @ 107 (560 bytes)
Event: 6.471 Thread 0x000001b274313180 nmethod 7034 0x000001b25f616f90 code [0x000001b25f617240, 0x000001b25f618018]
Event: 6.471 Thread 0x000001b274313180 7036       3       com.google.common.collect.AbstractMapBasedMultimap::put (92 bytes)
Event: 6.471 Thread 0x000001b274313180 nmethod 7036 0x000001b25f618590 code [0x000001b25f6187c0, 0x000001b25f618fc0]
Event: 6.471 Thread 0x000001b2790bb8a0 7037       3       org.objectweb.asm.SymbolTable::addConstantIntegerOrFloat (100 bytes)
Event: 6.471 Thread 0x000001b274313180 7038       3       org.objectweb.asm.Frame::getInitializedType (163 bytes)
Event: 6.471 Thread 0x000001b2790bb8a0 nmethod 7037 0x000001b25f619210 code [0x000001b25f619420, 0x000001b25f619960]
Event: 6.472 Thread 0x000001b274313180 nmethod 7038 0x000001b25f619c10 code [0x000001b25f619e20, 0x000001b25f61a3a0]
Event: 6.472 Thread 0x000001b27a44d460 nmethod 7029 0x000001b2667ab490 code [0x000001b2667ab640, 0x000001b2667aba48]
Event: 6.472 Thread 0x000001b27a44d460 7039       4       org.objectweb.asm.SymbolTable::addConstantMethodref (24 bytes)
Event: 6.472 Thread 0x000001b27bdbe4e0 nmethod 7035% 0x000001b25f61a690 code [0x000001b25f61aee0, 0x000001b25f61fff8]
Event: 6.472 Thread 0x000001b27a44d460 nmethod 7039 0x000001b2667ab190 code [0x000001b2667ab320, 0x000001b2667ab3f0]
Event: 6.473 Thread 0x000001b27e3d8a80 nmethod 7024 0x000001b25f621a10 code [0x000001b25f623060, 0x000001b25f634950]
Event: 6.475 Thread 0x000001b27d44caf0 nmethod 7030 0x000001b2667aa110 code [0x000001b2667aa320, 0x000001b2667aac30]
Event: 6.476 Thread 0x000001b27e3d8a80 7040       3       java.util.HashMap$TreeNode::find (172 bytes)
Event: 6.476 Thread 0x000001b27e3d8a80 nmethod 7040 0x000001b25f63ca90 code [0x000001b25f63ccc0, 0x000001b25f63d6a8]
Event: 6.477 Thread 0x000001b27e3d8a80 7041       3       org.gradle.internal.instantiation.generator.AbstractClassGenerator::inspectType (560 bytes)
Event: 6.477 Thread 0x000001b274313180 7042       3       org.gradle.model.internal.asm.ClassVisitorScope::addGetter (11 bytes)
Event: 6.477 Thread 0x000001b274313180 nmethod 7042 0x000001b25f63d990 code [0x000001b25f63db40, 0x000001b25f63dd08]
Event: 6.478 Thread 0x000001b27e3d8a80 nmethod 7041 0x000001b25f63de10 code [0x000001b25f63e620, 0x000001b25f643240]

GC Heap History (20 events):
Event: 1.323 GC heap before
{Heap before GC invocations=5 (full 0):
 garbage-first heap   total 75776K, used 73701K [0x0000000080000000, 0x0000000100000000)
  region size 1024K, 62 young (63488K), 10 survivors (10240K)
 Metaspace       used 29858K, committed 30464K, reserved 1114112K
  class space    used 3795K, committed 4096K, reserved 1048576K
}
Event: 1.328 GC heap after
{Heap after GC invocations=6 (full 0):
 garbage-first heap   total 89088K, used 24570K [0x0000000080000000, 0x0000000100000000)
  region size 1024K, 13 young (13312K), 13 survivors (13312K)
 Metaspace       used 29858K, committed 30464K, reserved 1114112K
  class space    used 3795K, committed 4096K, reserved 1048576K
}
Event: 4.452 GC heap before
{Heap before GC invocations=6 (full 0):
 garbage-first heap   total 89088K, used 63482K [0x0000000080000000, 0x0000000100000000)
  region size 1024K, 52 young (53248K), 13 survivors (13312K)
 Metaspace       used 35006K, committed 35904K, reserved 1114112K
  class space    used 4671K, committed 5120K, reserved 1048576K
}
Event: 4.456 GC heap after
{Heap after GC invocations=7 (full 0):
 garbage-first heap   total 89088K, used 27177K [0x0000000080000000, 0x0000000100000000)
  region size 1024K, 7 young (7168K), 7 survivors (7168K)
 Metaspace       used 35006K, committed 35904K, reserved 1114112K
  class space    used 4671K, committed 5120K, reserved 1048576K
}
Event: 4.468 GC heap before
{Heap before GC invocations=7 (full 0):
 garbage-first heap   total 89088K, used 36393K [0x0000000080000000, 0x0000000100000000)
  region size 1024K, 11 young (11264K), 7 survivors (7168K)
 Metaspace       used 35102K, committed 35968K, reserved 1114112K
  class space    used 4688K, committed 5120K, reserved 1048576K
}
Event: 4.471 GC heap after
{Heap after GC invocations=8 (full 0):
 garbage-first heap   total 89088K, used 34466K [0x0000000080000000, 0x0000000100000000)
  region size 1024K, 5 young (5120K), 5 survivors (5120K)
 Metaspace       used 35102K, committed 35968K, reserved 1114112K
  class space    used 4688K, committed 5120K, reserved 1048576K
}
Event: 4.750 GC heap before
{Heap before GC invocations=9 (full 0):
 garbage-first heap   total 89088K, used 79522K [0x0000000080000000, 0x0000000100000000)
  region size 1024K, 44 young (45056K), 5 survivors (5120K)
 Metaspace       used 39765K, committed 40832K, reserved 1114112K
  class space    used 5432K, committed 5952K, reserved 1048576K
}
Event: 4.752 GC heap after
{Heap after GC invocations=10 (full 0):
 garbage-first heap   total 91136K, used 45003K [0x0000000080000000, 0x0000000100000000)
  region size 1024K, 6 young (6144K), 6 survivors (6144K)
 Metaspace       used 39765K, committed 40832K, reserved 1114112K
  class space    used 5432K, committed 5952K, reserved 1048576K
}
Event: 4.979 GC heap before
{Heap before GC invocations=10 (full 0):
 garbage-first heap   total 91136K, used 78795K [0x0000000080000000, 0x0000000100000000)
  region size 1024K, 39 young (39936K), 6 survivors (6144K)
 Metaspace       used 44545K, committed 45952K, reserved 1114112K
  class space    used 6200K, committed 6912K, reserved 1048576K
}
Event: 4.981 GC heap after
{Heap after GC invocations=11 (full 0):
 garbage-first heap   total 91136K, used 46726K [0x0000000080000000, 0x0000000100000000)
  region size 1024K, 3 young (3072K), 3 survivors (3072K)
 Metaspace       used 44545K, committed 45952K, reserved 1114112K
  class space    used 6200K, committed 6912K, reserved 1048576K
}
Event: 5.150 GC heap before
{Heap before GC invocations=11 (full 0):
 garbage-first heap   total 91136K, used 79494K [0x0000000080000000, 0x0000000100000000)
  region size 1024K, 36 young (36864K), 3 survivors (3072K)
 Metaspace       used 49326K, committed 50624K, reserved 1114112K
  class space    used 6652K, committed 7296K, reserved 1048576K
}
Event: 5.152 GC heap after
{Heap after GC invocations=12 (full 0):
 garbage-first heap   total 91136K, used 50648K [0x0000000080000000, 0x0000000100000000)
  region size 1024K, 5 young (5120K), 5 survivors (5120K)
 Metaspace       used 49326K, committed 50624K, reserved 1114112K
  class space    used 6652K, committed 7296K, reserved 1048576K
}
Event: 5.371 GC heap before
{Heap before GC invocations=13 (full 0):
 garbage-first heap   total 91136K, used 85464K [0x0000000080000000, 0x0000000100000000)
  region size 1024K, 34 young (34816K), 5 survivors (5120K)
 Metaspace       used 52810K, committed 54208K, reserved 1114112K
  class space    used 7068K, committed 7744K, reserved 1048576K
}
Event: 5.373 GC heap after
{Heap after GC invocations=14 (full 0):
 garbage-first heap   total 144384K, used 54184K [0x0000000080000000, 0x0000000100000000)
  region size 1024K, 4 young (4096K), 4 survivors (4096K)
 Metaspace       used 52810K, committed 54208K, reserved 1114112K
  class space    used 7068K, committed 7744K, reserved 1048576K
}
Event: 5.797 GC heap before
{Heap before GC invocations=14 (full 0):
 garbage-first heap   total 144384K, used 135080K [0x0000000080000000, 0x0000000100000000)
  region size 1024K, 68 young (69632K), 4 survivors (4096K)
 Metaspace       used 58966K, committed 60608K, reserved 1114112K
  class space    used 7871K, committed 8704K, reserved 1048576K
}
Event: 5.801 GC heap after
{Heap after GC invocations=15 (full 0):
 garbage-first heap   total 149504K, used 76499K [0x0000000080000000, 0x0000000100000000)
  region size 1024K, 9 young (9216K), 9 survivors (9216K)
 Metaspace       used 58966K, committed 60608K, reserved 1114112K
  class space    used 7871K, committed 8704K, reserved 1048576K
}
Event: 6.039 GC heap before
{Heap before GC invocations=15 (full 0):
 garbage-first heap   total 149504K, used 129747K [0x0000000080000000, 0x0000000100000000)
  region size 1024K, 61 young (62464K), 9 survivors (9216K)
 Metaspace       used 63163K, committed 64768K, reserved 1114112K
  class space    used 8461K, committed 9280K, reserved 1048576K
}
Event: 6.042 GC heap after
{Heap after GC invocations=16 (full 0):
 garbage-first heap   total 149504K, used 79190K [0x0000000080000000, 0x0000000100000000)
  region size 1024K, 3 young (3072K), 3 survivors (3072K)
 Metaspace       used 63163K, committed 64768K, reserved 1114112K
  class space    used 8461K, committed 9280K, reserved 1048576K
}
Event: 6.402 GC heap before
{Heap before GC invocations=17 (full 0):
 garbage-first heap   total 149504K, used 131414K [0x0000000080000000, 0x0000000100000000)
  region size 1024K, 55 young (56320K), 3 survivors (3072K)
 Metaspace       used 69484K, committed 71232K, reserved 1114112K
  class space    used 9437K, committed 10304K, reserved 1048576K
}
Event: 6.405 GC heap after
{Heap after GC invocations=18 (full 0):
 garbage-first heap   total 149504K, used 81961K [0x0000000080000000, 0x0000000100000000)
  region size 1024K, 6 young (6144K), 6 survivors (6144K)
 Metaspace       used 69484K, committed 71232K, reserved 1114112K
  class space    used 9437K, committed 10304K, reserved 1048576K
}

Dll operation events (3 events):
Event: 0.005 Loaded shared library C:\Users\rosae\AppData\Local\Programs\Android Studio\jbr\bin\java.dll
Event: 0.008 Loaded shared library C:\Users\rosae\AppData\Local\Programs\Android Studio\jbr\bin\zip.dll
Event: 0.251 Loaded shared library C:\Users\rosae\AppData\Local\Programs\Android Studio\jbr\bin\verify.dll

Deoptimization events (20 events):
Event: 6.420 Thread 0x000001b27a859ab0 Uncommon trap: trap_request=0xffffffde fr.pc=0x000001b26695d008 relative=0x00000000000056c8
Event: 6.420 Thread 0x000001b27a859ab0 Uncommon trap: reason=class_check action=maybe_recompile pc=0x000001b26695d008 method=java.net.URLClassLoader.defineClass(Ljava/lang/String;Ljdk/internal/loader/Resource;)Ljava/lang/Class; @ 34 c2
Event: 6.420 Thread 0x000001b27a859ab0 DEOPT PACKING pc=0x000001b26695d008 sp=0x000000088def7940
Event: 6.421 Thread 0x000001b27a859ab0 DEOPT UNPACKING pc=0x000001b265ef46a2 sp=0x000000088def7748 mode 2
Event: 6.421 Thread 0x000001b27a859ab0 Uncommon trap: trap_request=0xffffffde fr.pc=0x000001b26695d008 relative=0x00000000000056c8
Event: 6.421 Thread 0x000001b27a859ab0 Uncommon trap: reason=class_check action=maybe_recompile pc=0x000001b26695d008 method=java.net.URLClassLoader.defineClass(Ljava/lang/String;Ljdk/internal/loader/Resource;)Ljava/lang/Class; @ 34 c2
Event: 6.421 Thread 0x000001b27a859ab0 DEOPT PACKING pc=0x000001b26695d008 sp=0x000000088def7940
Event: 6.421 Thread 0x000001b27a859ab0 DEOPT UNPACKING pc=0x000001b265ef46a2 sp=0x000000088def7748 mode 2
Event: 6.422 Thread 0x000001b27a859ab0 Uncommon trap: trap_request=0xffffffde fr.pc=0x000001b26694d984 relative=0x0000000000005264
Event: 6.422 Thread 0x000001b27a859ab0 Uncommon trap: reason=class_check action=maybe_recompile pc=0x000001b26694d984 method=java.net.URLClassLoader.defineClass(Ljava/lang/String;Ljdk/internal/loader/Resource;)Ljava/lang/Class; @ 34 c2
Event: 6.422 Thread 0x000001b27a859ab0 DEOPT PACKING pc=0x000001b26694d984 sp=0x000000088def7890
Event: 6.422 Thread 0x000001b27a859ab0 DEOPT UNPACKING pc=0x000001b265ef46a2 sp=0x000000088def77f0 mode 2
Event: 6.422 Thread 0x000001b27a859ab0 Uncommon trap: trap_request=0xffffffde fr.pc=0x000001b26693e714 relative=0x0000000000005274
Event: 6.422 Thread 0x000001b27a859ab0 Uncommon trap: reason=class_check action=maybe_recompile pc=0x000001b26693e714 method=java.net.URLClassLoader.defineClass(Ljava/lang/String;Ljdk/internal/loader/Resource;)Ljava/lang/Class; @ 34 c2
Event: 6.422 Thread 0x000001b27a859ab0 DEOPT PACKING pc=0x000001b26693e714 sp=0x000000088def7820
Event: 6.422 Thread 0x000001b27a859ab0 DEOPT UNPACKING pc=0x000001b265ef46a2 sp=0x000000088def77e8 mode 2
Event: 6.456 Thread 0x000001b27a859ab0 Uncommon trap: trap_request=0xffffff45 fr.pc=0x000001b2667015f4 relative=0x00000000000003d4
Event: 6.456 Thread 0x000001b27a859ab0 Uncommon trap: reason=unstable_if action=reinterpret pc=0x000001b2667015f4 method=org.gradle.internal.reflect.PropertyAccessorType.isGetGetterName(Ljava/lang/String;)Z @ 14 c2
Event: 6.456 Thread 0x000001b27a859ab0 DEOPT PACKING pc=0x000001b2667015f4 sp=0x000000088def82d0
Event: 6.456 Thread 0x000001b27a859ab0 DEOPT UNPACKING pc=0x000001b265ef46a2 sp=0x000000088def8228 mode 2

Classes loaded (20 events):
Event: 6.336 Loading class java/util/IdentityHashMap$EntrySet
Event: 6.336 Loading class java/util/IdentityHashMap$EntrySet done
Event: 6.336 Loading class java/util/IdentityHashMap$EntryIterator
Event: 6.336 Loading class java/util/IdentityHashMap$IdentityHashMapIterator
Event: 6.336 Loading class java/util/IdentityHashMap$IdentityHashMapIterator done
Event: 6.336 Loading class java/util/IdentityHashMap$EntryIterator done
Event: 6.336 Loading class java/util/IdentityHashMap$EntryIterator$Entry
Event: 6.336 Loading class java/util/IdentityHashMap$EntryIterator$Entry done
Event: 6.363 Loading class java/lang/invoke/SerializedLambda$1
Event: 6.363 Loading class java/lang/invoke/SerializedLambda$1 done
Event: 6.380 Loading class org/xml/sax/Locator
Event: 6.380 Loading class org/xml/sax/Locator done
Event: 6.380 Loading class org/xml/sax/SAXParseException
Event: 6.380 Loading class org/xml/sax/SAXParseException done
Event: 6.380 Loading class org/xml/sax/Attributes
Event: 6.380 Loading class org/xml/sax/Attributes done
Event: 6.412 Loading class java/util/DualPivotQuicksort
Event: 6.412 Loading class java/util/DualPivotQuicksort done
Event: 6.454 Loading class java/util/function/LongUnaryOperator
Event: 6.454 Loading class java/util/function/LongUnaryOperator done

Classes unloaded (0 events):
No events

Classes redefined (0 events):
No events

Internal exceptions (20 events):
Event: 6.135 Thread 0x000001b27a859ab0 Exception <a 'sun/nio/fs/WindowsException'{0x0000000087f8ec18}> (0x0000000087f8ec18) 
thrown [s\src\hotspot\share\prims\jni.cpp, line 535]
Event: 6.136 Thread 0x000001b27a859ab0 Exception <a 'sun/nio/fs/WindowsException'{0x0000000087f9be30}> (0x0000000087f9be30) 
thrown [s\src\hotspot\share\prims\jni.cpp, line 535]
Event: 6.332 Thread 0x000001b27a859ab0 Exception <a 'java/lang/NoSuchMethodError'{0x00000000862860a0}: 'void java.lang.invoke.DelegatingMethodHandle$Holder.reinvoke_L(java.lang.Object, java.lang.Object, int)'> (0x00000000862860a0) 
thrown [s\src\hotspot\share\interpreter\linkResolver.cpp, line 784]
Event: 6.333 Thread 0x000001b27a859ab0 Exception <a 'java/lang/NoSuchMethodError'{0x000000008628d648}: 'int java.lang.invoke.Invokers$Holder.invokeExact_MT(java.lang.Object, java.lang.Object, java.lang.Object)'> (0x000000008628d648) 
thrown [s\src\hotspot\share\interpreter\linkResolver.cpp, line 784]
Event: 6.334 Thread 0x000001b27a859ab0 Exception <a 'java/lang/NoSuchMethodError'{0x000000008629d628}: 'long java.lang.invoke.DelegatingMethodHandle$Holder.reinvoke_L(java.lang.Object, java.lang.Object)'> (0x000000008629d628) 
thrown [s\src\hotspot\share\interpreter\linkResolver.cpp, line 784]
Event: 6.334 Thread 0x000001b27a859ab0 Exception <a 'java/lang/NoSuchMethodError'{0x00000000862a7ea8}: 'void java.lang.invoke.DelegatingMethodHandle$Holder.reinvoke_L(java.lang.Object, java.lang.Object, long)'> (0x00000000862a7ea8) 
thrown [s\src\hotspot\share\interpreter\linkResolver.cpp, line 784]
Event: 6.334 Thread 0x000001b27a859ab0 Exception <a 'java/lang/NoSuchMethodError'{0x00000000862af668}: 'long java.lang.invoke.Invokers$Holder.invokeExact_MT(java.lang.Object, java.lang.Object, java.lang.Object)'> (0x00000000862af668) 
thrown [s\src\hotspot\share\interpreter\linkResolver.cpp, line 784]
Event: 6.354 Thread 0x000001b27a859ab0 Exception <a 'java/lang/NoSuchMethodError'{0x0000000085f28ed0}: 'void java.lang.invoke.Invokers$Holder.invokeExact_MT(java.lang.Object, java.lang.Object, java.lang.Object, java.lang.Object)'> (0x0000000085f28ed0) 
thrown [s\src\hotspot\share\interpreter\linkResolver.cpp, line 784]
Event: 6.358 Thread 0x000001b27a859ab0 Exception <a 'java/lang/ClassNotFoundException'{0x0000000085f97948}: org/gradle/internal/serialize/codecs/core/ClosureCodec$BrokenScriptBeanInfo> (0x0000000085f97948) 
thrown [s\src\hotspot\share\classfile\systemDictionary.cpp, line 312]
Event: 6.358 Thread 0x000001b27a859ab0 Exception <a 'java/lang/ClassNotFoundException'{0x0000000085fa5ed0}: org/gradle/internal/serialize/codecs/core/ClosureCodec$BrokenScriptCustomizer> (0x0000000085fa5ed0) 
thrown [s\src\hotspot\share\classfile\systemDictionary.cpp, line 312]
Event: 6.359 Thread 0x000001b27a859ab0 Exception <a 'java/lang/ClassNotFoundException'{0x0000000085fbfc48}: org/gradle/api/invocation/GradleBeanInfo> (0x0000000085fbfc48) 
thrown [s\src\hotspot\share\classfile\systemDictionary.cpp, line 312]
Event: 6.359 Thread 0x000001b27a859ab0 Exception <a 'java/lang/ClassNotFoundException'{0x0000000085fcb558}: org/gradle/api/invocation/GradleCustomizer> (0x0000000085fcb558) 
thrown [s\src\hotspot\share\classfile\systemDictionary.cpp, line 312]
Event: 6.361 Thread 0x000001b27a859ab0 Exception <a 'java/lang/NoSuchMethodError'{0x0000000085fed888}: 'void java.lang.invoke.Invokers$Holder.invokeExact_MT(java.lang.Object, java.lang.Object, int, java.lang.Object)'> (0x0000000085fed888) 
thrown [s\src\hotspot\share\interpreter\linkResolver.cpp, line 784]
Event: 6.364 Thread 0x000001b27a859ab0 Exception <a 'java/lang/NoSuchMethodError'{0x0000000085e0fed8}: 'void java.lang.invoke.Invokers$Holder.invokeExact_MT(java.lang.Object, java.lang.Object, long, java.lang.Object)'> (0x0000000085e0fed8) 
thrown [s\src\hotspot\share\interpreter\linkResolver.cpp, line 784]
Event: 6.374 Thread 0x000001b27a859ab0 Exception <a 'java/lang/ClassNotFoundException'{0x0000000085d44200}: org/gradle/api/internal/project/DefaultProject_DecoratedBeanInfo> (0x0000000085d44200) 
thrown [s\src\hotspot\share\classfile\systemDictionary.cpp, line 312]
Event: 6.374 Thread 0x000001b27a859ab0 Exception <a 'java/lang/ClassNotFoundException'{0x0000000085d4fc70}: org/gradle/api/internal/project/DefaultProjectBeanInfo> (0x0000000085d4fc70) 
thrown [s\src\hotspot\share\classfile\systemDictionary.cpp, line 312]
Event: 6.374 Thread 0x000001b27a859ab0 Exception <a 'java/lang/ClassNotFoundException'{0x0000000085d5b748}: org/gradle/api/internal/project/DefaultProjectCustomizer> (0x0000000085d5b748) 
thrown [s\src\hotspot\share\classfile\systemDictionary.cpp, line 312]
Event: 6.377 Thread 0x000001b27a859ab0 Exception <a 'java/lang/ClassNotFoundException'{0x0000000085c19f10}: org/gradle/api/internal/project/DefaultProject_DecoratedCustomizer> (0x0000000085c19f10) 
thrown [s\src\hotspot\share\classfile\systemDictionary.cpp, line 312]
Event: 6.417 Thread 0x000001b27a859ab0 Exception <a 'java/lang/NoSuchMethodError'{0x000000008e8ca5e0}: 'java.lang.Object java.lang.invoke.DirectMethodHandle$Holder.invokeInterface(java.lang.Object, java.lang.Object, int)'> (0x000000008e8ca5e0) 
thrown [s\src\hotspot\share\interpreter\linkResolver.cpp, line 784]
Event: 6.454 Thread 0x000001b27a859ab0 Exception <a 'java/lang/NoSuchMethodError'{0x000000008e390d90}: 'long java.lang.invoke.DirectMethodHandle$Holder.invokeStatic(java.lang.Object, long)'> (0x000000008e390d90) 
thrown [s\src\hotspot\share\interpreter\linkResolver.cpp, line 784]

ZGC Phase Switch (0 events):
No events

VM Operations (20 events):
Event: 6.051 Executing VM operation: G1PauseRemark
Event: 6.053 Executing VM operation: G1PauseRemark done
Event: 6.060 Executing VM operation: G1PauseCleanup
Event: 6.060 Executing VM operation: G1PauseCleanup done
Event: 6.193 Executing VM operation: ICBufferFull
Event: 6.193 Executing VM operation: ICBufferFull done
Event: 6.214 Executing VM operation: HandshakeAllThreads (Deoptimize)
Event: 6.214 Executing VM operation: HandshakeAllThreads (Deoptimize) done
Event: 6.225 Executing VM operation: HandshakeAllThreads (Deoptimize)
Event: 6.225 Executing VM operation: HandshakeAllThreads (Deoptimize) done
Event: 6.249 Executing VM operation: HandshakeAllThreads (Deoptimize)
Event: 6.249 Executing VM operation: HandshakeAllThreads (Deoptimize) done
Event: 6.304 Executing VM operation: HandshakeAllThreads (Deoptimize)
Event: 6.304 Executing VM operation: HandshakeAllThreads (Deoptimize) done
Event: 6.344 Executing VM operation: HandshakeAllThreads (Deoptimize)
Event: 6.344 Executing VM operation: HandshakeAllThreads (Deoptimize) done
Event: 6.379 Executing VM operation: ICBufferFull
Event: 6.379 Executing VM operation: ICBufferFull done
Event: 6.402 Executing VM operation: G1CollectForAllocation (G1 Evacuation Pause)
Event: 6.405 Executing VM operation: G1CollectForAllocation (G1 Evacuation Pause) done

Memory protections (0 events):
No events

Nmethod flushes (20 events):
Event: 6.053 Thread 0x000001b27425b4e0 flushing  nmethod 0x000001b25ebefb90
Event: 6.053 Thread 0x000001b27425b4e0 flushing  nmethod 0x000001b25ebf2390
Event: 6.053 Thread 0x000001b27425b4e0 flushing  nmethod 0x000001b25edb0b90
Event: 6.053 Thread 0x000001b27425b4e0 flushing  nmethod 0x000001b25edb5590
Event: 6.053 Thread 0x000001b27425b4e0 flushing  nmethod 0x000001b25ee29f10
Event: 6.053 Thread 0x000001b27425b4e0 flushing  nmethod 0x000001b25ee2af90
Event: 6.053 Thread 0x000001b27425b4e0 flushing  nmethod 0x000001b25ef88e90
Event: 6.053 Thread 0x000001b27425b4e0 flushing  nmethod 0x000001b25f0d0290
Event: 6.053 Thread 0x000001b27425b4e0 flushing  nmethod 0x000001b25f1f2710
Event: 6.053 Thread 0x000001b27425b4e0 flushing  nmethod 0x000001b25f23ea90
Event: 6.053 Thread 0x000001b27425b4e0 flushing  nmethod 0x000001b266792310
Event: 6.053 Thread 0x000001b27425b4e0 flushing  nmethod 0x000001b25ea67b90
Event: 6.053 Thread 0x000001b27425b4e0 flushing  nmethod 0x000001b25ea6af90
Event: 6.053 Thread 0x000001b27425b4e0 flushing  nmethod 0x000001b25eb56190
Event: 6.053 Thread 0x000001b27425b4e0 flushing  nmethod 0x000001b25eb63c10
Event: 6.053 Thread 0x000001b27425b4e0 flushing  nmethod 0x000001b25ec11b10
Event: 6.053 Thread 0x000001b27425b4e0 flushing  nmethod 0x000001b25ec12510
Event: 6.053 Thread 0x000001b27425b4e0 flushing  nmethod 0x000001b25ec17110
Event: 6.053 Thread 0x000001b27425b4e0 flushing  nmethod 0x000001b25ee5f410
Event: 6.053 Thread 0x000001b27425b4e0 flushing  nmethod 0x000001b25ee5f890

Events (20 events):
Event: 5.527 Thread 0x000001b27a859ab0 Thread added: 0x000001b27e3d60b0
Event: 5.547 Thread 0x000001b27a859ab0 Thread added: 0x000001b2745225d0
Event: 5.548 Thread 0x000001b27a859ab0 Thread added: 0x000001b2745232f0
Event: 5.625 Thread 0x000001b27a859ab0 Thread added: 0x000001b274523980
Event: 5.625 Thread 0x000001b27a859ab0 Thread added: 0x000001b274520b90
Event: 5.626 Thread 0x000001b27a859ab0 Thread added: 0x000001b274524010
Event: 5.627 Thread 0x000001b27a859ab0 Thread added: 0x000001b274521220
Event: 5.627 Thread 0x000001b27a859ab0 Thread added: 0x000001b274521f40
Event: 5.628 Thread 0x000001b27a859ab0 Thread added: 0x000001b2745218b0
Event: 5.628 Thread 0x000001b27a859ab0 Thread added: 0x000001b274522c60
Event: 5.629 Thread 0x000001b27a859ab0 Thread added: 0x000001b27c520840
Event: 5.637 Thread 0x000001b27a859ab0 Thread added: 0x000001b27c5201b0
Event: 5.638 Thread 0x000001b27a859ab0 Thread added: 0x000001b27c51ee00
Event: 5.638 Thread 0x000001b27a859ab0 Thread added: 0x000001b27c51f490
Event: 5.638 Thread 0x000001b27a859ab0 Thread added: 0x000001b27c51d3c0
Event: 5.638 Thread 0x000001b27a859ab0 Thread added: 0x000001b27c51fb20
Event: 5.639 Thread 0x000001b27a859ab0 Thread added: 0x000001b27c520ed0
Event: 5.639 Thread 0x000001b27a859ab0 Thread added: 0x000001b27c51da50
Event: 5.639 Thread 0x000001b27a859ab0 Thread added: 0x000001b27c521560
Event: 5.639 Thread 0x000001b27a859ab0 Thread added: 0x000001b27c51e0e0


Dynamic libraries:
0x00007ff7e5100000 - 0x00007ff7e510a000 	C:\Users\rosae\AppData\Local\Programs\Android Studio\jbr\bin\java.exe
0x00007ffce26a0000 - 0x00007ffce2900000 	C:\WINDOWS\SYSTEM32\ntdll.dll
0x00007ffce0a50000 - 0x00007ffce0b17000 	C:\WINDOWS\System32\KERNEL32.DLL
0x00007ffcdf930000 - 0x00007ffcdfcfb000 	C:\WINDOWS\System32\KERNELBASE.dll
0x00007ffce0130000 - 0x00007ffce027b000 	C:\WINDOWS\System32\ucrtbase.dll
0x00007ffccdeb0000 - 0x00007ffccdec8000 	C:\Users\rosae\AppData\Local\Programs\Android Studio\jbr\bin\jli.dll
0x00007ffccf590000 - 0x00007ffccf5ab000 	C:\Users\rosae\AppData\Local\Programs\Android Studio\jbr\bin\VCRUNTIME140.dll
0x00007ffce2480000 - 0x00007ffce264c000 	C:\WINDOWS\System32\USER32.dll
0x00007ffcdfd00000 - 0x00007ffcdfd27000 	C:\WINDOWS\System32\win32u.dll
0x00007ffcc4300000 - 0x00007ffcc4597000 	C:\WINDOWS\WinSxS\amd64_microsoft.windows.common-controls_6595b64144ccf1df_6.0.26100.3624_none_3e086962e3345f24\COMCTL32.dll
0x00007ffce10e0000 - 0x00007ffce110a000 	C:\WINDOWS\System32\GDI32.dll
0x00007ffce14e0000 - 0x00007ffce1589000 	C:\WINDOWS\System32\msvcrt.dll
0x00007ffcdfff0000 - 0x00007ffce0121000 	C:\WINDOWS\System32\gdi32full.dll
0x00007ffcdf880000 - 0x00007ffcdf923000 	C:\WINDOWS\System32\msvcp_win.dll
0x00007ffce22c0000 - 0x00007ffce22ef000 	C:\WINDOWS\System32\IMM32.DLL
0x00007ffcd7700000 - 0x00007ffcd770c000 	C:\Users\rosae\AppData\Local\Programs\Android Studio\jbr\bin\vcruntime140_1.dll
0x00007ffc5f140000 - 0x00007ffc5f1cd000 	C:\Users\rosae\AppData\Local\Programs\Android Studio\jbr\bin\msvcp140.dll
0x00007ffc2e290000 - 0x00007ffc2ef13000 	C:\Users\rosae\AppData\Local\Programs\Android Studio\jbr\bin\server\jvm.dll
0x00007ffce13d0000 - 0x00007ffce1483000 	C:\WINDOWS\System32\ADVAPI32.dll
0x00007ffce1590000 - 0x00007ffce1636000 	C:\WINDOWS\System32\sechost.dll
0x00007ffce12b0000 - 0x00007ffce13c6000 	C:\WINDOWS\System32\RPCRT4.dll
0x00007ffce1060000 - 0x00007ffce10d4000 	C:\WINDOWS\System32\WS2_32.dll
0x00007ffcde4f0000 - 0x00007ffcde54e000 	C:\WINDOWS\SYSTEM32\POWRPROF.dll
0x00007ffcd62c0000 - 0x00007ffcd62cb000 	C:\WINDOWS\SYSTEM32\VERSION.dll
0x00007ffcdc320000 - 0x00007ffcdc356000 	C:\WINDOWS\SYSTEM32\WINMM.dll
0x00007ffcde4d0000 - 0x00007ffcde4e4000 	C:\WINDOWS\SYSTEM32\UMPDC.dll
0x00007ffcde7b0000 - 0x00007ffcde7ca000 	C:\WINDOWS\SYSTEM32\kernel.appcore.dll
0x00007ffcd7550000 - 0x00007ffcd755a000 	C:\Users\rosae\AppData\Local\Programs\Android Studio\jbr\bin\jimage.dll
0x00007ffcdcce0000 - 0x00007ffcdcf21000 	C:\WINDOWS\SYSTEM32\DBGHELP.DLL
0x00007ffce1e00000 - 0x00007ffce2183000 	C:\WINDOWS\System32\combase.dll
0x00007ffce0d00000 - 0x00007ffce0dd6000 	C:\WINDOWS\System32\OLEAUT32.dll
0x00007ffc49060000 - 0x00007ffc49099000 	C:\WINDOWS\SYSTEM32\dbgcore.DLL
0x00007ffce0280000 - 0x00007ffce0319000 	C:\WINDOWS\System32\bcryptPrimitives.dll
0x00007ffcd9a90000 - 0x00007ffcd9a9e000 	C:\Users\rosae\AppData\Local\Programs\Android Studio\jbr\bin\instrument.dll
0x00007ffccf480000 - 0x00007ffccf4a0000 	C:\Users\rosae\AppData\Local\Programs\Android Studio\jbr\bin\java.dll
0x00007ffcce4c0000 - 0x00007ffcce4d8000 	C:\Users\rosae\AppData\Local\Programs\Android Studio\jbr\bin\zip.dll
0x00007ffce1640000 - 0x00007ffce1d69000 	C:\WINDOWS\System32\SHELL32.dll
0x00007ffcdfe80000 - 0x00007ffcdffe8000 	C:\WINDOWS\System32\wintypes.dll
0x00007ffcdd520000 - 0x00007ffcddd72000 	C:\WINDOWS\SYSTEM32\windows.storage.dll
0x00007ffce2300000 - 0x00007ffce23ed000 	C:\WINDOWS\System32\SHCORE.dll
0x00007ffce1d90000 - 0x00007ffce1df4000 	C:\WINDOWS\System32\shlwapi.dll
0x00007ffcdf790000 - 0x00007ffcdf7bf000 	C:\WINDOWS\SYSTEM32\profapi.dll
0x00007ffcd47e0000 - 0x00007ffcd47f0000 	C:\Users\rosae\AppData\Local\Programs\Android Studio\jbr\bin\net.dll
0x00007ffcd9670000 - 0x00007ffcd978d000 	C:\WINDOWS\SYSTEM32\WINHTTP.dll
0x00007ffcdecd0000 - 0x00007ffcded3a000 	C:\WINDOWS\system32\mswsock.dll
0x00007ffccded0000 - 0x00007ffccdee6000 	C:\Users\rosae\AppData\Local\Programs\Android Studio\jbr\bin\nio.dll
0x00007ffcce4b0000 - 0x00007ffcce4c0000 	C:\Users\rosae\AppData\Local\Programs\Android Studio\jbr\bin\verify.dll
0x00007ffcafba0000 - 0x00007ffcafbc7000 	C:\Users\rosae\.gradle\native\c067742578af261105cb4f569cf0c3c89f3d7b1fecec35dd04571415982c5e48\windows-amd64\native-platform.dll
0x00007ffc5cf80000 - 0x00007ffc5d0c4000 	C:\Users\rosae\.gradle\native\100fb08df4bc3b14c8652ba06237920a3bd2aa13389f12d3474272988ae205f9\windows-amd64\native-platform-file-events.dll
0x00007ffccf4b0000 - 0x00007ffccf4b9000 	C:\Users\rosae\AppData\Local\Programs\Android Studio\jbr\bin\management.dll
0x00007ffccf470000 - 0x00007ffccf47b000 	C:\Users\rosae\AppData\Local\Programs\Android Studio\jbr\bin\management_ext.dll
0x00007ffce04a0000 - 0x00007ffce04a8000 	C:\WINDOWS\System32\PSAPI.DLL
0x00007ffcdef70000 - 0x00007ffcdef8c000 	C:\WINDOWS\SYSTEM32\CRYPTSP.dll
0x00007ffcde710000 - 0x00007ffcde74a000 	C:\WINDOWS\system32\rsaenh.dll
0x00007ffcded70000 - 0x00007ffcded9b000 	C:\WINDOWS\SYSTEM32\USERENV.dll
0x00007ffcdf1b0000 - 0x00007ffcdf1d6000 	C:\WINDOWS\SYSTEM32\bcrypt.dll
0x00007ffcdef90000 - 0x00007ffcdef9c000 	C:\WINDOWS\SYSTEM32\CRYPTBASE.dll
0x00007ffcde1e0000 - 0x00007ffcde213000 	C:\WINDOWS\SYSTEM32\IPHLPAPI.DLL
0x00007ffce2650000 - 0x00007ffce265a000 	C:\WINDOWS\System32\NSI.dll
0x00007ffccfc10000 - 0x00007ffccfc19000 	C:\Users\rosae\AppData\Local\Programs\Android Studio\jbr\bin\extnet.dll
0x00007ffca0140000 - 0x00007ffca0148000 	C:\WINDOWS\system32\wshunix.dll

dbghelp: loaded successfully - version: 4.0.5 - missing functions: none
symbol engine: initialized successfully - sym options: 0x614 - pdb path: .;C:\Users\rosae\AppData\Local\Programs\Android Studio\jbr\bin;C:\WINDOWS\SYSTEM32;C:\WINDOWS\WinSxS\amd64_microsoft.windows.common-controls_6595b64144ccf1df_6.0.26100.3624_none_3e086962e3345f24;C:\Users\rosae\AppData\Local\Programs\Android Studio\jbr\bin\server;C:\Users\rosae\.gradle\native\c067742578af261105cb4f569cf0c3c89f3d7b1fecec35dd04571415982c5e48\windows-amd64;C:\Users\rosae\.gradle\native\100fb08df4bc3b14c8652ba06237920a3bd2aa13389f12d3474272988ae205f9\windows-amd64

VM Arguments:
jvm_args: --add-opens=java.base/java.util=ALL-UNNAMED --add-opens=java.base/java.lang=ALL-UNNAMED --add-opens=java.base/java.lang.invoke=ALL-UNNAMED --add-opens=java.prefs/java.util.prefs=ALL-UNNAMED --add-exports=jdk.compiler/com.sun.tools.javac.api=ALL-UNNAMED --add-exports=jdk.compiler/com.sun.tools.javac.util=ALL-UNNAMED --add-opens=java.base/java.nio.charset=ALL-UNNAMED --add-opens=java.base/java.net=ALL-UNNAMED --add-opens=java.base/java.util.concurrent.atomic=ALL-UNNAMED -Xmx2048m -Dfile.encoding=UTF-8 -Duser.country=BR -Duser.language=pt -Duser.variant -javaagent:C:\Users\rosae\.gradle\wrapper\dists\gradle-8.10.2-bin\a04bxjujx95o3nb99gddekhwo\gradle-8.10.2\lib\agents\gradle-instrumentation-agent-8.10.2.jar 
java_command: org.gradle.launcher.daemon.bootstrap.GradleDaemon 8.10.2
java_class_path (initial): C:\Users\rosae\.gradle\wrapper\dists\gradle-8.10.2-bin\a04bxjujx95o3nb99gddekhwo\gradle-8.10.2\lib\gradle-daemon-main-8.10.2.jar
Launcher Type: SUN_STANDARD

[Global flags]
     intx CICompilerCount                          = 12                                        {product} {ergonomic}
     uint ConcGCThreads                            = 3                                         {product} {ergonomic}
     uint G1ConcRefinementThreads                  = 13                                        {product} {ergonomic}
   size_t G1HeapRegionSize                         = 1048576                                   {product} {ergonomic}
    uintx GCDrainStackTargetSize                   = 64                                        {product} {ergonomic}
   size_t InitialHeapSize                          = 264241152                                 {product} {ergonomic}
   size_t MarkStackSize                            = 4194304                                   {product} {ergonomic}
   size_t MaxHeapSize                              = 2147483648                                {product} {command line}
   size_t MaxNewSize                               = 1287651328                                {product} {ergonomic}
   size_t MinHeapDeltaBytes                        = 1048576                                   {product} {ergonomic}
   size_t MinHeapSize                              = 8388608                                   {product} {ergonomic}
    uintx NonNMethodCodeHeapSize                   = 7602480                                {pd product} {ergonomic}
    uintx NonProfiledCodeHeapSize                  = 122027880                              {pd product} {ergonomic}
    uintx ProfiledCodeHeapSize                     = 122027880                              {pd product} {ergonomic}
    uintx ReservedCodeCacheSize                    = 251658240                              {pd product} {ergonomic}
     bool SegmentedCodeCache                       = true                                      {product} {ergonomic}
   size_t SoftMaxHeapSize                          = 2147483648                             {manageable} {ergonomic}
     bool UseCompressedOops                        = true                           {product lp64_product} {ergonomic}
     bool UseG1GC                                  = true                                      {product} {ergonomic}
     bool UseLargePagesIndividualAllocation        = false                                  {pd product} {ergonomic}

Logging:
Log output configuration:
 #0: stdout all=warning uptime,level,tags foldmultilines=false
 #1: stderr all=off uptime,level,tags foldmultilines=false

Environment Variables:
JAVA_HOME=C:\Program Files\Java\jdk-17\bin
PATH=C:\Program Files\Java\jdk-17\bin;C:\ProgramData\Oracle\Java\javapath;C:\Program Files\Common Files\Oracle\Java\javapath;C:\Program Files (x86)\Common Files\Oracle\Java\java8path;C:\Program Files (x86)\Common Files\Oracle\Java\javapath;C:\Windows\system32;C:\Windows;C:\Windows\System32\Wbem;C:\Windows\System32\WindowsPowerShell\v1.0\;C:\Windows\System32\OpenSSH\;C:\Program Files\dotnet\;C:\Program Files\nodejs\;C:\Program Files\MySQL\MySQL Server 8.0\bin;C:\Program Files\Docker\Docker\resources\bin;C:\Program Files (x86)\NVIDIA Corporation\PhysX\Common;C:\Program Files\Git\cmd;C:\WINDOWS\system32;C:\WINDOWS;C:\WINDOWS\System32\Wbem;C:\WINDOWS\System32\WindowsPowerShell\v1.0\;C:\WINDOWS\System32\OpenSSH\;C:\Program Files\NVIDIA Corporation\NVIDIA app\NvDLISR;C:\Program Files\Amazon\AWSCLIV2\;C:\Program Files\Java\jdk-17\bin;C:\Program Files\MySQL\MySQL Shell 8.0\bin\;C:\Users\rosae\AppData\Local\Microsoft\WindowsApps;C:\Users\rosae\AppData\Local\Programs\Microsoft VS Code\bin;C:\Users\rosae\AppData\Roaming\npm;C:\Users\rosae\AppData\Local\JetBrains\Toolbox\scripts;C:\Users\rosae\AppData\Local\Microsoft\WindowsApps;C:\Program Files\terraform;
USERNAME=rosae
OS=Windows_NT
PROCESSOR_IDENTIFIER=Intel64 Family 6 Model 183 Stepping 1, GenuineIntel
TMP=C:\Users\rosae\AppData\Local\Temp
TEMP=C:\Users\rosae\AppData\Local\Temp




Periodic native trim disabled

JNI global refs:
JNI global refs: 36, weak refs: 0

JNI global refs memory usage: 835, weak refs: 833

Process memory usage:
Resident Set Size: 404712K (2% of 16454352K total physical memory with 1875032K free physical memory)

OOME stack traces (most recent first):
Classloader memory used:
Loader org.gradle.internal.classloader.VisitableURLClassLoader                         : 35656K
Loader bootstrap                                                                       : 23131K
Loader org.gradle.initialization.MixInLegacyTypesClassLoader                           : 9297K
Loader org.gradle.internal.classloader.VisitableURLClassLoader                         : 913K
Loader org.gradle.internal.classloader.VisitableURLClassLoader$InstrumentingVisitableURLClassLoader: 705K
Loader jdk.internal.loader.ClassLoaders$PlatformClassLoader                            : 543K
Loader jdk.internal.loader.ClassLoaders$AppClassLoader                                 : 234K
Loader jdk.internal.reflect.DelegatingClassLoader                                      : 207K
Loader org.gradle.groovy.scripts.internal.DefaultScriptCompilationHandler$ScriptClassLoader: 88408B
Loader org.codehaus.groovy.runtime.callsite.CallSiteClassLoader                        : 48680B

Classes loaded by more than one classloader:
Class org.gradle.api.GradleException                                                  : loaded 3 times (x 78B)
Class org.gradle.internal.classloader.ClassLoaderHierarchy                            : loaded 2 times (x 66B)
Class org.gradle.api.internal.classpath.ManifestUtil                                  : loaded 2 times (x 67B)
Class org.jetbrains.plugins.gradle.model.GradleExtensions                             : loaded 2 times (x 66B)
Class org.jetbrains.plugins.gradle.model.AnnotationProcessingModel                    : loaded 2 times (x 66B)
Class org.gradle.internal.operations.MultipleBuildOperationFailures                   : loaded 2 times (x 91B)
Class org.jetbrains.kotlin.idea.gradleTooling.model.noarg.NoArgModel                  : loaded 2 times (x 66B)
Class org.gradle.internal.classloader.DefaultClassLoaderFactory                       : loaded 2 times (x 78B)
Class kotlin.collections.AbstractList$Companion                                       : loaded 2 times (x 67B)
Class org.gradle.internal.classloader.ClassLoaderVisitor                              : loaded 2 times (x 72B)
Class org.gradle.api.internal.classpath.EffectiveClassPath                            : loaded 2 times (x 86B)
Class org.gradle.tooling.internal.gradle.DefaultProjectIdentifier                     : loaded 2 times (x 82B)
Class org.jetbrains.kotlin.idea.gradleTooling.model.allopen.AllOpenModel              : loaded 2 times (x 66B)
Class org.gradle.api.internal.DefaultClassPathProvider                                : loaded 2 times (x 72B)
Class [Lorg.gradle.api.internal.ClassPathProvider;                                    : loaded 2 times (x 65B)
Class org.gradle.api.internal.ClassPathProvider                                       : loaded 2 times (x 66B)
Class org.gradle.internal.service.UnknownServiceException                             : loaded 2 times (x 79B)
Class org.jetbrains.kotlin.idea.gradleTooling.KotlinDslScriptAdditionalTask           : loaded 2 times (x 66B)
Class org.gradle.internal.classpath.TransformedClassPath                              : loaded 2 times (x 92B)
Class org.gradle.internal.classloader.InstrumentingClassLoader                        : loaded 2 times (x 66B)
Class kotlin.enums.EnumEntriesList                                                    : loaded 2 times (x 219B)
Class org.jetbrains.kotlin.idea.gradleTooling.KotlinSourceSetContainer                : loaded 2 times (x 66B)
Class org.jetbrains.plugins.gradle.model.IntelliJSettings                             : loaded 2 times (x 66B)
Class org.gradle.internal.service.ServiceLocator                                      : loaded 2 times (x 66B)
Class org.jetbrains.kotlin.android.synthetic.idea.AndroidExtensionsGradleModel        : loaded 2 times (x 66B)
Class org.gradle.tooling.model.UnsupportedMethodException                             : loaded 2 times (x 78B)
Class org.gradle.internal.InternalTransformer                                         : loaded 2 times (x 66B)
Class org.gradle.internal.time.DefaultTimer                                           : loaded 2 times (x 76B)
Class org.gradle.internal.classloader.ClasspathUtil$1                                 : loaded 2 times (x 72B)
Class org.gradle.api.internal.classpath.DefaultModuleRegistry$DefaultModule           : loaded 2 times (x 82B)
Class org.jetbrains.kotlin.idea.gradleTooling.model.lombok.LombokModel                : loaded 2 times (x 66B)
Class org.gradle.internal.time.DefaultCountdownTimer                                  : loaded 2 times (x 84B)
Class org.gradle.tooling.internal.gradle.DefaultBuildIdentifier                       : loaded 2 times (x 75B)
Class kotlin.Function                                                                 : loaded 2 times (x 66B)
Class org.gradle.api.internal.classpath.Module                                        : loaded 2 times (x 66B)
Class org.gradle.api.internal.classpath.UnknownModuleException                        : loaded 2 times (x 78B)
Class com.intellij.openapi.externalSystem.model.project.dependencies.ProjectDependencies: loaded 2 times (x 66B)
Class org.gradle.tooling.internal.gradle.GradleProjectIdentity                        : loaded 2 times (x 66B)
Class org.gradle.api.internal.DefaultClassPathRegistry                                : loaded 2 times (x 72B)
Class org.gradle.api.internal.ClassPathRegistry                                       : loaded 2 times (x 66B)
Class org.gradle.internal.classpath.DefaultClassPath$ImmutableUniqueList              : loaded 2 times (x 195B)
Class Settings_gradle$1                                                               : loaded 2 times (x 70B)
Class Program                                                                         : loaded 2 times (x 68B)
Class org.gradle.internal.classpath.ClassPath                                         : loaded 2 times (x 66B)
Class org.gradle.api.UncheckedIOException                                             : loaded 2 times (x 78B)
Class org.jetbrains.kotlin.idea.gradleTooling.KotlinGradleModel                       : loaded 2 times (x 66B)
Class org.gradle.tooling.model.Model                                                  : loaded 2 times (x 66B)
Class kotlin.UninitializedPropertyAccessException                                     : loaded 2 times (x 78B)
Class org.jetbrains.kotlin.idea.gradleTooling.model.annotation.AnnotationBasedPluginModel: loaded 2 times (x 66B)
Class org.jetbrains.plugins.gradle.model.IntelliJProjectSettings                      : loaded 2 times (x 66B)
Class org.gradle.internal.installation.GradleInstallation$1                           : loaded 2 times (x 71B)
Class org.gradle.api.internal.classpath.ModuleRegistry                                : loaded 2 times (x 66B)
Class org.jetbrains.plugins.gradle.model.VersionCatalogsModel                         : loaded 2 times (x 66B)
Class org.gradle.api.internal.classpath.DefaultModuleRegistry                         : loaded 2 times (x 82B)
Class org.gradle.internal.time.MonotonicClock                                         : loaded 2 times (x 73B)
Class org.gradle.internal.service.ServiceLookupException                              : loaded 2 times (x 78B)
Class org.gradle.internal.classloader.ClassLoaderFactory                              : loaded 2 times (x 66B)
Class ijInit1_eopwgzekzxw9so1cx4557m7tu                                               : loaded 2 times (x 175B)
Class org.gradle.internal.service.CachingServiceLocator                               : loaded 2 times (x 78B)
Class org.jetbrains.plugins.gradle.model.RepositoryModels                             : loaded 2 times (x 66B)
Class org.gradle.internal.time.TimeSource                                             : loaded 2 times (x 66B)
Class org.gradle.tooling.internal.gradle.GradleBuildIdentity                          : loaded 2 times (x 66B)
Class kotlin.enums.EnumEntries                                                        : loaded 2 times (x 66B)
Class org.gradle.internal.exceptions.ResolutionProvider                               : loaded 2 times (x 66B)
Class org.gradle.tooling.model.ProjectIdentifier                                      : loaded 2 times (x 66B)
Class org.gradle.internal.classloader.ClasspathUtil                                   : loaded 2 times (x 67B)
Class org.gradle.internal.time.TimeSource$1                                           : loaded 2 times (x 73B)
Class kotlin.jvm.internal.DefaultConstructorMarker                                    : loaded 2 times (x 67B)
Class org.gradle.api.specs.Spec                                                       : loaded 2 times (x 66B)
Class org.gradle.internal.time.Clock                                                  : loaded 2 times (x 66B)
Class org.jetbrains.plugins.gradle.model.jar.JarTaskManifestConfiguration             : loaded 2 times (x 66B)
Class kotlin.collections.AbstractList                                                 : loaded 2 times (x 193B)
Class kotlin.collections.AbstractCollection                                           : loaded 2 times (x 113B)
Class org.gradle.internal.classloader.VisitableURLClassLoader$InstrumentingVisitableURLClassLoader: loaded 2 times (x 119B)
Class org.gradle.internal.classloader.VisitableURLClassLoader$Spec                    : loaded 2 times (x 70B)
Class org.gradle.internal.classpath.DefaultClassPath                                  : loaded 2 times (x 86B)
Class org.gradle.internal.classloader.ClassLoaderSpec                                 : loaded 2 times (x 67B)
Class Settings_gradle$1$1                                                             : loaded 2 times (x 70B)
Class org.gradle.internal.classloader.VisitableURLClassLoader                         : loaded 2 times (x 113B)
Class Settings_gradle                                                                 : loaded 2 times (x 124B)
Class org.gradle.internal.Cast                                                        : loaded 2 times (x 67B)
Class org.gradle.api.Action                                                           : loaded 2 times (x 66B)
Class kotlin.jvm.functions.Function1                                                  : loaded 2 times (x 66B)
Class org.gradle.internal.classpath.DefaultClassPath$ImmutableUniqueList$Builder      : loaded 2 times (x 71B)
Class org.jetbrains.kotlin.idea.gradleTooling.model.samWithReceiver.SamWithReceiverModel: loaded 2 times (x 66B)
Class org.gradle.internal.classloader.FilteringClassLoader                            : loaded 2 times (x 101B)
Class org.gradle.internal.exceptions.NonGradleCauseExceptionsHolder                   : loaded 2 times (x 66B)
Class org.jetbrains.kotlin.idea.gradleTooling.model.assignment.AssignmentModel        : loaded 2 times (x 66B)
Class kotlin.enums.EnumEntriesKt                                                      : loaded 2 times (x 67B)
Class org.gradle.internal.IoActions                                                   : loaded 2 times (x 67B)
Class org.gradle.internal.classloader.SystemClassLoaderSpec                           : loaded 2 times (x 67B)
Class org.gradle.internal.exceptions.MultiCauseException                              : loaded 2 times (x 66B)
Class org.gradle.internal.time.CountdownTimer                                         : loaded 2 times (x 66B)
Class kotlin.jvm.internal.Intrinsics                                                  : loaded 2 times (x 67B)
Class org.jetbrains.kotlin.idea.gradleTooling.model.parcelize.ParcelizeGradleModel    : loaded 2 times (x 66B)
Class org.gradle.tooling.model.ProjectModel                                           : loaded 2 times (x 66B)
Class kotlin.KotlinNullPointerException                                               : loaded 2 times (x 79B)
Class org.jetbrains.plugins.gradle.model.tests.ExternalTestsModel                     : loaded 2 times (x 66B)
Class org.gradle.internal.exceptions.DefaultMultiCauseException                       : loaded 2 times (x 91B)
Class org.gradle.internal.time.Time                                                   : loaded 2 times (x 67B)
Class org.jetbrains.plugins.gradle.model.DependencyAccessorsModel                     : loaded 2 times (x 66B)
Class org.gradle.api.internal.classpath.GlobalCacheRootsProvider                      : loaded 2 times (x 66B)
Class org.jetbrains.kotlin.idea.gradleTooling.KotlinMPPGradleModel                    : loaded 2 times (x 66B)
Class org.gradle.tooling.model.BuildIdentifier                                        : loaded 2 times (x 66B)
Class org.jetbrains.kotlin.idea.gradleTooling.PrepareKotlinIdeImportTaskModel         : loaded 2 times (x 66B)
Class sync_studio_tooling2_bv5mthkb4balq5a9o7bd14oh6                                  : loaded 2 times (x 175B)
Class org.gradle.internal.time.Timer                                                  : loaded 2 times (x 66B)
Class kotlin.jvm.internal.markers.KMappedMarker                                       : loaded 2 times (x 66B)
Class org.gradle.internal.installation.CurrentGradleInstallationLocator               : loaded 2 times (x 67B)
Class org.gradle.internal.service.DefaultServiceLocator                               : loaded 2 times (x 79B)
Class org.gradle.util.GradleVersion                                                   : loaded 2 times (x 79B)
Class org.gradle.internal.installation.CurrentGradleInstallation                      : loaded 2 times (x 69B)
Class org.gradle.util.internal.GUtil                                                  : loaded 2 times (x 67B)
Class org.gradle.internal.installation.GradleInstallation                             : loaded 2 times (x 71B)

---------------  S Y S T E M  ---------------

OS:
 Windows 11 , 64 bit Build 26100 (10.0.26100.3624)
OS uptime: 2 days 7:16 hours
Hyper-V role detected

CPU: total 16 (initial active 16) (8 cores per cpu, 2 threads per core) family 6 model 183 stepping 1 microcode 0x12c, cx8, cmov, fxsr, ht, mmx, 3dnowpref, sse, sse2, sse3, ssse3, sse4.1, sse4.2, popcnt, lzcnt, tsc, tscinvbit, avx, avx2, aes, erms, clmul, bmi1, bmi2, adx, sha, fma, vzeroupper, clflush, clflushopt, clwb, hv, serialize, rdtscp, rdpid, fsrm, f16c, cet_ibt, cet_ss
Processor Information for processor 0
  Max Mhz: 2400, Current Mhz: 2400, Mhz Limit: 2400
Processor Information for processor 1
  Max Mhz: 2400, Current Mhz: 2400, Mhz Limit: 2400
Processor Information for processor 2
  Max Mhz: 2400, Current Mhz: 2400, Mhz Limit: 2400
Processor Information for processor 3
  Max Mhz: 2400, Current Mhz: 2400, Mhz Limit: 2400
Processor Information for processor 4
  Max Mhz: 2400, Current Mhz: 2400, Mhz Limit: 2400
Processor Information for processor 5
  Max Mhz: 2400, Current Mhz: 2400, Mhz Limit: 2400
Processor Information for processor 6
  Max Mhz: 2400, Current Mhz: 2400, Mhz Limit: 2400
Processor Information for processor 7
  Max Mhz: 2400, Current Mhz: 2400, Mhz Limit: 2400
Processor Information for processor 8
  Max Mhz: 2400, Current Mhz: 2400, Mhz Limit: 2400
Processor Information for processor 9
  Max Mhz: 2400, Current Mhz: 2400, Mhz Limit: 2400
Processor Information for processor 10
  Max Mhz: 2400, Current Mhz: 2400, Mhz Limit: 2400
Processor Information for processor 11
  Max Mhz: 2400, Current Mhz: 2400, Mhz Limit: 2400
Processor Information for processor 12
  Max Mhz: 2400, Current Mhz: 2400, Mhz Limit: 2400
Processor Information for processor 13
  Max Mhz: 2400, Current Mhz: 1466, Mhz Limit: 2400
Processor Information for processor 14
  Max Mhz: 2400, Current Mhz: 2400, Mhz Limit: 2400
Processor Information for processor 15
  Max Mhz: 2400, Current Mhz: 1466, Mhz Limit: 2400

Memory: 4k page, system-wide physical 16068M (1831M free)
TotalPageFile size 26964M (AvailPageFile size 8M)
current process WorkingSet (physical memory assigned to process): 395M, peak: 396M
current process commit charge ("private bytes"): 445M, peak: 447M

vm_info: OpenJDK 64-Bit Server VM (21.0.4+-12508038-b607.1) for windows-amd64 JRE (21.0.4+-12508038-b607.1), built on 2024-10-16T17:23:34Z by "builder" with MS VC++ 16.10 / 16.11 (VS2019)

END.
