#
# There is insufficient memory for the Java Runtime Environment to continue.
# Native memory allocation (malloc) failed to allocate 207872 bytes. Error detail: Chunk::new
# Possible reasons:
#   The system is out of physical RAM or swap space
#   This process is running with CompressedOops enabled, and the Java Heap may be blocking the growth of the native heap
# Possible solutions:
#   Reduce memory load on the system
#   Increase physical memory or swap space
#   Check if swap backing store is full
#   Decrease Java heap size (-Xmx/-Xms)
#   Decrease number of Java threads
#   Decrease Java thread stack sizes (-Xss)
#   Set larger code cache with -XX:ReservedCodeCacheSize=
#   JVM is running with Unscaled Compressed Oops mode in which the Java heap is
#     placed in the first 4GB address space. The Java Heap base address is the
#     maximum limit for the native heap growth. Please use -XX:HeapBaseMinAddress
#     to set the Java Heap base and to place the Java Heap above 4GB virtual address.
# This output file may be truncated or incomplete.
#
#  Out of Memory Error (arena.cpp:168), pid=27832, tid=11020
#
# JRE version: OpenJDK Runtime Environment (21.0.4) (build 21.0.4+-12508038-b607.1)
# Java VM: OpenJDK 64-Bit Server VM (21.0.4+-12508038-b607.1, mixed mode, tiered, compressed oops, compressed class ptrs, g1 gc, windows-amd64)
# No core dump will be written. Minidumps are not enabled by default on client versions of Windows
#

---------------  S U M M A R Y ------------

Command Line: --add-opens=java.base/java.util=ALL-UNNAMED --add-opens=java.base/java.lang=ALL-UNNAMED --add-opens=java.base/java.lang.invoke=ALL-UNNAMED --add-opens=java.prefs/java.util.prefs=ALL-UNNAMED --add-exports=jdk.compiler/com.sun.tools.javac.api=ALL-UNNAMED --add-exports=jdk.compiler/com.sun.tools.javac.util=ALL-UNNAMED --add-opens=java.base/java.nio.charset=ALL-UNNAMED --add-opens=java.base/java.net=ALL-UNNAMED --add-opens=java.base/java.util.concurrent.atomic=ALL-UNNAMED -Xmx2048m -Dfile.encoding=UTF-8 -Duser.country=BR -Duser.language=pt -Duser.variant -javaagent:C:\Users\rosae\.gradle\wrapper\dists\gradle-8.10.2-bin\a04bxjujx95o3nb99gddekhwo\gradle-8.10.2\lib\agents\gradle-instrumentation-agent-8.10.2.jar org.gradle.launcher.daemon.bootstrap.GradleDaemon 8.10.2

Host: 13th Gen Intel(R) Core(TM) i5-13450HX, 16 cores, 15G,  Windows 11 , 64 bit Build 26100 (10.0.26100.3624)
Time: Mon Apr  7 11:55:32 2025 Hora oficial do Brasil elapsed time: 3.045465 seconds (0d 0h 0m 3s)

---------------  T H R E A D  ---------------

Current thread (0x00000205c50c1950):  JavaThread "C2 CompilerThread1" daemon [_thread_in_native, id=11020, stack(0x000000e62b900000,0x000000e62ba00000) (1024K)]


Current CompileTask:
C2:   3045 6354       4       org.objectweb.asm.Frame::push (59 bytes)

Stack: [0x000000e62b900000,0x000000e62ba00000]
Native frames: (J=compiled Java code, j=interpreted, Vv=VM code, C=native code)
V  [jvm.dll+0x6ce539]
V  [jvm.dll+0x85bf03]
V  [jvm.dll+0x85e45e]
V  [jvm.dll+0x85eb43]
V  [jvm.dll+0x27dd06]
V  [jvm.dll+0xbf9cd]
V  [jvm.dll+0xbff03]
V  [jvm.dll+0x3b4deb]
V  [jvm.dll+0x380f07]
V  [jvm.dll+0x38037a]
V  [jvm.dll+0x2473f2]
V  [jvm.dll+0x2469c1]
V  [jvm.dll+0x1c58a4]
V  [jvm.dll+0x255fec]
V  [jvm.dll+0x254536]
V  [jvm.dll+0x3efab6]
V  [jvm.dll+0x804418]
V  [jvm.dll+0x6cce0d]
C  [ucrtbase.dll+0x37b0]
C  [KERNEL32.DLL+0x2e8d7]
C  [ntdll.dll+0xb14fc]


---------------  P R O C E S S  ---------------

Threads class SMR info:
_java_thread_list=0x00000205c7dd0c90, length=76, elements={
0x00000205a78abed0, 0x00000205c044dbf0, 0x00000205c044e750, 0x00000205c0467340,
0x00000205c0467da0, 0x00000205c0468800, 0x00000205c0465340, 0x00000205c04664e0,
0x00000205c0468e70, 0x00000205c059e040, 0x00000205c06221e0, 0x00000205c06238a0,
0x00000205c06445d0, 0x00000205c514dc50, 0x00000205c50c1950, 0x00000205c5446490,
0x00000205c6cced80, 0x00000205c6c691c0, 0x00000205c6ea5fd0, 0x00000205c6c8e490,
0x00000205c6c3d9f0, 0x00000205c6d913a0, 0x00000205c6da27c0, 0x00000205c6da2130,
0x00000205c6da3b70, 0x00000205c6da4f20, 0x00000205c6da1aa0, 0x00000205c6da4890,
0x00000205c6da34e0, 0x00000205c6da2e50, 0x00000205c9873e60, 0x00000205c9875210,
0x00000205c9874b80, 0x00000205c98758a0, 0x00000205c9872420, 0x00000205c9875f30,
0x00000205c9872ab0, 0x00000205c98765c0, 0x00000205c9873140, 0x00000205c98744f0,
0x00000205c9876c50, 0x00000205c98737d0, 0x00000205c9879a40, 0x00000205c98772e0,
0x00000205c9878d20, 0x00000205c9877970, 0x00000205c98793b0, 0x00000205c9878000,
0x00000205c9878690, 0x00000205c9765ca0, 0x00000205c9766330, 0x00000205c9767050,
0x00000205c9768400, 0x00000205c97b3760, 0x00000205c7d94280, 0x00000205c9765610,
0x00000205c9769120, 0x00000205c976b1f0, 0x00000205c976a4d0, 0x00000205c976c5a0,
0x00000205c97697b0, 0x00000205c976bf10, 0x00000205c9769e40, 0x00000205c976ab60,
0x00000205c976b880, 0x00000205c96b40d0, 0x00000205c96b5b10, 0x00000205c96b3a40,
0x00000205c96b61a0, 0x00000205c96b6830, 0x00000205c96b7550, 0x00000205c96b4df0,
0x00000205c96b5480, 0x00000205c96b6ec0, 0x00000205c96b7be0, 0x00000205c96b4760
}

Java Threads: ( => current thread )
  0x00000205a78abed0 JavaThread "main"                              [_thread_blocked, id=2736, stack(0x000000e62a400000,0x000000e62a500000) (1024K)]
  0x00000205c044dbf0 JavaThread "Reference Handler"          daemon [_thread_blocked, id=28564, stack(0x000000e62ac00000,0x000000e62ad00000) (1024K)]
  0x00000205c044e750 JavaThread "Finalizer"                  daemon [_thread_blocked, id=13984, stack(0x000000e62ad00000,0x000000e62ae00000) (1024K)]
  0x00000205c0467340 JavaThread "Signal Dispatcher"          daemon [_thread_blocked, id=22500, stack(0x000000e62ae00000,0x000000e62af00000) (1024K)]
  0x00000205c0467da0 JavaThread "Attach Listener"            daemon [_thread_blocked, id=13428, stack(0x000000e62af00000,0x000000e62b000000) (1024K)]
  0x00000205c0468800 JavaThread "Service Thread"             daemon [_thread_blocked, id=14712, stack(0x000000e62b000000,0x000000e62b100000) (1024K)]
  0x00000205c0465340 JavaThread "Monitor Deflation Thread"   daemon [_thread_blocked, id=12104, stack(0x000000e62b100000,0x000000e62b200000) (1024K)]
  0x00000205c04664e0 JavaThread "C2 CompilerThread0"         daemon [_thread_in_native, id=8996, stack(0x000000e62b200000,0x000000e62b300000) (1024K)]
  0x00000205c0468e70 JavaThread "C1 CompilerThread0"         daemon [_thread_blocked, id=26672, stack(0x000000e62b300000,0x000000e62b400000) (1024K)]
  0x00000205c059e040 JavaThread "Common-Cleaner"             daemon [_thread_blocked, id=17780, stack(0x000000e62b400000,0x000000e62b500000) (1024K)]
  0x00000205c06221e0 JavaThread "C1 CompilerThread1"         daemon [_thread_blocked, id=22464, stack(0x000000e62b500000,0x000000e62b600000) (1024K)]
  0x00000205c06238a0 JavaThread "C1 CompilerThread2"         daemon [_thread_blocked, id=25976, stack(0x000000e62b600000,0x000000e62b700000) (1024K)]
  0x00000205c06445d0 JavaThread "C1 CompilerThread3"         daemon [_thread_blocked, id=27464, stack(0x000000e62b700000,0x000000e62b800000) (1024K)]
  0x00000205c514dc50 JavaThread "Notification Thread"        daemon [_thread_blocked, id=26864, stack(0x000000e62b800000,0x000000e62b900000) (1024K)]
=>0x00000205c50c1950 JavaThread "C2 CompilerThread1"         daemon [_thread_in_native, id=11020, stack(0x000000e62b900000,0x000000e62ba00000) (1024K)]
  0x00000205c5446490 JavaThread "C2 CompilerThread2"         daemon [_thread_in_native, id=2232, stack(0x000000e62ba00000,0x000000e62bb00000) (1024K)]
  0x00000205c6cced80 JavaThread "Daemon health stats"               [_thread_blocked, id=15368, stack(0x000000e62c200000,0x000000e62c300000) (1024K)]
  0x00000205c6c691c0 JavaThread "Incoming local TCP Connector on port 58213"        [_thread_in_native, id=9548, stack(0x000000e62c300000,0x000000e62c400000) (1024K)]
  0x00000205c6ea5fd0 JavaThread "Daemon periodic checks"            [_thread_blocked, id=23420, stack(0x000000e62c400000,0x000000e62c500000) (1024K)]
  0x00000205c6c8e490 JavaThread "Daemon"                            [_thread_blocked, id=26872, stack(0x000000e62c500000,0x000000e62c600000) (1024K)]
  0x00000205c6c3d9f0 JavaThread "Handler for socket connection from /127.0.0.1:58213 to /127.0.0.1:58214"        [_thread_in_native, id=28308, stack(0x000000e62c600000,0x000000e62c700000) (1024K)]
  0x00000205c6d913a0 JavaThread "Cancel handler"                    [_thread_blocked, id=3112, stack(0x000000e62c700000,0x000000e62c800000) (1024K)]
  0x00000205c6da27c0 JavaThread "Daemon worker"                     [_thread_in_vm, id=6416, stack(0x000000e62c800000,0x000000e62c900000) (1024K)]
  0x00000205c6da2130 JavaThread "Asynchronous log dispatcher for DefaultDaemonConnection: socket connection from /127.0.0.1:58213 to /127.0.0.1:58214"        [_thread_blocked, id=9960, stack(0x000000e62c900000,0x000000e62ca00000) (1024K)]
  0x00000205c6da3b70 JavaThread "Stdin handler"                     [_thread_blocked, id=16280, stack(0x000000e62d100000,0x000000e62d200000) (1024K)]
  0x00000205c6da4f20 JavaThread "Daemon client event forwarder"        [_thread_blocked, id=6600, stack(0x000000e62d200000,0x000000e62d300000) (1024K)]
  0x00000205c6da1aa0 JavaThread "Cache worker for journal cache (C:\Users\rosae\.gradle\caches\journal-1)"        [_thread_blocked, id=21892, stack(0x000000e62d300000,0x000000e62d400000) (1024K)]
  0x00000205c6da4890 JavaThread "File lock request listener"        [_thread_in_native, id=27336, stack(0x000000e62d400000,0x000000e62d500000) (1024K)]
  0x00000205c6da34e0 JavaThread "Cache worker for file hash cache (C:\Users\rosae\.gradle\caches\8.10.2\fileHashes)"        [_thread_blocked, id=8392, stack(0x000000e62d500000,0x000000e62d600000) (1024K)]
  0x00000205c6da2e50 JavaThread "Cache worker for file hash cache (C:\Users\rosae\OneDrive\Documentos\Sptech\PI\origami_flow_repositorys\origami.flow.app\.gradle\8.10.2\fileHashes)"        [_thread_blocked, id=17828, stack(0x000000e62d600000,0x000000e62d700000) (1024K)]
  0x00000205c9873e60 JavaThread "Cache worker for Build Output Cleanup Cache (C:\Users\rosae\OneDrive\Documentos\Sptech\PI\origami_flow_repositorys\origami.flow.app\.gradle\buildOutputCleanup)"        [_thread_blocked, id=2680, stack(0x000000e62d700000,0x000000e62d800000) (1024K)]
  0x00000205c9875210 JavaThread "File watcher server"        daemon [_thread_in_native, id=24152, stack(0x000000e62d800000,0x000000e62d900000) (1024K)]
  0x00000205c9874b80 JavaThread "File watcher consumer"      daemon [_thread_blocked, id=23112, stack(0x000000e62d900000,0x000000e62da00000) (1024K)]
  0x00000205c98758a0 JavaThread "jar transforms"                    [_thread_blocked, id=18312, stack(0x000000e62da00000,0x000000e62db00000) (1024K)]
  0x00000205c9872420 JavaThread "jar transforms Thread 2"           [_thread_blocked, id=20672, stack(0x000000e62db00000,0x000000e62dc00000) (1024K)]
  0x00000205c9875f30 JavaThread "jar transforms Thread 3"           [_thread_blocked, id=28024, stack(0x000000e62dc00000,0x000000e62dd00000) (1024K)]
  0x00000205c9872ab0 JavaThread "jar transforms Thread 4"           [_thread_blocked, id=24920, stack(0x000000e62dd00000,0x000000e62de00000) (1024K)]
  0x00000205c98765c0 JavaThread "jar transforms Thread 5"           [_thread_blocked, id=25236, stack(0x000000e62de00000,0x000000e62df00000) (1024K)]
  0x00000205c9873140 JavaThread "jar transforms Thread 6"           [_thread_blocked, id=8800, stack(0x000000e62df00000,0x000000e62e000000) (1024K)]
  0x00000205c98744f0 JavaThread "jar transforms Thread 7"           [_thread_blocked, id=18624, stack(0x000000e62e000000,0x000000e62e100000) (1024K)]
  0x00000205c9876c50 JavaThread "jar transforms Thread 8"           [_thread_blocked, id=2408, stack(0x000000e62e100000,0x000000e62e200000) (1024K)]
  0x00000205c98737d0 JavaThread "jar transforms Thread 9"           [_thread_blocked, id=25176, stack(0x000000e62e200000,0x000000e62e300000) (1024K)]
  0x00000205c9879a40 JavaThread "jar transforms Thread 10"          [_thread_blocked, id=16820, stack(0x000000e62e300000,0x000000e62e400000) (1024K)]
  0x00000205c98772e0 JavaThread "jar transforms Thread 11"          [_thread_blocked, id=812, stack(0x000000e62e400000,0x000000e62e500000) (1024K)]
  0x00000205c9878d20 JavaThread "jar transforms Thread 12"          [_thread_blocked, id=23804, stack(0x000000e62e500000,0x000000e62e600000) (1024K)]
  0x00000205c9877970 JavaThread "jar transforms Thread 13"          [_thread_blocked, id=10964, stack(0x000000e62e600000,0x000000e62e700000) (1024K)]
  0x00000205c98793b0 JavaThread "jar transforms Thread 14"          [_thread_blocked, id=20772, stack(0x000000e62e700000,0x000000e62e800000) (1024K)]
  0x00000205c9878000 JavaThread "jar transforms Thread 15"          [_thread_blocked, id=27316, stack(0x000000e62e800000,0x000000e62e900000) (1024K)]
  0x00000205c9878690 JavaThread "jar transforms Thread 16"          [_thread_blocked, id=16444, stack(0x000000e62e900000,0x000000e62ea00000) (1024K)]
  0x00000205c9765ca0 JavaThread "Cache worker for checksums cache (C:\Users\rosae\OneDrive\Documentos\Sptech\PI\origami_flow_repositorys\origami.flow.app\.gradle\8.10.2\checksums)"        [_thread_blocked, id=28540, stack(0x000000e62ea00000,0x000000e62eb00000) (1024K)]
  0x00000205c9766330 JavaThread "Cache worker for file content cache (C:\Users\rosae\.gradle\caches\8.10.2\fileContent)"        [_thread_blocked, id=4136, stack(0x000000e62eb00000,0x000000e62ec00000) (1024K)]
  0x00000205c9767050 JavaThread "Cache worker for cache directory md-rule (C:\Users\rosae\.gradle\caches\8.10.2\md-rule)"        [_thread_blocked, id=17288, stack(0x000000e62ec00000,0x000000e62ed00000) (1024K)]
  0x00000205c9768400 JavaThread "Cache worker for cache directory md-supplier (C:\Users\rosae\.gradle\caches\8.10.2\md-supplier)"        [_thread_blocked, id=28112, stack(0x000000e62ed00000,0x000000e62ee00000) (1024K)]
  0x00000205c97b3760 JavaThread "C2 CompilerThread3"         daemon [_thread_in_native, id=27568, stack(0x000000e62ee00000,0x000000e62ef00000) (1024K)]
  0x00000205c7d94280 JavaThread "C2 CompilerThread4"         daemon [_thread_in_native, id=9048, stack(0x000000e62ef00000,0x000000e62f000000) (1024K)]
  0x00000205c9765610 JavaThread "Unconstrained build operations"        [_thread_blocked, id=5888, stack(0x000000e62f000000,0x000000e62f100000) (1024K)]
  0x00000205c9769120 JavaThread "Unconstrained build operations Thread 2"        [_thread_blocked, id=12644, stack(0x000000e62f100000,0x000000e62f200000) (1024K)]
  0x00000205c976b1f0 JavaThread "Unconstrained build operations Thread 3"        [_thread_blocked, id=19556, stack(0x000000e62f200000,0x000000e62f300000) (1024K)]
  0x00000205c976a4d0 JavaThread "Unconstrained build operations Thread 4"        [_thread_blocked, id=18604, stack(0x000000e62f300000,0x000000e62f400000) (1024K)]
  0x00000205c976c5a0 JavaThread "Unconstrained build operations Thread 5"        [_thread_blocked, id=24556, stack(0x000000e62f400000,0x000000e62f500000) (1024K)]
  0x00000205c97697b0 JavaThread "Unconstrained build operations Thread 6"        [_thread_blocked, id=20920, stack(0x000000e62f500000,0x000000e62f600000) (1024K)]
  0x00000205c976bf10 JavaThread "Unconstrained build operations Thread 7"        [_thread_blocked, id=10940, stack(0x000000e62f600000,0x000000e62f700000) (1024K)]
  0x00000205c9769e40 JavaThread "Unconstrained build operations Thread 8"        [_thread_blocked, id=25804, stack(0x000000e62f700000,0x000000e62f800000) (1024K)]
  0x00000205c976ab60 JavaThread "Unconstrained build operations Thread 9"        [_thread_blocked, id=9716, stack(0x000000e62f800000,0x000000e62f900000) (1024K)]
  0x00000205c976b880 JavaThread "Unconstrained build operations Thread 10"        [_thread_blocked, id=4336, stack(0x000000e62f900000,0x000000e62fa00000) (1024K)]
  0x00000205c96b40d0 JavaThread "Unconstrained build operations Thread 11"        [_thread_blocked, id=4372, stack(0x000000e62fa00000,0x000000e62fb00000) (1024K)]
  0x00000205c96b5b10 JavaThread "Unconstrained build operations Thread 12"        [_thread_blocked, id=20448, stack(0x000000e62fb00000,0x000000e62fc00000) (1024K)]
  0x00000205c96b3a40 JavaThread "Unconstrained build operations Thread 13"        [_thread_blocked, id=22056, stack(0x000000e62fc00000,0x000000e62fd00000) (1024K)]
  0x00000205c96b61a0 JavaThread "Unconstrained build operations Thread 14"        [_thread_blocked, id=2996, stack(0x000000e62fd00000,0x000000e62fe00000) (1024K)]
  0x00000205c96b6830 JavaThread "Unconstrained build operations Thread 15"        [_thread_blocked, id=27684, stack(0x000000e62fe00000,0x000000e62ff00000) (1024K)]
  0x00000205c96b7550 JavaThread "Unconstrained build operations Thread 16"        [_thread_blocked, id=17844, stack(0x000000e62ff00000,0x000000e630000000) (1024K)]
  0x00000205c96b4df0 JavaThread "Unconstrained build operations Thread 17"        [_thread_blocked, id=22416, stack(0x000000e630000000,0x000000e630100000) (1024K)]
  0x00000205c96b5480 JavaThread "Unconstrained build operations Thread 18"        [_thread_blocked, id=12900, stack(0x000000e630100000,0x000000e630200000) (1024K)]
  0x00000205c96b6ec0 JavaThread "Unconstrained build operations Thread 19"        [_thread_blocked, id=28016, stack(0x000000e630200000,0x000000e630300000) (1024K)]
  0x00000205c96b7be0 JavaThread "Unconstrained build operations Thread 20"        [_thread_blocked, id=13472, stack(0x000000e630300000,0x000000e630400000) (1024K)]
  0x00000205c96b4760 JavaThread "Unconstrained build operations Thread 21"        [_thread_blocked, id=24264, stack(0x000000e630400000,0x000000e630500000) (1024K)]
Total: 76

Other Threads:
  0x00000205c03f30d0 VMThread "VM Thread"                           [id=10824, stack(0x000000e62ab00000,0x000000e62ac00000) (1024K)]
  0x00000205bfe86a60 WatcherThread "VM Periodic Task Thread"        [id=28148, stack(0x000000e62aa00000,0x000000e62ab00000) (1024K)]
  0x00000205a7907cc0 WorkerThread "GC Thread#0"                     [id=9672, stack(0x000000e62a500000,0x000000e62a600000) (1024K)]
  0x00000205c5530da0 WorkerThread "GC Thread#1"                     [id=26032, stack(0x000000e62bb00000,0x000000e62bc00000) (1024K)]
  0x00000205c5531140 WorkerThread "GC Thread#2"                     [id=28268, stack(0x000000e62bc00000,0x000000e62bd00000) (1024K)]
  0x00000205c57af310 WorkerThread "GC Thread#3"                     [id=4508, stack(0x000000e62bd00000,0x000000e62be00000) (1024K)]
  0x00000205c57af6b0 WorkerThread "GC Thread#4"                     [id=20936, stack(0x000000e62be00000,0x000000e62bf00000) (1024K)]
  0x00000205c56561e0 WorkerThread "GC Thread#5"                     [id=12144, stack(0x000000e62bf00000,0x000000e62c000000) (1024K)]
  0x00000205c6124e30 WorkerThread "GC Thread#6"                     [id=2072, stack(0x000000e62c000000,0x000000e62c100000) (1024K)]
  0x00000205c61251d0 WorkerThread "GC Thread#7"                     [id=14496, stack(0x000000e62c100000,0x000000e62c200000) (1024K)]
  0x00000205c6bb0410 WorkerThread "GC Thread#8"                     [id=25028, stack(0x000000e62ca00000,0x000000e62cb00000) (1024K)]
  0x00000205c6bb1630 WorkerThread "GC Thread#9"                     [id=5500, stack(0x000000e62cb00000,0x000000e62cc00000) (1024K)]
  0x00000205c6bb1290 WorkerThread "GC Thread#10"                    [id=4388, stack(0x000000e62cc00000,0x000000e62cd00000) (1024K)]
  0x00000205c6bb07b0 WorkerThread "GC Thread#11"                    [id=28664, stack(0x000000e62cd00000,0x000000e62ce00000) (1024K)]
  0x00000205c6bb0b50 WorkerThread "GC Thread#12"                    [id=10256, stack(0x000000e62ce00000,0x000000e62cf00000) (1024K)]
  0x00000205a7956b80 ConcurrentGCThread "G1 Main Marker"            [id=7148, stack(0x000000e62a600000,0x000000e62a700000) (1024K)]
  0x00000205a7958be0 WorkerThread "G1 Conc#0"                       [id=17080, stack(0x000000e62a700000,0x000000e62a800000) (1024K)]
  0x00000205c6bb0ef0 WorkerThread "G1 Conc#1"                       [id=26120, stack(0x000000e62cf00000,0x000000e62d000000) (1024K)]
  0x00000205c6bb0070 WorkerThread "G1 Conc#2"                       [id=18108, stack(0x000000e62d000000,0x000000e62d100000) (1024K)]
  0x00000205bfddcda0 ConcurrentGCThread "G1 Refine#0"               [id=28432, stack(0x000000e62a800000,0x000000e62a900000) (1024K)]
  0x00000205bfddd6c0 ConcurrentGCThread "G1 Service"                [id=26444, stack(0x000000e62a900000,0x000000e62aa00000) (1024K)]
Total: 21

Threads with active compile tasks:
C2 CompilerThread0     3059 6350       4       java.net.URLClassLoader$1::run (5 bytes)
C2 CompilerThread1     3059 6354       4       org.objectweb.asm.Frame::push (59 bytes)
C2 CompilerThread2     3059 6358       4       jdk.internal.org.objectweb.asm.ClassWriter::visitMethod (57 bytes)
C2 CompilerThread3     3059 6351   !   4       java.net.URLClassLoader$1::run (81 bytes)
C2 CompilerThread4     3059 6331   !   4       java.net.URLClassLoader::findClass (47 bytes)
Total: 5

VM state: not at safepoint (normal execution)

VM Mutex/Monitor currently owned by a thread:  ([mutex/lock_event])
[0x00007ffc2ee350f8] Metaspace_lock - owner thread: 0x00000205c6da27c0

Heap address: 0x0000000080000000, size: 2048 MB, Compressed Oops mode: 32-bit

CDS archive(s) not mapped
Compressed class space mapped at: 0x0000000100000000-0x0000000140000000, reserved size: 1073741824
Narrow klass base: 0x0000000000000000, Narrow klass shift: 3, Narrow klass range: 0x140000000

GC Precious Log:
 CardTable entry size: 512
 Card Set container configuration: InlinePtr #cards 5 size 8 Array Of Cards #cards 12 size 40 Howl #buckets 4 coarsen threshold 1843 Howl Bitmap #cards 512 size 80 coarsen threshold 460 Card regions per heap region 1 cards per card region 2048
 CPUs: 16 total, 16 available
 Memory: 16068M
 Large Page Support: Disabled
 NUMA Support: Disabled
 Compressed Oops: Enabled (32-bit)
 Heap Region Size: 1M
 Heap Min Capacity: 8M
 Heap Initial Capacity: 252M
 Heap Max Capacity: 2G
 Pre-touch: Disabled
 Parallel Workers: 13
 Concurrent Workers: 3
 Concurrent Refinement Workers: 13
 Periodic GC: Disabled

Heap:
 garbage-first heap   total 128000K, used 97971K [0x0000000080000000, 0x0000000100000000)
  region size 1024K, 26 young (26624K), 4 survivors (4096K)
 Metaspace       used 59997K, committed 61632K, reserved 1114112K
  class space    used 8048K, committed 8832K, reserved 1048576K

Heap Regions: E=young(eden), S=young(survivor), O=old, HS=humongous(starts), HC=humongous(continues), CS=collection set, F=free, TAMS=top-at-mark-start, PB=parsable bottom
|   0|0x0000000080000000, 0x0000000080100000, 0x0000000080100000|100%| O|  |TAMS 0x0000000080000000| PB 0x0000000080000000| Untracked 
|   1|0x0000000080100000, 0x0000000080200000, 0x0000000080200000|100%| O|  |TAMS 0x0000000080100000| PB 0x0000000080100000| Untracked 
|   2|0x0000000080200000, 0x0000000080300000, 0x0000000080300000|100%|HS|  |TAMS 0x0000000080200000| PB 0x0000000080200000| Complete 
|   3|0x0000000080300000, 0x0000000080400000, 0x0000000080400000|100%|HC|  |TAMS 0x0000000080300000| PB 0x0000000080300000| Complete 
|   4|0x0000000080400000, 0x0000000080500000, 0x0000000080500000|100%|HC|  |TAMS 0x0000000080400000| PB 0x0000000080400000| Complete 
|   5|0x0000000080500000, 0x0000000080600000, 0x0000000080600000|100%|HC|  |TAMS 0x0000000080500000| PB 0x0000000080500000| Complete 
|   6|0x0000000080600000, 0x0000000080700000, 0x0000000080700000|100%| O|  |TAMS 0x0000000080600000| PB 0x0000000080600000| Untracked 
|   7|0x0000000080700000, 0x0000000080800000, 0x0000000080800000|100%| O|  |TAMS 0x0000000080700000| PB 0x0000000080700000| Untracked 
|   8|0x0000000080800000, 0x0000000080900000, 0x0000000080900000|100%| O|  |TAMS 0x0000000080800000| PB 0x0000000080800000| Untracked 
|   9|0x0000000080900000, 0x0000000080a00000, 0x0000000080a00000|100%|HS|  |TAMS 0x0000000080900000| PB 0x0000000080900000| Complete 
|  10|0x0000000080a00000, 0x0000000080b00000, 0x0000000080b00000|100%| O|  |TAMS 0x0000000080a00000| PB 0x0000000080a00000| Untracked 
|  11|0x0000000080b00000, 0x0000000080c00000, 0x0000000080c00000|100%| O|  |TAMS 0x0000000080b00000| PB 0x0000000080b00000| Untracked 
|  12|0x0000000080c00000, 0x0000000080d00000, 0x0000000080d00000|100%| O|  |TAMS 0x0000000080c00000| PB 0x0000000080c00000| Untracked 
|  13|0x0000000080d00000, 0x0000000080e00000, 0x0000000080e00000|100%| O|  |TAMS 0x0000000080d00000| PB 0x0000000080d00000| Untracked 
|  14|0x0000000080e00000, 0x0000000080f00000, 0x0000000080f00000|100%| O|  |TAMS 0x0000000080e00000| PB 0x0000000080e00000| Untracked 
|  15|0x0000000080f00000, 0x0000000081000000, 0x0000000081000000|100%| O|  |TAMS 0x0000000080f00000| PB 0x0000000080f00000| Untracked 
|  16|0x0000000081000000, 0x0000000081100000, 0x0000000081100000|100%| O|  |TAMS 0x0000000081000000| PB 0x0000000081000000| Untracked 
|  17|0x0000000081100000, 0x0000000081200000, 0x0000000081200000|100%| O|  |TAMS 0x0000000081100000| PB 0x0000000081100000| Untracked 
|  18|0x0000000081200000, 0x0000000081300000, 0x0000000081300000|100%| O|  |TAMS 0x0000000081200000| PB 0x0000000081200000| Untracked 
|  19|0x0000000081300000, 0x0000000081400000, 0x0000000081400000|100%| O|  |TAMS 0x0000000081300000| PB 0x0000000081300000| Untracked 
|  20|0x0000000081400000, 0x0000000081500000, 0x0000000081500000|100%| O|  |TAMS 0x0000000081400000| PB 0x0000000081400000| Untracked 
|  21|0x0000000081500000, 0x0000000081600000, 0x0000000081600000|100%| O|  |TAMS 0x0000000081500000| PB 0x0000000081500000| Untracked 
|  22|0x0000000081600000, 0x0000000081700000, 0x0000000081700000|100%|HS|  |TAMS 0x0000000081600000| PB 0x0000000081600000| Complete 
|  23|0x0000000081700000, 0x0000000081800000, 0x0000000081800000|100%|HC|  |TAMS 0x0000000081700000| PB 0x0000000081700000| Complete 
|  24|0x0000000081800000, 0x0000000081900000, 0x0000000081900000|100%|HC|  |TAMS 0x0000000081800000| PB 0x0000000081800000| Complete 
|  25|0x0000000081900000, 0x0000000081a00000, 0x0000000081a00000|100%|HC|  |TAMS 0x0000000081900000| PB 0x0000000081900000| Complete 
|  26|0x0000000081a00000, 0x0000000081b00000, 0x0000000081b00000|100%|HC|  |TAMS 0x0000000081a00000| PB 0x0000000081a00000| Complete 
|  27|0x0000000081b00000, 0x0000000081c00000, 0x0000000081c00000|100%|HC|  |TAMS 0x0000000081b00000| PB 0x0000000081b00000| Complete 
|  28|0x0000000081c00000, 0x0000000081d00000, 0x0000000081d00000|100%|HS|  |TAMS 0x0000000081c00000| PB 0x0000000081c00000| Complete 
|  29|0x0000000081d00000, 0x0000000081e00000, 0x0000000081e00000|100%| O|  |TAMS 0x0000000081d00000| PB 0x0000000081d00000| Untracked 
|  30|0x0000000081e00000, 0x0000000081f00000, 0x0000000081f00000|100%| O|  |TAMS 0x0000000081e00000| PB 0x0000000081e00000| Untracked 
|  31|0x0000000081f00000, 0x0000000082000000, 0x0000000082000000|100%| O|  |TAMS 0x0000000081f00000| PB 0x0000000081f00000| Untracked 
|  32|0x0000000082000000, 0x0000000082100000, 0x0000000082100000|100%| O|  |TAMS 0x0000000082000000| PB 0x0000000082000000| Untracked 
|  33|0x0000000082100000, 0x0000000082200000, 0x0000000082200000|100%| O|  |TAMS 0x0000000082100000| PB 0x0000000082100000| Untracked 
|  34|0x0000000082200000, 0x0000000082300000, 0x0000000082300000|100%| O|  |TAMS 0x0000000082200000| PB 0x0000000082200000| Untracked 
|  35|0x0000000082300000, 0x0000000082400000, 0x0000000082400000|100%|HS|  |TAMS 0x0000000082300000| PB 0x0000000082300000| Complete 
|  36|0x0000000082400000, 0x0000000082500000, 0x0000000082500000|100%|HC|  |TAMS 0x0000000082400000| PB 0x0000000082400000| Complete 
|  37|0x0000000082500000, 0x0000000082600000, 0x0000000082600000|100%|HC|  |TAMS 0x0000000082500000| PB 0x0000000082500000| Complete 
|  38|0x0000000082600000, 0x0000000082700000, 0x0000000082700000|100%|HS|  |TAMS 0x0000000082600000| PB 0x0000000082600000| Complete 
|  39|0x0000000082700000, 0x0000000082800000, 0x0000000082800000|100%|HC|  |TAMS 0x0000000082700000| PB 0x0000000082700000| Complete 
|  40|0x0000000082800000, 0x0000000082900000, 0x0000000082900000|100%| O|  |TAMS 0x0000000082800000| PB 0x0000000082800000| Untracked 
|  41|0x0000000082900000, 0x0000000082a00000, 0x0000000082a00000|100%| O|  |TAMS 0x0000000082900000| PB 0x0000000082900000| Untracked 
|  42|0x0000000082a00000, 0x0000000082b00000, 0x0000000082b00000|100%| O|  |TAMS 0x0000000082a00000| PB 0x0000000082a00000| Untracked 
|  43|0x0000000082b00000, 0x0000000082c00000, 0x0000000082c00000|100%| O|Cm|TAMS 0x0000000082b00000| PB 0x0000000082b00000| Complete 
|  44|0x0000000082c00000, 0x0000000082d00000, 0x0000000082d00000|100%|HS|  |TAMS 0x0000000082c00000| PB 0x0000000082c00000| Complete 
|  45|0x0000000082d00000, 0x0000000082e00000, 0x0000000082e00000|100%|HC|  |TAMS 0x0000000082d00000| PB 0x0000000082d00000| Complete 
|  46|0x0000000082e00000, 0x0000000082f00000, 0x0000000082f00000|100%| O|  |TAMS 0x0000000082e00000| PB 0x0000000082e00000| Untracked 
|  47|0x0000000082f00000, 0x0000000083000000, 0x0000000083000000|100%| O|  |TAMS 0x0000000082f00000| PB 0x0000000082f00000| Untracked 
|  48|0x0000000083000000, 0x0000000083100000, 0x0000000083100000|100%|HS|  |TAMS 0x0000000083000000| PB 0x0000000083000000| Complete 
|  49|0x0000000083100000, 0x0000000083200000, 0x0000000083200000|100%|HC|  |TAMS 0x0000000083100000| PB 0x0000000083100000| Complete 
|  50|0x0000000083200000, 0x0000000083300000, 0x0000000083300000|100%|HC|  |TAMS 0x0000000083200000| PB 0x0000000083200000| Complete 
|  51|0x0000000083300000, 0x0000000083400000, 0x0000000083400000|100%|HC|  |TAMS 0x0000000083300000| PB 0x0000000083300000| Complete 
|  52|0x0000000083400000, 0x0000000083500000, 0x0000000083500000|100%|HC|  |TAMS 0x0000000083400000| PB 0x0000000083400000| Complete 
|  53|0x0000000083500000, 0x0000000083600000, 0x0000000083600000|100%|HC|  |TAMS 0x0000000083500000| PB 0x0000000083500000| Complete 
|  54|0x0000000083600000, 0x0000000083700000, 0x0000000083700000|100%| O|  |TAMS 0x0000000083600000| PB 0x0000000083600000| Untracked 
|  55|0x0000000083700000, 0x0000000083800000, 0x0000000083800000|100%| O|  |TAMS 0x0000000083700000| PB 0x0000000083700000| Untracked 
|  56|0x0000000083800000, 0x0000000083900000, 0x0000000083900000|100%| O|  |TAMS 0x0000000083800000| PB 0x0000000083800000| Untracked 
|  57|0x0000000083900000, 0x0000000083a00000, 0x0000000083a00000|100%| O|  |TAMS 0x0000000083900000| PB 0x0000000083900000| Untracked 
|  58|0x0000000083a00000, 0x0000000083a00000, 0x0000000083b00000|  0%| F|  |TAMS 0x0000000083a00000| PB 0x0000000083a00000| Untracked 
|  59|0x0000000083b00000, 0x0000000083c00000, 0x0000000083c00000|100%| O|  |TAMS 0x0000000083b00000| PB 0x0000000083b00000| Untracked 
|  60|0x0000000083c00000, 0x0000000083d00000, 0x0000000083d00000|100%| O|  |TAMS 0x0000000083c00000| PB 0x0000000083c00000| Untracked 
|  61|0x0000000083d00000, 0x0000000083e00000, 0x0000000083e00000|100%| O|  |TAMS 0x0000000083d00000| PB 0x0000000083d00000| Untracked 
|  62|0x0000000083e00000, 0x0000000083f00000, 0x0000000083f00000|100%| O|  |TAMS 0x0000000083e00000| PB 0x0000000083e00000| Untracked 
|  63|0x0000000083f00000, 0x0000000083f3f1f8, 0x0000000084000000| 24%| O|  |TAMS 0x0000000083f00000| PB 0x0000000083f00000| Untracked 
|  64|0x0000000084000000, 0x0000000084100000, 0x0000000084100000|100%|HS|  |TAMS 0x0000000084000000| PB 0x0000000084000000| Complete 
|  65|0x0000000084100000, 0x0000000084200000, 0x0000000084200000|100%|HC|  |TAMS 0x0000000084100000| PB 0x0000000084100000| Complete 
|  66|0x0000000084200000, 0x0000000084300000, 0x0000000084300000|100%|HC|  |TAMS 0x0000000084200000| PB 0x0000000084200000| Complete 
|  67|0x0000000084300000, 0x0000000084400000, 0x0000000084400000|100%|HC|  |TAMS 0x0000000084300000| PB 0x0000000084300000| Complete 
|  68|0x0000000084400000, 0x0000000084500000, 0x0000000084500000|100%|HC|  |TAMS 0x0000000084400000| PB 0x0000000084400000| Complete 
|  69|0x0000000084500000, 0x0000000084600000, 0x0000000084600000|100%|HC|  |TAMS 0x0000000084500000| PB 0x0000000084500000| Complete 
|  70|0x0000000084600000, 0x0000000084600000, 0x0000000084700000|  0%| F|  |TAMS 0x0000000084600000| PB 0x0000000084600000| Untracked 
|  71|0x0000000084700000, 0x0000000084700000, 0x0000000084800000|  0%| F|  |TAMS 0x0000000084700000| PB 0x0000000084700000| Untracked 
|  72|0x0000000084800000, 0x0000000084800000, 0x0000000084900000|  0%| F|  |TAMS 0x0000000084800000| PB 0x0000000084800000| Untracked 
|  73|0x0000000084900000, 0x0000000084900000, 0x0000000084a00000|  0%| F|  |TAMS 0x0000000084900000| PB 0x0000000084900000| Untracked 
|  74|0x0000000084a00000, 0x0000000084a00000, 0x0000000084b00000|  0%| F|  |TAMS 0x0000000084a00000| PB 0x0000000084a00000| Untracked 
|  75|0x0000000084b00000, 0x0000000084b00000, 0x0000000084c00000|  0%| F|  |TAMS 0x0000000084b00000| PB 0x0000000084b00000| Untracked 
|  76|0x0000000084c00000, 0x0000000084c00000, 0x0000000084d00000|  0%| F|  |TAMS 0x0000000084c00000| PB 0x0000000084c00000| Untracked 
|  77|0x0000000084d00000, 0x0000000084d00000, 0x0000000084e00000|  0%| F|  |TAMS 0x0000000084d00000| PB 0x0000000084d00000| Untracked 
|  78|0x0000000084e00000, 0x0000000084e00000, 0x0000000084f00000|  0%| F|  |TAMS 0x0000000084e00000| PB 0x0000000084e00000| Untracked 
|  79|0x0000000084f00000, 0x0000000084f00000, 0x0000000085000000|  0%| F|  |TAMS 0x0000000084f00000| PB 0x0000000084f00000| Untracked 
|  80|0x0000000085000000, 0x0000000085000000, 0x0000000085100000|  0%| F|  |TAMS 0x0000000085000000| PB 0x0000000085000000| Untracked 
|  81|0x0000000085100000, 0x0000000085100000, 0x0000000085200000|  0%| F|  |TAMS 0x0000000085100000| PB 0x0000000085100000| Untracked 
|  82|0x0000000085200000, 0x0000000085200000, 0x0000000085300000|  0%| F|  |TAMS 0x0000000085200000| PB 0x0000000085200000| Untracked 
|  83|0x0000000085300000, 0x0000000085300000, 0x0000000085400000|  0%| F|  |TAMS 0x0000000085300000| PB 0x0000000085300000| Untracked 
|  84|0x0000000085400000, 0x0000000085400000, 0x0000000085500000|  0%| F|  |TAMS 0x0000000085400000| PB 0x0000000085400000| Untracked 
|  85|0x0000000085500000, 0x0000000085500000, 0x0000000085600000|  0%| F|  |TAMS 0x0000000085500000| PB 0x0000000085500000| Untracked 
|  86|0x0000000085600000, 0x0000000085600000, 0x0000000085700000|  0%| F|  |TAMS 0x0000000085600000| PB 0x0000000085600000| Untracked 
|  87|0x0000000085700000, 0x0000000085700000, 0x0000000085800000|  0%| F|  |TAMS 0x0000000085700000| PB 0x0000000085700000| Untracked 
|  88|0x0000000085800000, 0x0000000085800000, 0x0000000085900000|  0%| F|  |TAMS 0x0000000085800000| PB 0x0000000085800000| Untracked 
|  89|0x0000000085900000, 0x0000000085900000, 0x0000000085a00000|  0%| F|  |TAMS 0x0000000085900000| PB 0x0000000085900000| Untracked 
|  90|0x0000000085a00000, 0x0000000085a00000, 0x0000000085b00000|  0%| F|  |TAMS 0x0000000085a00000| PB 0x0000000085a00000| Untracked 
|  91|0x0000000085b00000, 0x0000000085b00000, 0x0000000085c00000|  0%| F|  |TAMS 0x0000000085b00000| PB 0x0000000085b00000| Untracked 
|  92|0x0000000085c00000, 0x0000000085c6dbb8, 0x0000000085d00000| 42%| S|CS|TAMS 0x0000000085c00000| PB 0x0000000085c00000| Complete 
|  93|0x0000000085d00000, 0x0000000085e00000, 0x0000000085e00000|100%| S|CS|TAMS 0x0000000085d00000| PB 0x0000000085d00000| Complete 
|  94|0x0000000085e00000, 0x0000000085f00000, 0x0000000085f00000|100%| S|CS|TAMS 0x0000000085e00000| PB 0x0000000085e00000| Complete 
|  95|0x0000000085f00000, 0x0000000086000000, 0x0000000086000000|100%| S|CS|TAMS 0x0000000085f00000| PB 0x0000000085f00000| Complete 
|  96|0x0000000086000000, 0x0000000086000000, 0x0000000086100000|  0%| F|  |TAMS 0x0000000086000000| PB 0x0000000086000000| Untracked 
|  97|0x0000000086100000, 0x0000000086100000, 0x0000000086200000|  0%| F|  |TAMS 0x0000000086100000| PB 0x0000000086100000| Untracked 
|  98|0x0000000086200000, 0x0000000086200000, 0x0000000086300000|  0%| F|  |TAMS 0x0000000086200000| PB 0x0000000086200000| Untracked 
|  99|0x0000000086300000, 0x0000000086300000, 0x0000000086400000|  0%| F|  |TAMS 0x0000000086300000| PB 0x0000000086300000| Untracked 
| 100|0x0000000086400000, 0x000000008646c050, 0x0000000086500000| 42%| E|  |TAMS 0x0000000086400000| PB 0x0000000086400000| Complete 
| 101|0x0000000086500000, 0x0000000086600000, 0x0000000086600000|100%| E|CS|TAMS 0x0000000086500000| PB 0x0000000086500000| Complete 
| 102|0x0000000086600000, 0x0000000086700000, 0x0000000086700000|100%| E|CS|TAMS 0x0000000086600000| PB 0x0000000086600000| Complete 
| 103|0x0000000086700000, 0x0000000086800000, 0x0000000086800000|100%| E|CS|TAMS 0x0000000086700000| PB 0x0000000086700000| Complete 
| 104|0x0000000086800000, 0x0000000086900000, 0x0000000086900000|100%| E|CS|TAMS 0x0000000086800000| PB 0x0000000086800000| Complete 
| 105|0x0000000086900000, 0x0000000086a00000, 0x0000000086a00000|100%| E|CS|TAMS 0x0000000086900000| PB 0x0000000086900000| Complete 
| 106|0x0000000086a00000, 0x0000000086b00000, 0x0000000086b00000|100%| E|CS|TAMS 0x0000000086a00000| PB 0x0000000086a00000| Complete 
| 107|0x0000000086b00000, 0x0000000086c00000, 0x0000000086c00000|100%| E|CS|TAMS 0x0000000086b00000| PB 0x0000000086b00000| Complete 
| 108|0x0000000086c00000, 0x0000000086d00000, 0x0000000086d00000|100%| E|CS|TAMS 0x0000000086c00000| PB 0x0000000086c00000| Complete 
| 109|0x0000000086d00000, 0x0000000086e00000, 0x0000000086e00000|100%| E|CS|TAMS 0x0000000086d00000| PB 0x0000000086d00000| Complete 
| 110|0x0000000086e00000, 0x0000000086f00000, 0x0000000086f00000|100%| E|CS|TAMS 0x0000000086e00000| PB 0x0000000086e00000| Complete 
| 222|0x000000008de00000, 0x000000008df00000, 0x000000008df00000|100%| E|CS|TAMS 0x000000008de00000| PB 0x000000008de00000| Complete 
| 223|0x000000008df00000, 0x000000008e000000, 0x000000008e000000|100%| E|CS|TAMS 0x000000008df00000| PB 0x000000008df00000| Complete 
| 224|0x000000008e000000, 0x000000008e100000, 0x000000008e100000|100%| E|CS|TAMS 0x000000008e000000| PB 0x000000008e000000| Complete 
| 225|0x000000008e100000, 0x000000008e200000, 0x000000008e200000|100%| E|CS|TAMS 0x000000008e100000| PB 0x000000008e100000| Complete 
| 226|0x000000008e200000, 0x000000008e300000, 0x000000008e300000|100%| E|CS|TAMS 0x000000008e200000| PB 0x000000008e200000| Complete 
| 227|0x000000008e300000, 0x000000008e400000, 0x000000008e400000|100%| E|CS|TAMS 0x000000008e300000| PB 0x000000008e300000| Complete 
| 228|0x000000008e400000, 0x000000008e500000, 0x000000008e500000|100%| E|CS|TAMS 0x000000008e400000| PB 0x000000008e400000| Complete 
| 229|0x000000008e500000, 0x000000008e600000, 0x000000008e600000|100%| E|CS|TAMS 0x000000008e500000| PB 0x000000008e500000| Complete 
| 230|0x000000008e600000, 0x000000008e700000, 0x000000008e700000|100%| E|CS|TAMS 0x000000008e600000| PB 0x000000008e600000| Complete 
| 231|0x000000008e700000, 0x000000008e800000, 0x000000008e800000|100%| E|CS|TAMS 0x000000008e700000| PB 0x000000008e700000| Complete 
| 251|0x000000008fb00000, 0x000000008fc00000, 0x000000008fc00000|100%| E|CS|TAMS 0x000000008fb00000| PB 0x000000008fb00000| Complete 
|2045|0x00000000ffd00000, 0x00000000ffe00000, 0x00000000ffe00000|100%| O|  |TAMS 0x00000000ffd00000| PB 0x00000000ffd00000| Untracked 
|2046|0x00000000ffe00000, 0x00000000fff00000, 0x00000000fff00000|100%| O|  |TAMS 0x00000000ffe00000| PB 0x00000000ffe00000| Untracked 
|2047|0x00000000fff00000, 0x0000000100000000, 0x0000000100000000|100%| O|  |TAMS 0x00000000fff00000| PB 0x00000000fff00000| Untracked 

Card table byte_map: [0x00000205bae60000,0x00000205bb260000] _byte_map_base: 0x00000205baa60000

Marking Bits: (CMBitMap*) 0x00000205a79082d0
 Bits: [0x00000205bb260000, 0x00000205bd260000)

Polling page: 0x00000205a5fe0000

Metaspace:

Usage:
  Non-class:     50.73 MB used.
      Class:      7.86 MB used.
       Both:     58.59 MB used.

Virtual space:
  Non-class space:       64.00 MB reserved,      51.56 MB ( 81%) committed,  1 nodes.
      Class space:        1.00 GB reserved,       8.62 MB ( <1%) committed,  1 nodes.
             Both:        1.06 GB reserved,      60.19 MB (  6%) committed. 

Chunk freelists:
   Non-Class:  11.62 MB
       Class:  7.19 MB
        Both:  18.80 MB

MaxMetaspaceSize: unlimited
CompressedClassSpaceSize: 1.00 GB
Initial GC threshold: 21.00 MB
Current GC threshold: 95.31 MB
CDS: off
 - commit_granule_bytes: 65536.
 - commit_granule_words: 8192.
 - virtual_space_node_default_size: 8388608.
 - enlarge_chunks_in_place: 1.
 - use_allocation_guard: 0.


Internal statistics:

num_allocs_failed_limit: 6.
num_arena_births: 2960.
num_arena_deaths: 0.
num_vsnodes_births: 2.
num_vsnodes_deaths: 0.
num_space_committed: 963.
num_space_uncommitted: 0.
num_chunks_returned_to_freelist: 6.
num_chunks_taken_from_freelist: 5412.
num_chunk_merges: 3.
num_chunk_splits: 3465.
num_chunks_enlarged: 2096.
num_inconsistent_stats: 0.

CodeHeap 'non-profiled nmethods': size=119168Kb used=2788Kb max_used=2874Kb free=116379Kb
 bounds [0x00000205b2640000, 0x00000205b2910000, 0x00000205b9aa0000]
CodeHeap 'profiled nmethods': size=119104Kb used=10885Kb max_used=10954Kb free=108218Kb
 bounds [0x00000205aaaa0000, 0x00000205ab560000, 0x00000205b1ef0000]
CodeHeap 'non-nmethods': size=7488Kb used=4389Kb max_used=4428Kb free=3098Kb
 bounds [0x00000205b1ef0000, 0x00000205b2350000, 0x00000205b2640000]
 total_blobs=6425 nmethods=5570 adapters=756
 compilation: enabled
              stopped_count=0, restarted_count=0
 full_count=0

Compilation events (20 events):
Event: 3.030 Thread 0x00000205c50c1950 6346       4       org.gradle.internal.instantiation.generator.AbstractClassGenerator$InjectionAnnotationValidator::validateMethod (502 bytes)
Event: 3.030 Thread 0x00000205c06221e0 6347       1       com.google.common.collect.LinkedHashMultimap$ValueSet::setSuccessorInValueSet (6 bytes)
Event: 3.030 Thread 0x00000205c06221e0 nmethod 6347 0x00000205b26afd90 code [0x00000205b26aff20, 0x00000205b26b0030]
Event: 3.030 Thread 0x00000205c97b3760 6348       4       org.objectweb.asm.Frame::pop (42 bytes)
Event: 3.031 Thread 0x00000205c97b3760 nmethod 6348 0x00000205b26afa10 code [0x00000205b26afba0, 0x00000205b26afc98]
Event: 3.031 Thread 0x00000205c97b3760 6349       4       org.objectweb.asm.MethodVisitor::<init> (79 bytes)
Event: 3.031 Thread 0x00000205c97b3760 nmethod 6349 0x00000205b26af410 code [0x00000205b26af5a0, 0x00000205b26af730]
Event: 3.032 Thread 0x00000205c5446490 nmethod 6345 0x00000205b2849010 code [0x00000205b28491c0, 0x00000205b2849610]
Event: 3.033 Thread 0x00000205c04664e0 nmethod 6344 0x00000205b2848490 code [0x00000205b2848640, 0x00000205b2848d58]
Event: 3.034 Thread 0x00000205c04664e0 6350       4       java.net.URLClassLoader$1::run (5 bytes)
Event: 3.034 Thread 0x00000205c97b3760 6351   !   4       java.net.URLClassLoader$1::run (81 bytes)
Event: 3.037 Thread 0x00000205c06221e0 6352       3       com.google.common.collect.ImmutableMapEntrySet$RegularEntrySet::<init> (10 bytes)
Event: 3.037 Thread 0x00000205c5446490 6353       4       org.gradle.internal.instantiation.generator.AbstractClassGenerator$InjectionAnnotationValidator::validateMethod (166 bytes)
Event: 3.037 Thread 0x00000205c06221e0 nmethod 6352 0x00000205aacaf690 code [0x00000205aacaf880, 0x00000205aacafdb0]
Event: 3.039 Thread 0x00000205c06445d0 6355       3       org.objectweb.asm.SymbolTable::addConstantIntegerOrFloat (100 bytes)
Event: 3.039 Thread 0x00000205c50c1950 nmethod 6346 0x00000205b2846510 code [0x00000205b2846800, 0x00000205b2847750]
Event: 3.039 Thread 0x00000205c50c1950 6354       4       org.objectweb.asm.Frame::push (59 bytes)
Event: 3.039 Thread 0x00000205c06445d0 nmethod 6355 0x00000205aab0c890 code [0x00000205aab0caa0, 0x00000205aab0cfe0]
Event: 3.040 Thread 0x00000205c5446490 nmethod 6353 0x00000205b2845990 code [0x00000205b2845b80, 0x00000205b2846060]
Event: 3.042 Thread 0x00000205c5446490 6358       4       jdk.internal.org.objectweb.asm.ClassWriter::visitMethod (57 bytes)

GC Heap History (20 events):
Event: 1.297 GC heap before
{Heap before GC invocations=5 (full 0):
 garbage-first heap   total 75776K, used 73400K [0x0000000080000000, 0x0000000100000000)
  region size 1024K, 62 young (63488K), 10 survivors (10240K)
 Metaspace       used 29856K, committed 30464K, reserved 1114112K
  class space    used 3793K, committed 4032K, reserved 1048576K
}
Event: 1.301 GC heap after
{Heap after GC invocations=6 (full 0):
 garbage-first heap   total 89088K, used 24537K [0x0000000080000000, 0x0000000100000000)
  region size 1024K, 13 young (13312K), 13 survivors (13312K)
 Metaspace       used 29856K, committed 30464K, reserved 1114112K
  class space    used 3793K, committed 4032K, reserved 1048576K
}
Event: 1.609 GC heap before
{Heap before GC invocations=6 (full 0):
 garbage-first heap   total 89088K, used 63449K [0x0000000080000000, 0x0000000100000000)
  region size 1024K, 52 young (53248K), 13 survivors (13312K)
 Metaspace       used 35022K, committed 35904K, reserved 1114112K
  class space    used 4672K, committed 5120K, reserved 1048576K
}
Event: 1.613 GC heap after
{Heap after GC invocations=7 (full 0):
 garbage-first heap   total 89088K, used 27409K [0x0000000080000000, 0x0000000100000000)
  region size 1024K, 7 young (7168K), 7 survivors (7168K)
 Metaspace       used 35022K, committed 35904K, reserved 1114112K
  class space    used 4672K, committed 5120K, reserved 1048576K
}
Event: 1.629 GC heap before
{Heap before GC invocations=7 (full 0):
 garbage-first heap   total 89088K, used 39697K [0x0000000080000000, 0x0000000100000000)
  region size 1024K, 10 young (10240K), 7 survivors (7168K)
 Metaspace       used 35110K, committed 35968K, reserved 1114112K
  class space    used 4683K, committed 5120K, reserved 1048576K
}
Event: 1.632 GC heap after
{Heap after GC invocations=8 (full 0):
 garbage-first heap   total 89088K, used 40447K [0x0000000080000000, 0x0000000100000000)
  region size 1024K, 6 young (6144K), 6 survivors (6144K)
 Metaspace       used 35110K, committed 35968K, reserved 1114112K
  class space    used 4683K, committed 5120K, reserved 1048576K
}
Event: 1.850 GC heap before
{Heap before GC invocations=9 (full 0):
 garbage-first heap   total 89088K, used 72191K [0x0000000080000000, 0x0000000100000000)
  region size 1024K, 36 young (36864K), 6 survivors (6144K)
 Metaspace       used 38694K, committed 39680K, reserved 1114112K
  class space    used 5253K, committed 5760K, reserved 1048576K
}
Event: 1.852 GC heap after
{Heap after GC invocations=10 (full 0):
 garbage-first heap   total 89088K, used 44901K [0x0000000080000000, 0x0000000100000000)
  region size 1024K, 5 young (5120K), 5 survivors (5120K)
 Metaspace       used 38694K, committed 39680K, reserved 1114112K
  class space    used 5253K, committed 5760K, reserved 1048576K
}
Event: 2.034 GC heap before
{Heap before GC invocations=10 (full 0):
 garbage-first heap   total 89088K, used 74597K [0x0000000080000000, 0x0000000100000000)
  region size 1024K, 34 young (34816K), 5 survivors (5120K)
 Metaspace       used 42753K, committed 43968K, reserved 1114112K
  class space    used 5924K, committed 6528K, reserved 1048576K
}
Event: 2.036 GC heap after
{Heap after GC invocations=11 (full 0):
 garbage-first heap   total 89088K, used 45726K [0x0000000080000000, 0x0000000100000000)
  region size 1024K, 5 young (5120K), 5 survivors (5120K)
 Metaspace       used 42753K, committed 43968K, reserved 1114112K
  class space    used 5924K, committed 6528K, reserved 1048576K
}
Event: 2.257 GC heap before
{Heap before GC invocations=11 (full 0):
 garbage-first heap   total 89088K, used 74398K [0x0000000080000000, 0x0000000100000000)
  region size 1024K, 34 young (34816K), 5 survivors (5120K)
 Metaspace       used 49005K, committed 50240K, reserved 1114112K
  class space    used 6620K, committed 7232K, reserved 1048576K
}
Event: 2.260 GC heap after
{Heap after GC invocations=12 (full 0):
 garbage-first heap   total 114688K, used 49841K [0x0000000080000000, 0x0000000100000000)
  region size 1024K, 5 young (5120K), 5 survivors (5120K)
 Metaspace       used 49005K, committed 50240K, reserved 1114112K
  class space    used 6620K, committed 7232K, reserved 1048576K
}
Event: 2.543 GC heap before
{Heap before GC invocations=13 (full 0):
 garbage-first heap   total 114688K, used 101041K [0x0000000080000000, 0x0000000100000000)
  region size 1024K, 51 young (52224K), 5 survivors (5120K)
 Metaspace       used 53037K, committed 54528K, reserved 1114112K
  class space    used 7096K, committed 7808K, reserved 1048576K
}
Event: 2.546 GC heap after
{Heap after GC invocations=14 (full 0):
 garbage-first heap   total 114688K, used 53614K [0x0000000080000000, 0x0000000100000000)
  region size 1024K, 7 young (7168K), 7 survivors (7168K)
 Metaspace       used 53037K, committed 54528K, reserved 1114112K
  class space    used 7096K, committed 7808K, reserved 1048576K
}
Event: 2.835 GC heap before
{Heap before GC invocations=14 (full 0):
 garbage-first heap   total 114688K, used 105838K [0x0000000080000000, 0x0000000100000000)
  region size 1024K, 51 young (52224K), 7 survivors (7168K)
 Metaspace       used 56607K, committed 58176K, reserved 1114112K
  class space    used 7657K, committed 8448K, reserved 1048576K
}
Event: 2.838 GC heap after
{Heap after GC invocations=15 (full 0):
 garbage-first heap   total 120832K, used 67011K [0x0000000080000000, 0x0000000100000000)
  region size 1024K, 6 young (6144K), 6 survivors (6144K)
 Metaspace       used 56607K, committed 58176K, reserved 1114112K
  class space    used 7657K, committed 8448K, reserved 1048576K
}
Event: 2.873 GC heap before
{Heap before GC invocations=15 (full 0):
 garbage-first heap   total 120832K, used 72131K [0x0000000080000000, 0x0000000100000000)
  region size 1024K, 12 young (12288K), 6 survivors (6144K)
 Metaspace       used 56858K, committed 58432K, reserved 1114112K
  class space    used 7703K, committed 8448K, reserved 1048576K
}
Event: 2.875 GC heap after
{Heap after GC invocations=16 (full 0):
 garbage-first heap   total 120832K, used 69884K [0x0000000080000000, 0x0000000100000000)
  region size 1024K, 3 young (3072K), 3 survivors (3072K)
 Metaspace       used 56858K, committed 58432K, reserved 1114112K
  class space    used 7703K, committed 8448K, reserved 1048576K
}
Event: 2.966 GC heap before
{Heap before GC invocations=17 (full 0):
 garbage-first heap   total 128000K, used 100604K [0x0000000080000000, 0x0000000100000000)
  region size 1024K, 26 young (26624K), 3 survivors (3072K)
 Metaspace       used 58982K, committed 60544K, reserved 1114112K
  class space    used 7872K, committed 8640K, reserved 1048576K
}
Event: 2.968 GC heap after
{Heap after GC invocations=18 (full 0):
 garbage-first heap   total 128000K, used 76467K [0x0000000080000000, 0x0000000100000000)
  region size 1024K, 4 young (4096K), 4 survivors (4096K)
 Metaspace       used 58982K, committed 60544K, reserved 1114112K
  class space    used 7872K, committed 8640K, reserved 1048576K
}

Dll operation events (3 events):
Event: 0.005 Loaded shared library C:\Users\rosae\AppData\Local\Programs\Android Studio\jbr\bin\java.dll
Event: 0.008 Loaded shared library C:\Users\rosae\AppData\Local\Programs\Android Studio\jbr\bin\zip.dll
Event: 0.234 Loaded shared library C:\Users\rosae\AppData\Local\Programs\Android Studio\jbr\bin\verify.dll

Deoptimization events (20 events):
Event: 2.926 Thread 0x00000205c6da27c0 Uncommon trap: trap_request=0xffffffbe fr.pc=0x00000205b275c1a8 relative=0x0000000000000348
Event: 2.926 Thread 0x00000205c6da27c0 Uncommon trap: reason=profile_predicate action=maybe_recompile pc=0x00000205b275c1a8 method=sun.instrument.TransformerManager.transform(Ljava/lang/Module;Ljava/lang/ClassLoader;Ljava/lang/String;Ljava/lang/Class;Ljava/security/ProtectionDomain;[B)[B @ 21 
Event: 2.926 Thread 0x00000205c6da27c0 DEOPT PACKING pc=0x00000205b275c1a8 sp=0x000000e62c8f7740
Event: 2.926 Thread 0x00000205c6da27c0 DEOPT UNPACKING pc=0x00000205b1f446a2 sp=0x000000e62c8f7610 mode 2
Event: 2.929 Thread 0x00000205c6da27c0 Uncommon trap: trap_request=0xffffff45 fr.pc=0x00000205b284e448 relative=0x0000000000000228
Event: 2.929 Thread 0x00000205c6da27c0 Uncommon trap: reason=unstable_if action=reinterpret pc=0x00000205b284e448 method=java.util.HashMap.putVal(ILjava/lang/Object;Ljava/lang/Object;ZZ)Ljava/lang/Object; @ 162 c2
Event: 2.929 Thread 0x00000205c6da27c0 DEOPT PACKING pc=0x00000205b284e448 sp=0x000000e62c8f9290
Event: 2.929 Thread 0x00000205c6da27c0 DEOPT UNPACKING pc=0x00000205b1f446a2 sp=0x000000e62c8f91a0 mode 2
Event: 2.958 Thread 0x00000205c6da27c0 DEOPT PACKING pc=0x00000205aaac1ace sp=0x000000e62c8f7e60
Event: 2.958 Thread 0x00000205c6da27c0 DEOPT UNPACKING pc=0x00000205b1f44e42 sp=0x000000e62c8f7348 mode 0
Event: 2.959 Thread 0x00000205c6da27c0 DEOPT PACKING pc=0x00000205aaac1ace sp=0x000000e62c8f7e60
Event: 2.959 Thread 0x00000205c6da27c0 DEOPT UNPACKING pc=0x00000205b1f44e42 sp=0x000000e62c8f7348 mode 0
Event: 2.965 Thread 0x00000205c6da27c0 DEOPT PACKING pc=0x00000205aad870d3 sp=0x000000e62c8f8270
Event: 2.965 Thread 0x00000205c6da27c0 DEOPT UNPACKING pc=0x00000205b1f44e42 sp=0x000000e62c8f76e8 mode 0
Event: 2.991 Thread 0x00000205c6da34e0 DEOPT PACKING pc=0x00000205ab41b226 sp=0x000000e62d5fe0d0
Event: 2.991 Thread 0x00000205c6da34e0 DEOPT UNPACKING pc=0x00000205b1f44e42 sp=0x000000e62d5fd640 mode 0
Event: 3.000 Thread 0x00000205c6da27c0 Uncommon trap: trap_request=0xffffffcc fr.pc=0x00000205b29085c8 relative=0x0000000000000288
Event: 3.001 Thread 0x00000205c6da27c0 Uncommon trap: reason=intrinsic_or_type_checked_inlining action=make_not_entrant pc=0x00000205b29085c8 method=java.util.Arrays.copyOfRange([Ljava/lang/Object;IILjava/lang/Class;)[Ljava/lang/Object; @ 84 c2
Event: 3.001 Thread 0x00000205c6da27c0 DEOPT PACKING pc=0x00000205b29085c8 sp=0x000000e62c8f7a90
Event: 3.001 Thread 0x00000205c6da27c0 DEOPT UNPACKING pc=0x00000205b1f446a2 sp=0x000000e62c8f7a30 mode 2

Classes loaded (20 events):
Event: 2.855 Loading class java/lang/ClassCustomizer
Event: 2.855 Loading class java/lang/ClassCustomizer done
Event: 2.855 Loading class sun/reflect/generics/tree/BooleanSignature
Event: 2.855 Loading class sun/reflect/generics/tree/BooleanSignature done
Event: 2.855 Loading class sun/reflect/generics/reflectiveObjects/GenericArrayTypeImpl
Event: 2.855 Loading class sun/reflect/generics/reflectiveObjects/GenericArrayTypeImpl done
Event: 2.857 Loading class jdk/internal/vm/annotation/ForceInline
Event: 2.857 Loading class jdk/internal/vm/annotation/ForceInline done
Event: 2.934 Loading class java/util/BitSet$1BitSetSpliterator
Event: 2.934 Loading class java/util/BitSet$1BitSetSpliterator done
Event: 2.942 Loading class java/util/Collections$SynchronizedRandomAccessList
Event: 2.942 Loading class java/util/Collections$SynchronizedList
Event: 2.943 Loading class java/util/Collections$SynchronizedList done
Event: 2.943 Loading class java/util/Collections$SynchronizedRandomAccessList done
Event: 3.016 Loading class java/util/concurrent/atomic/AtomicReferenceFieldUpdater
Event: 3.016 Loading class java/util/concurrent/atomic/AtomicReferenceFieldUpdater done
Event: 3.016 Loading class java/util/concurrent/atomic/AtomicReferenceFieldUpdater$AtomicReferenceFieldUpdaterImpl
Event: 3.016 Loading class java/util/concurrent/atomic/AtomicReferenceFieldUpdater$AtomicReferenceFieldUpdaterImpl done
Event: 3.016 Loading class java/util/concurrent/atomic/AtomicReferenceFieldUpdater$AtomicReferenceFieldUpdaterImpl$1
Event: 3.016 Loading class java/util/concurrent/atomic/AtomicReferenceFieldUpdater$AtomicReferenceFieldUpdaterImpl$1 done

Classes unloaded (0 events):
No events

Classes redefined (0 events):
No events

Internal exceptions (20 events):
Event: 2.864 Thread 0x00000205c6da27c0 Exception <a 'java/lang/ClassNotFoundException'{0x000000008e43da30}: org/gradle/internal/service/ScopedServiceRegistryBeanInfo> (0x000000008e43da30) 
thrown [s\src\hotspot\share\classfile\systemDictionary.cpp, line 312]
Event: 2.864 Thread 0x00000205c6da27c0 Exception <a 'java/lang/ClassNotFoundException'{0x000000008e4519a8}: org/gradle/internal/service/DefaultServiceRegistryBeanInfo> (0x000000008e4519a8) 
thrown [s\src\hotspot\share\classfile\systemDictionary.cpp, line 312]
Event: 2.864 Thread 0x00000205c6da27c0 Exception <a 'java/lang/ClassNotFoundException'{0x000000008e465940}: org/gradle/internal/service/DefaultServiceRegistryCustomizer> (0x000000008e465940) 
thrown [s\src\hotspot\share\classfile\systemDictionary.cpp, line 312]
Event: 2.865 Thread 0x00000205c6da27c0 Exception <a 'java/lang/ClassNotFoundException'{0x000000008e488108}: org/gradle/internal/service/ScopedServiceRegistryCustomizer> (0x000000008e488108) 
thrown [s\src\hotspot\share\classfile\systemDictionary.cpp, line 312]
Event: 2.867 Thread 0x00000205c6da27c0 Exception <a 'java/lang/ClassNotFoundException'{0x000000008e4d1be0}: org/gradle/internal/extensibility/DefaultConventionBeanInfo> (0x000000008e4d1be0) 
thrown [s\src\hotspot\share\classfile\systemDictionary.cpp, line 312]
Event: 2.867 Thread 0x00000205c6da27c0 Exception <a 'java/lang/ClassNotFoundException'{0x000000008e4e5b90}: org/gradle/internal/extensibility/DefaultConventionCustomizer> (0x000000008e4e5b90) 
thrown [s\src\hotspot\share\classfile\systemDictionary.cpp, line 312]
Event: 2.872 Thread 0x00000205c6da27c0 Exception <a 'java/lang/ClassNotFoundException'{0x000000008e37c020}: com/intellij/gradle/toolingExtension/impl/modelBuilder/ExtraModelBuilderBeanInfo> (0x000000008e37c020) 
thrown [s\src\hotspot\share\classfile\systemDictionary.cpp, line 312]
Event: 2.872 Thread 0x00000205c6da27c0 Exception <a 'java/lang/ClassNotFoundException'{0x000000008e387d08}: com/intellij/gradle/toolingExtension/impl/modelBuilder/ExtraModelBuilderCustomizer> (0x000000008e387d08) 
thrown [s\src\hotspot\share\classfile\systemDictionary.cpp, line 312]
Event: 2.936 Thread 0x00000205c6da27c0 Exception <a 'java/lang/IncompatibleClassChangeError'{0x0000000086ca6ce8}: Found class java.lang.Object, but interface was expected> (0x0000000086ca6ce8) 
thrown [s\src\hotspot\share\interpreter\linkResolver.cpp, line 851]
Event: 2.939 Thread 0x00000205c6da27c0 Exception <a 'sun/nio/fs/WindowsException'{0x0000000086ccf978}> (0x0000000086ccf978) 
thrown [s\src\hotspot\share\prims\jni.cpp, line 535]
Event: 2.939 Thread 0x00000205c6da27c0 Exception <a 'sun/nio/fs/WindowsException'{0x0000000086cd1138}> (0x0000000086cd1138) 
thrown [s\src\hotspot\share\prims\jni.cpp, line 535]
Event: 2.939 Thread 0x00000205c6da27c0 Exception <a 'sun/nio/fs/WindowsException'{0x0000000086cd28b8}> (0x0000000086cd28b8) 
thrown [s\src\hotspot\share\prims\jni.cpp, line 535]
Event: 2.939 Thread 0x00000205c6da27c0 Exception <a 'sun/nio/fs/WindowsException'{0x0000000086cd3c60}> (0x0000000086cd3c60) 
thrown [s\src\hotspot\share\prims\jni.cpp, line 535]
Event: 2.940 Thread 0x00000205c6da27c0 Exception <a 'java/lang/NoSuchMethodError'{0x0000000086ce4878}: 'java.lang.Object java.lang.invoke.Invokers$Holder.invoker(java.lang.Object, java.lang.Object, java.lang.Object, java.lang.Object, java.lang.Object, java.lang.Object)'> (0x0000000086ce4878) 
thrown [s\src\hotspot\share\interpreter\linkResolver.cpp, line 784]
Event: 2.946 Thread 0x00000205c6da27c0 Exception <a 'java/lang/NoSuchMethodError'{0x0000000086bda2b0}: 'java.lang.Object java.lang.invoke.Invokers$Holder.invoker(java.lang.Object, java.lang.Object, java.lang.Object, java.lang.Object, java.lang.Object)'> (0x0000000086bda2b0) 
thrown [s\src\hotspot\share\interpreter\linkResolver.cpp, line 784]
Event: 2.947 Thread 0x00000205c6da27c0 Exception <a 'java/lang/NoSuchMethodError'{0x0000000086bfa9f0}: 'java.lang.Object java.lang.invoke.Invokers$Holder.invoker(java.lang.Object, java.lang.Object, java.lang.Object, java.lang.Object, java.lang.Object, java.lang.Object, java.lang.Object, java.lang.Object, java.lang.Object, java.lang.Object, java.lang.Object, java.lang.Object, java.lang.Object, java.lang.Object, java.lang.Object, java.lang.Object, java.lang.Object, java.lang.Object, java.lang.Object, java.lang.Object, java.lang.Object, java.lang.
Event: 2.947 Thread 0x00000205c6da27c0 Exception <a 'java/lang/NoSuchMethodError'{0x0000000086a01a00}: 'java.lang.Object java.lang.invoke.DelegatingMethodHandle$Holder.delegate(java.lang.Object, java.lang.Object, java.lang.Object, java.lang.Object, java.lang.Object, java.lang.Object, java.lang.Object, java.lang.Object, java.lang.Object, java.lang.Object, java.lang.Object, java.lang.Object, java.lang.Object, java.lang.Object, java.lang.Object, java.lang.Object, java.lang.Object, java.lang.Object, java.lang.Object, java.lang.Object, java.lang.Obj
Event: 3.041 Thread 0x00000205c6da27c0 Exception <a 'java/lang/NoSuchMethodError'{0x00000000866aac88}: 'java.lang.Object java.lang.invoke.DirectMethodHandle$Holder.newInvokeSpecial(java.lang.Object, java.lang.Object, java.lang.Object, java.lang.Object, java.lang.Object, java.lang.Object, java.lang.Object, java.lang.Object, java.lang.Object, java.lang.Object, java.lang.Object, java.lang.Object, java.lang.Object, java.lang.Object, java.lang.Object, java.lang.Object, java.lang.Object, java.lang.Object, java.lang.Object)'> (0x00000000866aac88) 
thr
Event: 3.041 Thread 0x00000205c6da27c0 Exception <a 'java/lang/NoSuchMethodError'{0x00000000866b18c0}: 'java.lang.Object java.lang.invoke.DirectMethodHandle$Holder.invokeSpecial(java.lang.Object, java.lang.Object, java.lang.Object, java.lang.Object, java.lang.Object, java.lang.Object, java.lang.Object, java.lang.Object, java.lang.Object, java.lang.Object, java.lang.Object, java.lang.Object, java.lang.Object, java.lang.Object, java.lang.Object, java.lang.Object, java.lang.Object, java.lang.Object, java.lang.Object, java.lang.Object)'> (0x0000000
Event: 3.041 Thread 0x00000205c6da27c0 Exception <a 'java/lang/NoSuchMethodError'{0x00000000866b73c0}: 'java.lang.Object java.lang.invoke.DelegatingMethodHandle$Holder.reinvoke_L(java.lang.Object, java.lang.Object, java.lang.Object, java.lang.Object, java.lang.Object, java.lang.Object, java.lang.Object, java.lang.Object, java.lang.Object, java.lang.Object, java.lang.Object, java.lang.Object, java.lang.Object, java.lang.Object, java.lang.Object, java.lang.Object, java.lang.Object, java.lang.Object, java.lang.Object)'> (0x00000000866b73c0) 
throw

ZGC Phase Switch (0 events):
No events

VM Operations (20 events):
Event: 2.533 Executing VM operation: ICBufferFull
Event: 2.533 Executing VM operation: ICBufferFull done
Event: 2.543 Executing VM operation: G1CollectForAllocation (G1 Evacuation Pause)
Event: 2.546 Executing VM operation: G1CollectForAllocation (G1 Evacuation Pause) done
Event: 2.678 Executing VM operation: HandshakeAllThreads (Deoptimize)
Event: 2.678 Executing VM operation: HandshakeAllThreads (Deoptimize) done
Event: 2.767 Executing VM operation: ICBufferFull
Event: 2.767 Executing VM operation: ICBufferFull done
Event: 2.835 Executing VM operation: G1CollectForAllocation (G1 Evacuation Pause)
Event: 2.838 Executing VM operation: G1CollectForAllocation (G1 Evacuation Pause) done
Event: 2.862 Executing VM operation: HandshakeAllThreads (Deoptimize)
Event: 2.862 Executing VM operation: HandshakeAllThreads (Deoptimize) done
Event: 2.873 Executing VM operation: G1TryInitiateConcMark (G1 Humongous Allocation)
Event: 2.875 Executing VM operation: G1TryInitiateConcMark (G1 Humongous Allocation) done
Event: 2.884 Executing VM operation: G1PauseRemark
Event: 2.886 Executing VM operation: G1PauseRemark done
Event: 2.894 Executing VM operation: G1PauseCleanup
Event: 2.894 Executing VM operation: G1PauseCleanup done
Event: 2.966 Executing VM operation: G1CollectForAllocation (G1 Evacuation Pause)
Event: 2.968 Executing VM operation: G1CollectForAllocation (G1 Evacuation Pause) done

Memory protections (0 events):
No events

Nmethod flushes (20 events):
Event: 2.885 Thread 0x00000205c03f30d0 flushing  nmethod 0x00000205aabfde10
Event: 2.885 Thread 0x00000205c03f30d0 flushing  nmethod 0x00000205aac9ca10
Event: 2.885 Thread 0x00000205c03f30d0 flushing  nmethod 0x00000205aac9ee10
Event: 2.885 Thread 0x00000205c03f30d0 flushing  nmethod 0x00000205aad31110
Event: 2.885 Thread 0x00000205c03f30d0 flushing  nmethod 0x00000205aadbec10
Event: 2.885 Thread 0x00000205c03f30d0 flushing  nmethod 0x00000205ab22e810
Event: 2.885 Thread 0x00000205c03f30d0 flushing  nmethod 0x00000205b2865590
Event: 2.885 Thread 0x00000205c03f30d0 flushing  nmethod 0x00000205aaad6490
Event: 2.885 Thread 0x00000205c03f30d0 flushing  nmethod 0x00000205aabef410
Event: 2.885 Thread 0x00000205c03f30d0 flushing  nmethod 0x00000205aabf3710
Event: 2.885 Thread 0x00000205c03f30d0 flushing  nmethod 0x00000205aac65690
Event: 2.885 Thread 0x00000205c03f30d0 flushing  nmethod 0x00000205aac69590
Event: 2.885 Thread 0x00000205c03f30d0 flushing  nmethod 0x00000205aacfdd90
Event: 2.885 Thread 0x00000205c03f30d0 flushing  nmethod 0x00000205aaf9cd90
Event: 2.885 Thread 0x00000205c03f30d0 flushing  nmethod 0x00000205aafffa10
Event: 2.885 Thread 0x00000205c03f30d0 flushing  nmethod 0x00000205ab001110
Event: 2.885 Thread 0x00000205c03f30d0 flushing  nmethod 0x00000205ab001610
Event: 2.885 Thread 0x00000205c03f30d0 flushing  nmethod 0x00000205ab005310
Event: 2.885 Thread 0x00000205c03f30d0 flushing  nmethod 0x00000205ab00e610
Event: 2.885 Thread 0x00000205c03f30d0 flushing  nmethod 0x00000205ab00f190

Events (20 events):
Event: 2.697 Thread 0x00000205c6da27c0 Thread added: 0x00000205c9769120
Event: 2.716 Thread 0x00000205c6da27c0 Thread added: 0x00000205c976b1f0
Event: 2.716 Thread 0x00000205c6da27c0 Thread added: 0x00000205c976a4d0
Event: 2.788 Thread 0x00000205c6da27c0 Thread added: 0x00000205c976c5a0
Event: 2.789 Thread 0x00000205c6da27c0 Thread added: 0x00000205c97697b0
Event: 2.789 Thread 0x00000205c6da27c0 Thread added: 0x00000205c976bf10
Event: 2.789 Thread 0x00000205c6da27c0 Thread added: 0x00000205c9769e40
Event: 2.789 Thread 0x00000205c6da27c0 Thread added: 0x00000205c976ab60
Event: 2.789 Thread 0x00000205c6da27c0 Thread added: 0x00000205c976b880
Event: 2.790 Thread 0x00000205c6da27c0 Thread added: 0x00000205c96b40d0
Event: 2.791 Thread 0x00000205c6da27c0 Thread added: 0x00000205c96b5b10
Event: 2.797 Thread 0x00000205c6da27c0 Thread added: 0x00000205c96b3a40
Event: 2.797 Thread 0x00000205c6da27c0 Thread added: 0x00000205c96b61a0
Event: 2.797 Thread 0x00000205c6da27c0 Thread added: 0x00000205c96b6830
Event: 2.797 Thread 0x00000205c6da27c0 Thread added: 0x00000205c96b7550
Event: 2.798 Thread 0x00000205c6da27c0 Thread added: 0x00000205c96b4df0
Event: 2.798 Thread 0x00000205c6da27c0 Thread added: 0x00000205c96b5480
Event: 2.798 Thread 0x00000205c6da27c0 Thread added: 0x00000205c96b6ec0
Event: 2.799 Thread 0x00000205c6da27c0 Thread added: 0x00000205c96b7be0
Event: 2.799 Thread 0x00000205c6da27c0 Thread added: 0x00000205c96b4760


Dynamic libraries:
0x00007ff7e5100000 - 0x00007ff7e510a000 	C:\Users\rosae\AppData\Local\Programs\Android Studio\jbr\bin\java.exe
0x00007ffce26a0000 - 0x00007ffce2900000 	C:\WINDOWS\SYSTEM32\ntdll.dll
0x00007ffce0a50000 - 0x00007ffce0b17000 	C:\WINDOWS\System32\KERNEL32.DLL
0x00007ffcdf930000 - 0x00007ffcdfcfb000 	C:\WINDOWS\System32\KERNELBASE.dll
0x00007ffce0130000 - 0x00007ffce027b000 	C:\WINDOWS\System32\ucrtbase.dll
0x00007ffccf590000 - 0x00007ffccf5ab000 	C:\Users\rosae\AppData\Local\Programs\Android Studio\jbr\bin\VCRUNTIME140.dll
0x00007ffccdeb0000 - 0x00007ffccdec8000 	C:\Users\rosae\AppData\Local\Programs\Android Studio\jbr\bin\jli.dll
0x00007ffce2480000 - 0x00007ffce264c000 	C:\WINDOWS\System32\USER32.dll
0x00007ffcc4300000 - 0x00007ffcc4597000 	C:\WINDOWS\WinSxS\amd64_microsoft.windows.common-controls_6595b64144ccf1df_6.0.26100.3624_none_3e086962e3345f24\COMCTL32.dll
0x00007ffcdfd00000 - 0x00007ffcdfd27000 	C:\WINDOWS\System32\win32u.dll
0x00007ffce14e0000 - 0x00007ffce1589000 	C:\WINDOWS\System32\msvcrt.dll
0x00007ffce10e0000 - 0x00007ffce110a000 	C:\WINDOWS\System32\GDI32.dll
0x00007ffcdfff0000 - 0x00007ffce0121000 	C:\WINDOWS\System32\gdi32full.dll
0x00007ffcdf880000 - 0x00007ffcdf923000 	C:\WINDOWS\System32\msvcp_win.dll
0x00007ffce22c0000 - 0x00007ffce22ef000 	C:\WINDOWS\System32\IMM32.DLL
0x00007ffcd7700000 - 0x00007ffcd770c000 	C:\Users\rosae\AppData\Local\Programs\Android Studio\jbr\bin\vcruntime140_1.dll
0x00007ffc5f140000 - 0x00007ffc5f1cd000 	C:\Users\rosae\AppData\Local\Programs\Android Studio\jbr\bin\msvcp140.dll
0x00007ffc2e290000 - 0x00007ffc2ef13000 	C:\Users\rosae\AppData\Local\Programs\Android Studio\jbr\bin\server\jvm.dll
0x00007ffce13d0000 - 0x00007ffce1483000 	C:\WINDOWS\System32\ADVAPI32.dll
0x00007ffce1590000 - 0x00007ffce1636000 	C:\WINDOWS\System32\sechost.dll
0x00007ffce12b0000 - 0x00007ffce13c6000 	C:\WINDOWS\System32\RPCRT4.dll
0x00007ffce1060000 - 0x00007ffce10d4000 	C:\WINDOWS\System32\WS2_32.dll
0x00007ffcde4f0000 - 0x00007ffcde54e000 	C:\WINDOWS\SYSTEM32\POWRPROF.dll
0x00007ffcd62c0000 - 0x00007ffcd62cb000 	C:\WINDOWS\SYSTEM32\VERSION.dll
0x00007ffcdc320000 - 0x00007ffcdc356000 	C:\WINDOWS\SYSTEM32\WINMM.dll
0x00007ffcde4d0000 - 0x00007ffcde4e4000 	C:\WINDOWS\SYSTEM32\UMPDC.dll
0x00007ffcde7b0000 - 0x00007ffcde7ca000 	C:\WINDOWS\SYSTEM32\kernel.appcore.dll
0x00007ffcd7550000 - 0x00007ffcd755a000 	C:\Users\rosae\AppData\Local\Programs\Android Studio\jbr\bin\jimage.dll
0x00007ffcdcce0000 - 0x00007ffcdcf21000 	C:\WINDOWS\SYSTEM32\DBGHELP.DLL
0x00007ffce1e00000 - 0x00007ffce2183000 	C:\WINDOWS\System32\combase.dll
0x00007ffce0d00000 - 0x00007ffce0dd6000 	C:\WINDOWS\System32\OLEAUT32.dll
0x00007ffc49060000 - 0x00007ffc49099000 	C:\WINDOWS\SYSTEM32\dbgcore.DLL
0x00007ffce0280000 - 0x00007ffce0319000 	C:\WINDOWS\System32\bcryptPrimitives.dll
0x00007ffcd9a90000 - 0x00007ffcd9a9e000 	C:\Users\rosae\AppData\Local\Programs\Android Studio\jbr\bin\instrument.dll
0x00007ffccf480000 - 0x00007ffccf4a0000 	C:\Users\rosae\AppData\Local\Programs\Android Studio\jbr\bin\java.dll
0x00007ffcce4c0000 - 0x00007ffcce4d8000 	C:\Users\rosae\AppData\Local\Programs\Android Studio\jbr\bin\zip.dll
0x00007ffce1640000 - 0x00007ffce1d69000 	C:\WINDOWS\System32\SHELL32.dll
0x00007ffcdfe80000 - 0x00007ffcdffe8000 	C:\WINDOWS\System32\wintypes.dll
0x00007ffcdd520000 - 0x00007ffcddd72000 	C:\WINDOWS\SYSTEM32\windows.storage.dll
0x00007ffce2300000 - 0x00007ffce23ed000 	C:\WINDOWS\System32\SHCORE.dll
0x00007ffce1d90000 - 0x00007ffce1df4000 	C:\WINDOWS\System32\shlwapi.dll
0x00007ffcdf790000 - 0x00007ffcdf7bf000 	C:\WINDOWS\SYSTEM32\profapi.dll
0x00007ffcd47e0000 - 0x00007ffcd47f0000 	C:\Users\rosae\AppData\Local\Programs\Android Studio\jbr\bin\net.dll
0x00007ffcd9670000 - 0x00007ffcd978d000 	C:\WINDOWS\SYSTEM32\WINHTTP.dll
0x00007ffcdecd0000 - 0x00007ffcded3a000 	C:\WINDOWS\system32\mswsock.dll
0x00007ffccded0000 - 0x00007ffccdee6000 	C:\Users\rosae\AppData\Local\Programs\Android Studio\jbr\bin\nio.dll
0x00007ffcce4b0000 - 0x00007ffcce4c0000 	C:\Users\rosae\AppData\Local\Programs\Android Studio\jbr\bin\verify.dll
0x00007ffcafba0000 - 0x00007ffcafbc7000 	C:\Users\rosae\.gradle\native\c067742578af261105cb4f569cf0c3c89f3d7b1fecec35dd04571415982c5e48\windows-amd64\native-platform.dll
0x00007ffc5cf80000 - 0x00007ffc5d0c4000 	C:\Users\rosae\.gradle\native\100fb08df4bc3b14c8652ba06237920a3bd2aa13389f12d3474272988ae205f9\windows-amd64\native-platform-file-events.dll
0x00007ffccf4b0000 - 0x00007ffccf4b9000 	C:\Users\rosae\AppData\Local\Programs\Android Studio\jbr\bin\management.dll
0x00007ffccf470000 - 0x00007ffccf47b000 	C:\Users\rosae\AppData\Local\Programs\Android Studio\jbr\bin\management_ext.dll
0x00007ffce04a0000 - 0x00007ffce04a8000 	C:\WINDOWS\System32\PSAPI.DLL
0x00007ffcdef70000 - 0x00007ffcdef8c000 	C:\WINDOWS\SYSTEM32\CRYPTSP.dll
0x00007ffcde710000 - 0x00007ffcde74a000 	C:\WINDOWS\system32\rsaenh.dll
0x00007ffcded70000 - 0x00007ffcded9b000 	C:\WINDOWS\SYSTEM32\USERENV.dll
0x00007ffcdf1b0000 - 0x00007ffcdf1d6000 	C:\WINDOWS\SYSTEM32\bcrypt.dll
0x00007ffcdef90000 - 0x00007ffcdef9c000 	C:\WINDOWS\SYSTEM32\CRYPTBASE.dll
0x00007ffcde1e0000 - 0x00007ffcde213000 	C:\WINDOWS\SYSTEM32\IPHLPAPI.DLL
0x00007ffce2650000 - 0x00007ffce265a000 	C:\WINDOWS\System32\NSI.dll
0x00007ffccfc10000 - 0x00007ffccfc19000 	C:\Users\rosae\AppData\Local\Programs\Android Studio\jbr\bin\extnet.dll
0x00007ffca0140000 - 0x00007ffca0148000 	C:\WINDOWS\system32\wshunix.dll

dbghelp: loaded successfully - version: 4.0.5 - missing functions: none
symbol engine: initialized successfully - sym options: 0x614 - pdb path: .;C:\Users\rosae\AppData\Local\Programs\Android Studio\jbr\bin;C:\WINDOWS\SYSTEM32;C:\WINDOWS\WinSxS\amd64_microsoft.windows.common-controls_6595b64144ccf1df_6.0.26100.3624_none_3e086962e3345f24;C:\Users\rosae\AppData\Local\Programs\Android Studio\jbr\bin\server;C:\Users\rosae\.gradle\native\c067742578af261105cb4f569cf0c3c89f3d7b1fecec35dd04571415982c5e48\windows-amd64;C:\Users\rosae\.gradle\native\100fb08df4bc3b14c8652ba06237920a3bd2aa13389f12d3474272988ae205f9\windows-amd64

VM Arguments:
jvm_args: --add-opens=java.base/java.util=ALL-UNNAMED --add-opens=java.base/java.lang=ALL-UNNAMED --add-opens=java.base/java.lang.invoke=ALL-UNNAMED --add-opens=java.prefs/java.util.prefs=ALL-UNNAMED --add-exports=jdk.compiler/com.sun.tools.javac.api=ALL-UNNAMED --add-exports=jdk.compiler/com.sun.tools.javac.util=ALL-UNNAMED --add-opens=java.base/java.nio.charset=ALL-UNNAMED --add-opens=java.base/java.net=ALL-UNNAMED --add-opens=java.base/java.util.concurrent.atomic=ALL-UNNAMED -Xmx2048m -Dfile.encoding=UTF-8 -Duser.country=BR -Duser.language=pt -Duser.variant -javaagent:C:\Users\rosae\.gradle\wrapper\dists\gradle-8.10.2-bin\a04bxjujx95o3nb99gddekhwo\gradle-8.10.2\lib\agents\gradle-instrumentation-agent-8.10.2.jar 
java_command: org.gradle.launcher.daemon.bootstrap.GradleDaemon 8.10.2
java_class_path (initial): C:\Users\rosae\.gradle\wrapper\dists\gradle-8.10.2-bin\a04bxjujx95o3nb99gddekhwo\gradle-8.10.2\lib\gradle-daemon-main-8.10.2.jar
Launcher Type: SUN_STANDARD

[Global flags]
     intx CICompilerCount                          = 12                                        {product} {ergonomic}
     uint ConcGCThreads                            = 3                                         {product} {ergonomic}
     uint G1ConcRefinementThreads                  = 13                                        {product} {ergonomic}
   size_t G1HeapRegionSize                         = 1048576                                   {product} {ergonomic}
    uintx GCDrainStackTargetSize                   = 64                                        {product} {ergonomic}
   size_t InitialHeapSize                          = 264241152                                 {product} {ergonomic}
   size_t MarkStackSize                            = 4194304                                   {product} {ergonomic}
   size_t MaxHeapSize                              = 2147483648                                {product} {command line}
   size_t MaxNewSize                               = 1287651328                                {product} {ergonomic}
   size_t MinHeapDeltaBytes                        = 1048576                                   {product} {ergonomic}
   size_t MinHeapSize                              = 8388608                                   {product} {ergonomic}
    uintx NonNMethodCodeHeapSize                   = 7602480                                {pd product} {ergonomic}
    uintx NonProfiledCodeHeapSize                  = 122027880                              {pd product} {ergonomic}
    uintx ProfiledCodeHeapSize                     = 122027880                              {pd product} {ergonomic}
    uintx ReservedCodeCacheSize                    = 251658240                              {pd product} {ergonomic}
     bool SegmentedCodeCache                       = true                                      {product} {ergonomic}
   size_t SoftMaxHeapSize                          = 2147483648                             {manageable} {ergonomic}
     bool UseCompressedOops                        = true                           {product lp64_product} {ergonomic}
     bool UseG1GC                                  = true                                      {product} {ergonomic}
     bool UseLargePagesIndividualAllocation        = false                                  {pd product} {ergonomic}

Logging:
Log output configuration:
 #0: stdout all=warning uptime,level,tags foldmultilines=false
 #1: stderr all=off uptime,level,tags foldmultilines=false

Environment Variables:
JAVA_HOME=C:\Program Files\Java\jdk-17\bin
PATH=C:\Program Files\Java\jdk-17\bin;C:\ProgramData\Oracle\Java\javapath;C:\Program Files\Common Files\Oracle\Java\javapath;C:\Program Files (x86)\Common Files\Oracle\Java\java8path;C:\Program Files (x86)\Common Files\Oracle\Java\javapath;C:\Windows\system32;C:\Windows;C:\Windows\System32\Wbem;C:\Windows\System32\WindowsPowerShell\v1.0\;C:\Windows\System32\OpenSSH\;C:\Program Files\dotnet\;C:\Program Files\nodejs\;C:\Program Files\MySQL\MySQL Server 8.0\bin;C:\Program Files\Docker\Docker\resources\bin;C:\Program Files (x86)\NVIDIA Corporation\PhysX\Common;C:\Program Files\Git\cmd;C:\WINDOWS\system32;C:\WINDOWS;C:\WINDOWS\System32\Wbem;C:\WINDOWS\System32\WindowsPowerShell\v1.0\;C:\WINDOWS\System32\OpenSSH\;C:\Program Files\NVIDIA Corporation\NVIDIA app\NvDLISR;C:\Program Files\Amazon\AWSCLIV2\;C:\Program Files\Java\jdk-17\bin;C:\Program Files\MySQL\MySQL Shell 8.0\bin\;C:\Users\rosae\AppData\Local\Microsoft\WindowsApps;C:\Users\rosae\AppData\Local\Programs\Microsoft VS Code\bin;C:\Users\rosae\AppData\Roaming\npm;C:\Users\rosae\AppData\Local\JetBrains\Toolbox\scripts;C:\Users\rosae\AppData\Local\Microsoft\WindowsApps;C:\Program Files\terraform;
USERNAME=rosae
OS=Windows_NT
PROCESSOR_IDENTIFIER=Intel64 Family 6 Model 183 Stepping 1, GenuineIntel
TMP=C:\Users\rosae\AppData\Local\Temp
TEMP=C:\Users\rosae\AppData\Local\Temp




Periodic native trim disabled

JNI global refs:
JNI global refs: 35, weak refs: 0

JNI global refs memory usage: 835, weak refs: 833

Process memory usage:
Resident Set Size: 351704K (2% of 16454352K total physical memory with 1844628K free physical memory)

OOME stack traces (most recent first):
Classloader memory used:
